2 33.1101
3 34.0772
4 34.0772
5 32.2259
6 29.7802
7 28.2242
8 28.2242
9 26.3979
10 25.6686
11 28.1672
12 28.8269
13 27.105
14 27.105
15 27.105
16 31.168
17 28.8502
18 29.9712
19 29.5085
20 25.9264
21 25.2378
22 25.6127
23 24.344
24 24.344
25 24.8615
26 24.8615
27 24.8615
28 27.4114
29 27.4114
30 27.0609
31 27.0609
32 24.8142
33 24.8142
34 20.6637
35 20.6637
36 23.0537
37 23.3736
38 23.0021
39 18.6622
40 18.6622
41 18.6622
42 18.6622
43 18.685
44 18.685
45 18.685
46 16.7532
47 15.7244
48 15.7244
49 15.7244
50 15.7244
51 15.2144
52 15.7813
53 13.6164
54 11.6215
55 11.7648
56 13.3692
57 11.6297
58 8.98862
59 8.75003
60 8.75003
61 8.30152
62 8.30152
63 8.30152
64 6.35988
65 8.03437
66 8.03437
67 9.38007
68 9.81752
69 9.86032
70 8.81024
71 8.81024
72 8.81024
73 5.93761
74 6.11347
75 6.31987
76 6.31987
77 6.31987
78 6.31987
79 5.50324
80 5.50324
81 4.80633
82 5.36485
83 5.36485
84 3.41332
85 4.77016
86 4.77016
87 3.68523
88 3.68523
89 0.817488
90 2.3988
91 2.3988
92 2.3988
93 2.80556
94 2.80556
95 3.3034
96 3.3034
97 3.3034
98 4.06172
99 3.71753
100 3.71753
101 3.71753
102 3.71753
103 3.71753
104 3.71753
105 3.34976
106 2.20311
107 2.20311
108 2.20311
109 2.20311
110 2.20311
111 2.20311
112 2.95873
113 2.95873
114 2.95873
115 2.95873
116 3.58367
117 3.58367
118 3.58367
119 3.58367
120 3.76987
121 3.76987
122 3.76987
123 3.76987
124 1.38982
125 1.38982
126 1.38982
127 3.03824
128 3.03824
129 2.60437
130 2.60437
131 5.18379
132 5.81882
133 4.23744
134 4.17527
135 1.35502
136 3.76636
137 6.38498
138 6.50704
139 7.94991
140 6.33954
141 6.90014
142 6.90014
143 4.98438
144 4.98438
145 4.98438
146 3.96762
147 5.13138
148 5.13138
149 5.74422
150 5.74422
151 5.0231
152 6.08658
153 5.03058
154 5.8884
155 5.8884
156 5.8884
157 5.8884
158 6.09849
159 5.87615
160 6.08643
161 3.79737
162 2.45566
163 2.45566
164 2.45566
165 2.45566
166 2.45566
167 3.98686
168 3.56106
169 3.56106
170 4.45385
171 5.83302
172 5.83302
173 9.25801
174 8.06532
175 8.06532
176 6.97334
177 5.67392
178 3.39228
179 4.55193
180 4.55193
181 4.55193
182 4.55193
183 4.55193
184 2.85441
185 2.85441
186 2.85441
187 3.8219
188 3.8219
189 3.8219
190 3.31152
191 3.31152
192 3.31152
193 3.31152
194 5.27294
195 4.78757
196 4.78757
197 4.78757
198 5.89273
199 5.89273
200 5.89273
201 5.89273
202 4.02914
203 4.02914
204 4.39396
205 4.39396
206 4.39396
207 4.39396
208 4.39396
209 4.39396
210 1.67263
211 1.67263
212 1.90784
213 1.90784
214 1.90784
215 1.90784
216 2.5451
217 2.5451
218 2.5451
219 2.5451
220 2.5451
221 2.5451
222 2.5451
223 2.86038
224 2.86038
225 2.86038
226 2.86038
227 2.86038
228 2.86038
229 2.86038
230 2.86038
231 2.86038
232 2.86038
233 2.86038
234 2.86038
235 2.86038
236 5.34966
237 4.9149
238 6.34316
239 6.34316
240 5.96373
241 5.00012
242 5.00012
243 5.87529
244 6.08243
245 6.08243
246 8.62381
247 8.62381
248 8.70408
249 6.59576
250 7.30486
251 7.30486
252 7.30486
253 7.30486
254 6.18641
255 6.18641
256 5.16247
257 4.64388
258 4.64388
259 4.64388
260 4.53922
261 4.53922
262 4.53922
263 7.84916
264 7.84916
265 7.84916
266 7.32554
267 9.84989
268 10.0551
269 10.0468
270 7.4872
271 6.52305
272 7.66171
273 7.66171
274 8.97233
275 6.67045
276 6.11457
277 6.11457
278 6.11457
279 6.11457
280 6.11457
281 6.54327
282 6.54327
283 6.06168
284 2.75944
285 3.4737
286 3.4737
287 3.4737
288 3.99388
289 1.86998
290 4.8548
291 6.61521
292 5.68657
293 5.68657
294 2.95681
295 2.95681
296 2.95681
297 2.95681
298 2.95681
299 2.95681
300 2.95681
301 2.95681
302 2.95681
303 2.95681
304 2.95681
305 1.63122
306 1.63122
307 1.59781
308 1.59781
309 1.59781
310 2.8062
311 2.60456
312 3.04003
313 5.76692
314 7.1073
315 5.98708
316 6.05309
317 6.05309
318 4.76092
319 5.64058
320 5.64058
321 4.73719
322 4.73719
323 2.39094
324 2.39094
325 2.39094
326 2.39094
327 5.03336
328 4.85266
329 4.85266
330 4.85266
331 5.16375
332 5.16375
333 6.55223
334 6.4756
335 6.4756
336 6.4756
337 5.53287
338 5.53287
339 5.72612
340 6.19751
341 4.72818
342 6.22625
343 6.22625
344 6.30625
345 6.30625
346 3.18435
347 2.34324
348 2.34324
349 2.34324
350 2.34324
351 4.68024
352 4.99842
353 2.3258
354 2.3258
355 2.3258
356 2.3258
357 2.3258
358 2.3258
359 3.55317
360 3.55317
361 4.45717
362 4.03503
363 4.03503
364 5.77797
365 5.77797
366 5.77797
367 4.67323
368 4.67323
369 4.67323
370 4.67323
371 4.67323
372 4.67323
373 2.90487
374 2.90487
375 2.90487
376 2.90487
377 2.90487
378 2.90487
379 2.90487
380 2.90487
381 2.90487
382 2.90487
383 1.88397
384 2.51763
385 2.51763
386 3.7641
387 3.7641
388 1.28662
389 1.28662
390 4.37552
391 5.35894
392 5.35894
393 5.75782
394 4.40244
395 6.19622
396 6.86453
397 6.86453
398 6.92136
399 6.92136
400 6.92136
401 8.18767
402 8.10754
403 8.10754
404 8.10754
405 6.11361
406 6.11361
407 10.0669
408 10.1813
409 9.91613
410 9.01356
411 8.78857
412 9.70716
413 9.27981
414 9.27981
415 9.07732
416 10.3167
417 9.26843
418 8.10931
419 8.10931
420 6.30214
421 6.30214
422 6.30214
423 6.11143
424 7.16389
425 7.38071
426 7.38071
427 7.62353
428 7.62353
429 7.62353
430 7.62353
431 6.024
432 5.35147
433 2.59907
434 3.10398
435 3.10398
436 3.69
437 3.69
438 3.84903
439 5.56351
440 7.32432
441 9.96825
442 9.83423
443 9.83423
444 9.83423
445 7.91177
446 7.81612
447 7.81612
448 9.10889
449 9.16742
450 6.70544
451 3.50406
452 3.04864
453 3.04864
454 4.22628
455 5.67995
456 3.95662
457 3.95662
458 3.95662
459 2.39349
460 2.39349
461 2.39349
462 1.78434
463 1.78434
464 1.78434
465 2.58823
466 1.51256
467 3.44641
468 3.44641
469 1.32752
470 4.73803
471 5.388
472 5.02178
473 5.7666
474 4.45725
475 4.45725
476 4.45725
477 4.45725
478 6.72516
479 9.95486
480 9.84906
481 9.87378
482 11.975
483 10.2004
484 10.2004
485 11.8634
486 10.8402
487 9.82966
488 10.7159
489 10.7159
490 12.202
491 11.3504
492 10.6748
493 12.0093
494 15.473
495 15.4527
496 13.5409
497 12.7265
498 12.7265
499 12.7265
500 14.4434
501 11.5281
502 11.6166
503 11.0354
504 9.92351
505 7.17284
506 6.35554
507 6.35554
508 6.35554
509 6.35554
510 7.77504
511 7.36552
512 10.2304
513 9.85174
514 9.85174
515 10.8345
516 9.20498
517 9.45694
518 7.44245
519 7.44245
520 7.44245
521 7.44245
522 7.44245
523 7.44245
524 8.215
525 8.92288
526 8.92288
527 8.92288
528 8.77049
529 8.77049
530 8.77049
531 9.72152
532 9.72152
533 9.90984
534 9.90984
535 9.55859
536 7.34473
537 7.34473
538 8.56988
539 8.56988
540 6.499
541 6.93291
542 6.93291
543 8.97287
544 7.1183
545 3.597
546 3.597
547 3.597
548 5.56451
549 5.56451
550 5.56451
551 5.56451
552 5.56451
553 5.56451
554 6.33179
555 6.33179
556 5.52118
557 5.52118
558 4.5632
559 4.5632
560 6.80011
561 4.17555
562 4.17555
563 4.13963
564 3.62293
565 5.5095
566 5.5095
567 3.38556
568 3.38556
569 3.38556
570 3.50917
571 3.50917
572 3.50917
573 6.03001
574 2.98383
575 3.99932
576 3.99932
577 4.02215
578 4.02215
579 4.02215
580 5.27539
581 4.90646
582 4.90646
583 3.66566
584 3.66566
585 3.66566
586 3.66566
587 2.18651
588 2.18651
589 2.97929
590 3.76539
591 3.76539
592 3.76539
593 3.76539
594 3.76539
595 3.76539
596 6.10848
597 6.10848
598 6.10848
599 5.6257
600 7.70101
601 7.70101
602 5.6751
603 5.6751
604 5.6751
605 5.93238
606 7.95087
607 7.95087
608 8.24906
609 6.94881
610 6.56718
611 8.10659
612 8.10659
613 7.79441
614 6.64608
615 7.73675
616 4.94115
617 4.94115
618 4.94115
619 4.94115
620 4.94115
621 6.18352
622 6.18352
623 6.18352
624 7.04399
625 7.04399
626 7.04399
627 5.6607
628 5.6607
629 5.6607
630 5.6607
631 4.93949
632 3.63135
633 3.63135
634 3.97251
635 5.11336
636 2.18773
637 2.18773
638 2.07848
639 3.04078
640 3.04078
641 3.04078
642 3.04078
643 3.04078
644 3.04078
645 3.04078
646 3.04078
647 3.04078
648 3.04078
649 3.04078
650 2.89522
651 4.96958
652 7.02542
653 7.02542
654 7.02542
655 7.02542
656 7.74287
657 7.74287
658 7.74287
659 7.74287
660 7.74287
661 7.74287
662 4.67518
663 4.33808
664 2.9219
665 3.02699
666 3.02699
667 3.02699
668 3.02699
669 3.02699
670 3.02699
671 3.02699
672 3.02699
673 3.02699
674 3.02699
675 5.49649
676 6.02229
677 5.94552
678 5.05721
679 5.05721
680 5.05721
681 4.19666
682 4.36967
683 4.36967
684 2.58988
685 2.58988
686 1.70438
687 1.70438
688 2.31776
689 2.31776
690 2.31776
691 2.31776
692 2.31776
693 2.31776
694 2.31776
695 2.31776
696 2.31776
697 2.31776
698 2.31776
699 2.31776
700 2.31776
701 2.87207
702 2.87207
703 5.21104
704 3.64404
705 3.64404
706 3.26561
707 1.97542
708 1.97542
709 1.97542
710 1.97542
711 4.65966
712 3.38845
713 3.06844
714 3.06844
715 4.66036
716 4.66036
717 2.83926
718 3.43425
719 5.91455
720 3.29617
721 1.99207
722 1.83
723 1.83
724 2.12962
725 2.12962
726 2.12962
727 2.12962
728 2.12962
729 2.12962
730 2.12962
731 2.12962
732 2.84299
733 2.84299
734 3.44875
735 5.45506
736 5.45506
737 5.71499
738 6.31174
739 7.95385
740 6.88486
741 7.79627
742 7.79627
743 7.79627
744 8.47588
745 6.95989
746 6.95989
747 8.6267
748 8.6267
749 8.83296
750 11.086
751 9.73078
752 9.73078
753 8.26451
754 6.94648
755 6.07128
756 7.15767
757 4.25097
758 4.55872
759 4.55872
760 4.55872
761 3.53272
762 3.53272
763 3.95921
764 4.74893
765 5.67501
766 6.46386
767 5.2306
768 4.59316
769 4.59316
770 5.10523
771 5.08696
772 6.40827
773 3.91842
774 2.58888
775 3.94415
776 3.94415
777 3.51158
778 3.51158
779 3.51158
780 3.51158
781 3.51158
782 4.86311
783 4.86311
784 6.73697
785 7.26299
786 4.90319
787 4.90319
788 6.65693
789 5.44308
790 5.44308
791 6.97069
792 6.97069
793 7.44878
794 6.12543
795 5.21988
796 5.21988
797 4.43392
798 4.43392
799 3.88199
800 4.90997
801 4.90997
802 4.17227
803 4.17227
804 1.74735
805 3.92844
806 2.95448
807 2.95448
808 2.95448
809 2.95448
810 2.95448
811 4.48646
812 6.24397
813 4.62293
814 4.62293
815 4.62293
816 4.62293
817 4.62639
818 4.7608
819 4.7608
820 4.79335
821 5.05856
822 5.05856
823 5.05856
824 5.05856
825 6.54319
826 6.54319
827 7.94621
828 4.52358
829 4.52358
830 5.56882
831 6.06195
832 6.31033
833 6.31033
834 5.29569
835 3.3522
836 3.3522
837 3.3522
838 2.92586
839 4.0895
840 5.3467
841 5.3467
842 5.96045
843 5.96045
844 5.96045
845 6.57104
846 4.05777
847 1.25988
848 3.89493
849 5.29065
850 4.52537
851 4.52537
852 4.52537
853 5.31182
854 5.31182
855 5.31182
856 5.31182
857 6.71195
858 4.90913
859 4.90913
860 5.69912
861 4.32402
862 4.32402
863 5.75397
864 8.61141
865 9.12027
866 9.12027
867 9.12027
868 9.12027
869 8.7683
870 8.7683
871 9.02756
872 9.02756
873 8.99972
874 8.99972
875 7.48931
876 7.48931
877 7.48931
878 7.11965
879 5.18003
880 3.25246
881 3.04548
882 2.96975
883 2.96975
884 2.96975
885 2.96975
886 4.77821
887 9.23122
888 8.83564
889 8.83564
890 7.86348
891 8.15851
892 5.84476
893 5.84476
894 5.97321
895 6.24583
896 6.24583
897 4.42256
898 4.42256
899 3.11796
900 3.11796
901 3.11796
902 3.11796
903 4.29253
904 4.29253
905 4.29253
906 3.2807
907 3.2807
908 2.54196
909 2.54196
910 2.54196
911 2.54196
912 2.54196
913 2.54196
914 2.54196
915 4.96425
916 4.49309
917 2.24026
918 2.24026
919 2.24026
920 2.24026
921 2.24026
922 2.84652
923 2.84652
924 2.84652
925 2.84652
926 4.48974
927 4.48974
928 3.98052
929 3.98052
930 3.98052
931 3.98052
932 3.98052
933 5.02015
934 6.10681
935 4.53428
936 4.53428
937 4.53428
938 4.53428
939 4.53428
940 3.27132
941 5.65412
942 2.20429
943 2.20429
944 2.20429
945 1.3995
946 4.60781
947 4.60781
948 5.57941
949 6.49212
950 7.22193
951 7.99895
952 8.93893
953 8.93893
954 6.86191
955 6.86191
956 6.86191
957 6.86191
958 6.86191
959 5.30765
960 5.30765
961 5.30765
962 5.30765
963 4.47109
964 3.07914
965 2.59154
966 2.59154
967 2.59154
968 5.13426
969 5.13426
970 5.13426
971 5.13426
972 5.13426
973 5.18399
974 2.58004
975 2.24419
976 2.24419
977 2.24419
978 3.81566
979 3.80013
980 2.13868
981 2.6501
982 2.6501
983 2.78516
984 2.78516
985 2.78516
986 2.78516
987 2.78516
988 2.78516
989 2.78516
990 2.78516
991 2.78516
992 2.78516
993 2.78516
994 2.78516
995 2.78516
996 2.78516
997 2.78516
998 2.78516
999 3.72155
1000 3.72155
