17.7359 18.0195 21.3779
17.5986 18.4505 22.6081
17.5986 18.4505 22.6081
19.2549 15.5773 20.618
17.9303 15.8525 17.7218
15.3181 17.3804 16.1208
15.3181 17.3804 16.1208
13.8655 15.816 15.9515
14.5663 16.2988 13.4553
17.1575 17.8231 13.4664
18.2736 17.0392 14.3781
19.3439 14.6285 12.1039
19.3439 14.6285 12.1039
19.3439 14.6285 12.1039
21.857 17.2678 13.9836
19.6598 14.5887 15.2642
22.5727 13.9828 13.9007
22.8016 12.6759 13.7898
21.0899 9.7831 11.4754
19.644 7.62596 13.8889
18.0816 9.61618 15.3816
16.2889 7.57076 16.4312
16.2889 7.57076 16.4312
15.9102 4.74294 18.5058
15.9102 4.74294 18.5058
15.9102 4.74294 18.5058
18.2018 3.48546 20.1973
18.2018 3.48546 20.1973
16.7644 5.62567 20.4841
16.7644 5.62567 20.4841
15.8142 7.18594 17.7206
15.8142 7.18594 17.7206
13.1536 4.65284 15.2421
13.1536 4.65284 15.2421
12.8029 7.27264 17.739
10.2704 5.88991 20.1532
12.2161 6.76671 18.2778
9.57658 4.55773 15.3556
9.57658 4.55773 15.3556
9.57658 4.55773 15.3556
9.57658 4.55773 15.3556
9.55144 6.88266 14.5096
9.55144 6.88266 14.5096
9.55144 6.88266 14.5096
6.55183 7.82177 13.2877
7.29757 8.60786 10.9502
7.29757 8.60786 10.9502
7.29757 8.60786 10.9502
7.29757 8.60786 10.9502
8.00643 6.50607 11.1825
8.24736 5.7594 12.1598
6.34414 2.81083 11.7157
4.59658 0.0064839 10.6738
4.67244 -0.177257 10.7957
1.98982 0.23509 13.2182
0.745152 0.800292 11.5782
-1.80081 -1.49238 8.67901
-4.02574 -0.516987 7.75172
-4.02574 -0.516987 7.75172
-2.5171 -3.50065 7.09401
-2.5171 -3.50065 7.09401
-2.5171 -3.50065 7.09401
-1.87724 -1.72455 5.82667
-2.97661 -1.76884 7.24998
-2.97661 -1.76884 7.24998
-2.59741 -3.6221 8.25345
-4.8261 -2.44046 8.19369
-5.21754 -1.46908 8.23681
-5.88786 -3.81688 5.32774
-5.88786 -3.81688 5.32774
-5.88786 -3.81688 5.32774
-4.24015 -2.85701 3.01892
-3.63582 -3.52406 3.42583
-2.17136 -2.83671 5.21335
-2.17136 -2.83671 5.21335
-2.17136 -2.83671 5.21335
-2.17136 -2.83671 5.21335
-2.74759 -3.50691 3.23078
-2.74759 -3.50691 3.23078
-0.451389 -2.14803 4.27587
1.66692 0.359778 5.08661
1.66692 0.359778 5.08661
-0.496371 -2.43187 2.34315
1.60417 -1.57831 4.20595
1.60417 -1.57831 4.20595
-0.788848 -2.90925 2.12012
-0.788848 -2.90925 2.12012
-0.281022 -0.50493 0.578239
-0.697759 1.72843 -1.50993
-0.697759 1.72843 -1.50993
-0.697759 1.72843 -1.50993
-0.63592 1.07816 -2.51084
-0.63592 1.07816 -2.51084
1.90997 1.47239 -2.25755
1.90997 1.47239 -2.25755
1.90997 1.47239 -2.25755
-0.468311 3.10764 -2.57311
0.849592 2.60494 -2.51246
0.849592 2.60494 -2.51246
0.849592 2.60494 -2.51246
0.849592 2.60494 -2.51246
0.849592 2.60494 -2.51246
0.849592 2.60494 -2.51246
1.96763 2.27458 -1.47499
1.66225 -0.282797 1.41798
1.66225 -0.282797 1.41798
1.66225 -0.282797 1.41798
1.66225 -0.282797 1.41798
1.66225 -0.282797 1.41798
1.66225 -0.282797 1.41798
0.27631 -1.68789 2.41429
0.27631 -1.68789 2.41429
0.27631 -1.68789 2.41429
0.27631 -1.68789 2.41429
1.08967 -2.33855 2.48726
1.08967 -2.33855 2.48726
1.08967 -2.33855 2.48726
1.08967 -2.33855 2.48726
1.05912 0.00684959 3.61803
1.05912 0.00684959 3.61803
1.05912 0.00684959 3.61803
1.05912 0.00684959 3.61803
0.551472 0.340885 1.22934
0.551472 0.340885 1.22934
0.551472 0.340885 1.22934
-0.582961 -0.408622 2.95365
-0.582961 -0.408622 2.95365
-1.10876 -0.482543 2.30663
-1.10876 -0.482543 2.30663
0.587939 -1.4484 4.94248
1.56785 -0.58465 5.57304
2.72955 1.15153 3.02975
3.20836 2.02046 1.74843
1.06646 -0.628625 -0.550968
2.95634 1.8206 -1.45977
5.55529 0.129489 -3.14483
2.55841 0.0743897 -5.98252
5.39031 1.79927 -5.55953
2.77698 4.49051 -3.50905
0.171457 4.64082 -5.10346
0.171457 4.64082 -5.10346
0.956907 2.09517 -4.42025
0.956907 2.09517 -4.42025
0.956907 2.09517 -4.42025
3.55369 -0.19106 -1.75407
4.22189 -1.91747 -2.19772
4.22189 -1.91747 -2.19772
4.66347 -1.77442 -2.84597
4.66347 -1.77442 -2.84597
3.49379 -0.477717 -3.57725
1.85916 2.47286 -5.24166
-0.0811427 2.78694 -4.18726
-2.46793 2.70379 -4.61217
-2.46793 2.70379 -4.61217
-2.46793 2.70379 -4.61217
-2.46793 2.70379 -4.61217
-1.45023 0.622076 -5.8908
0.185548 2.19342 -5.44826
1.43964 -0.792348 -5.8604
1.52209 -0.84062 -3.37589
-1.13445 -1.60845 -1.46839
-1.13445 -1.60845 -1.46839
-1.13445 -1.60845 -1.46839
-1.13445 -1.60845 -1.46839
-1.13445 -1.60845 -1.46839
-0.240416 0.306566 -3.96777
-1.36638 1.13567 -3.08616
-1.36638 1.13567 -3.08616
1.36995 3.41777 -2.50576
2.61062 2.62933 -4.50504
2.61062 2.62933 -4.50504
4.3265 4.12689 -7.0683
3.10793 4.44502 -5.96926
3.10793 4.44502 -5.96926
2.6807 1.57005 -6.24309
3.36237 -1.34181 -4.36892
2.74591 0.670102 -1.87576
1.66576 -1.68645 -3.88602
1.66576 -1.68645 -3.88602
1.66576 -1.68645 -3.88602
1.66576 -1.68645 -3.88602
1.66576 -1.68645 -3.88602
-0.881017 -0.409262 -2.68402
-0.881017 -0.409262 -2.68402
-0.881017 -0.409262 -2.68402
-0.393785 0.6289 -3.74918
-0.393785 0.6289 -3.74918
-0.393785 0.6289 -3.74918
0.945921 2.13966 -2.34377
0.945921 2.13966 -2.34377
0.945921 2.13966 -2.34377
0.945921 2.13966 -2.34377
0.364488 0.895793 -5.1835
0.525608 3.3432 -3.38639
0.525608 3.3432 -3.38639
0.525608 3.3432 -3.38639
-2.21839 0.697988 -5.41441
-2.21839 0.697988 -5.41441
-2.21839 0.697988 -5.41441
-2.21839 0.697988 -5.41441
-1.17796 0.536662 -3.81555
-1.17796 0.536662 -3.81555
0.421526 3.14725 -3.03711
0.421526 3.14725 -3.03711
0.421526 3.14725 -3.03711
0.421526 3.14725 -3.03711
0.421526 3.14725 -3.03711
0.421526 3.14725 -3.03711
0.261154 1.21981 -1.11425
0.261154 1.21981 -1.11425
-0.761221 1.12839 1.33685
-0.761221 1.12839 1.33685
-0.761221 1.12839 1.33685
-0.761221 1.12839 1.33685
1.92144 0.772972 -1.47923
1.92144 0.772972 -1.47923
1.92144 0.772972 -1.47923
1.92144 0.772972 -1.47923
1.92144 0.772972 -1.47923
1.92144 0.772972 -1.47923
1.92144 0.772972 -1.47923
-0.299071 1.45227 -2.44607
-0.299071 1.45227 -2.44607
-0.299071 1.45227 -2.44607
-0.299071 1.45227 -2.44607
-0.299071 1.45227 -2.44607
-0.299071 1.45227 -2.44607
-0.299071 1.45227 -2.44607
-0.299071 1.45227 -2.44607
-0.299071 1.45227 -2.44607
-0.299071 1.45227 -2.44607
-0.299071 1.45227 -2.44607
-0.299071 1.45227 -2.44607
-0.299071 1.45227 -2.44607
0.0273888 3.64724 -3.91353
2.13282 2.76138 -3.46151
1.59143 2.90857 -5.4077
1.59143 2.90857 -5.4077
-1.20337 4.46022 -3.77153
1.1133 2.1437 -4.37793
1.1133 2.1437 -4.37793
0.316359 4.89777 -3.22968
2.05887 3.83642 -4.24722
2.05887 3.83642 -4.24722
2.64365 6.59697 -4.88479
2.64365 6.59697 -4.88479
1.9695 5.99717 -5.993
1.00862 4.65077 -4.56696
-1.64991 2.82537 -6.53116
-1.64991 2.82537 -6.53116
-1.64991 2.82537 -6.53116
-1.64991 2.82537 -6.53116
-1.14941 0.82025 -6.0231
-1.14941 0.82025 -6.0231
0.536033 -0.318219 -5.12469
-1.10992 -0.334521 -4.49686
-1.10992 -0.334521 -4.49686
-1.10992 -0.334521 -4.49686
0.744397 -3.141 -3.19132
0.744397 -3.141 -3.19132
0.744397 -3.141 -3.19132
3.08895 -5.4054 -4.7801
3.08895 -5.4054 -4.7801
3.08895 -5.4054 -4.7801
5.98359 -3.7969 -1.85573
8.50053 -2.00169 -4.55571
7.6103 -0.0877194 -6.57127
4.61245 1.10548 -8.85667
2.82641 -1.18861 -6.83058
3.36225 -3.51142 -4.34918
4.03741 -4.14522 -5.02177
4.03741 -4.14522 -5.02177
3.91077 -1.92629 -7.84206
1.84491 -3.92375 -5.06906
0.243723 -1.88418 -5.81193
0.243723 -1.88418 -5.81193
0.243723 -1.88418 -5.81193
0.243723 -1.88418 -5.81193
0.243723 -1.88418 -5.81193
-2.72335 -2.40606 -5.44138
-2.72335 -2.40606 -5.44138
-4.43218 -2.89967 -2.94817
-2.09352 -0.318294 -1.76929
-0.626895 -0.996164 -3.26822
-0.626895 -0.996164 -3.26822
-0.626895 -0.996164 -3.26822
0.0581039 -1.89128 -3.51721
0.369127 -1.58229 -0.925717
3.0101 -1.97993 -3.25397
2.79755 0.803713 -5.94043
2.93132 1.45359 -4.65097
2.93132 1.45359 -4.65097
0.156667 1.78293 -2.35359
0.156667 1.78293 -2.35359
0.156667 1.78293 -2.35359
0.156667 1.78293 -2.35359
0.156667 1.78293 -2.35359
0.156667 1.78293 -2.35359
0.156667 1.78293 -2.35359
0.156667 1.78293 -2.35359
0.156667 1.78293 -2.35359
0.156667 1.78293 -2.35359
0.156667 1.78293 -2.35359
0.936725 -0.991104 -0.895061
0.936725 -0.991104 -0.895061
0.781336 -0.222099 -1.37593
0.781336 -0.222099 -1.37593
0.781336 -0.222099 -1.37593
-2.09304 -1.73646 0.691825
0.447659 -2.52662 -0.446657
-1.24771 -1.17047 2.51297
-3.11872 -0.207775 4.84641
-2.9202 -2.22835 6.08446
-1.85201 -1.37874 5.52397
0.173895 -0.727964 6.00664
0.173895 -0.727964 6.00664
2.84487 1.54296 3.49176
-0.0849229 -0.290065 5.63248
-0.0849229 -0.290065 5.63248
2.1205 -0.667745 4.18313
2.1205 -0.667745 4.18313
0.398144 -0.965942 2.15059
0.398144 -0.965942 2.15059
0.398144 -0.965942 2.15059
0.398144 -0.965942 2.15059
-1.73684 -0.465973 4.70116
-1.35678 0.91391 4.56861
-1.35678 0.91391 4.56861
-1.35678 0.91391 4.56861
1.14322 1.8946 4.6656
1.14322 1.8946 4.6656
0.31147 4.50466 4.74792
2.98161 3.70597 4.39422
2.98161 3.70597 4.39422
2.98161 3.70597 4.39422
0.560223 3.23651 4.45239
0.560223 3.23651 4.45239
2.63706 1.55737 4.83828
1.92693 1.26852 5.75213
2.57313 -1.69916 3.58434
0.6609 -1.31264 6.05032
0.6609 -1.31264 6.05032
-1.167 -3.29591 5.24823
-1.167 -3.29591 5.24823
-1.10121 -0.387716 2.96262
-0.809092 1.23927 1.81669
-0.809092 1.23927 1.81669
-0.809092 1.23927 1.81669
-0.809092 1.23927 1.81669
-2.03792 -1.26473 4.01895
-0.762378 -1.33374 4.75648
0.00218274 0.900398 2.14445
0.00218274 0.900398 2.14445
0.00218274 0.900398 2.14445
0.00218274 0.900398 2.14445
0.00218274 0.900398 2.14445
0.00218274 0.900398 2.14445
-0.609374 -1.25239 3.26882
-0.609374 -1.25239 3.26882
1.1452 0.686789 4.25243
1.41549 -2.24519 3.03924
1.41549 -2.24519 3.03924
0.87209 -3.21547 4.72071
0.87209 -3.21547 4.72071
0.87209 -3.21547 4.72071
0.728171 -1.72256 4.28271
0.728171 -1.72256 4.28271
0.728171 -1.72256 4.28271
0.728171 -1.72256 4.28271
0.728171 -1.72256 4.28271
0.728171 -1.72256 4.28271
-0.857338 0.108307 2.77335
-0.857338 0.108307 2.77335
-0.857338 0.108307 2.77335
-0.857338 0.108307 2.77335
-0.857338 0.108307 2.77335
-0.857338 0.108307 2.77335
-0.857338 0.108307 2.77335
-0.857338 0.108307 2.77335
-0.857338 0.108307 2.77335
-0.857338 0.108307 2.77335
-0.687264 0.259557 1.73483
-0.552909 -1.5947 1.86806
-0.552909 -1.5947 1.86806
-0.602709 -0.0436343 3.71528
-0.602709 -0.0436343 3.71528
-0.267772 -0.298275 1.22259
-0.267772 -0.298275 1.22259
-2.30245 -2.2136 2.99062
0.657769 0.698265 5.27238
0.657769 0.698265 5.27238
-2.07416 -0.4821 5.34957
-2.13112 -1.95782 3.31764
0.177028 0.388222 6.18152
1.3981 -0.95509 6.65243
1.3981 -0.95509 6.65243
3.59025 -2.44041 5.3907
3.59025 -2.44041 5.3907
3.59025 -2.44041 5.3907
1.05151 -3.53147 7.31171
2.14683 -5.24698 5.79591
2.14683 -5.24698 5.79591
2.14683 -5.24698 5.79591
2.46451 -3.90333 4.00831
2.46451 -3.90333 4.00831
3.9807 -6.25666 6.80821
2.07988 -7.37994 6.6985
-0.655755 -8.47499 5.10629
2.17287 -6.71606 5.60513
-0.23407 -5.53283 6.82437
0.543783 -2.63771 9.32608
-1.19066 -1.67585 9.04923
-1.19066 -1.67585 9.04923
-3.99346 -0.475145 8.13783
-6.00228 -1.81 8.1933
-6.46675 0.491866 6.62141
-4.81173 0.59269 6.50052
-4.81173 0.59269 6.50052
-3.15555 2.14895 5.01412
-3.15555 2.14895 5.01412
-3.15555 2.14895 5.01412
-1.5594 1.83098 5.6183
-0.901595 1.55376 6.93501
0.469087 0.786269 7.3237
0.469087 0.786269 7.3237
3.24628 0.255806 6.89307
3.24628 0.255806 6.89307
3.24628 0.255806 6.89307
3.24628 0.255806 6.89307
1.19933 0.0366773 5.90329
-0.94461 -1.58858 5.02219
0.423507 -0.263208 2.55079
-0.780728 0.153332 3.00028
-0.780728 0.153332 3.00028
2.18356 0.947193 2.81975
2.18356 0.947193 2.81975
0.86254 1.87807 3.24714
-1.14123 -0.577771 5.41446
-0.890517 -0.997949 7.20116
-2.1069 -0.889415 9.70237
-1.7158 -3.34341 9.08789
-1.7158 -3.34341 9.08789
-1.7158 -3.34341 9.08789
0.0561522 -0.817832 7.86919
-2.93059 -2.97358 6.60766
-2.93059 -2.97358 6.60766
-5.4725 -1.20756 7.18091
-2.89627 -2.24706 8.40262
-3.36249 -0.245153 5.79625
-0.413298 -1.76745 2.99729
1.67609 -1.31532 2.18056
1.67609 -1.31532 2.18056
-0.0339871 -0.889628 4.13145
-1.58304 0.952205 5.37114
0.647507 2.91521 2.5956
0.647507 2.91521 2.5956
0.647507 2.91521 2.5956
-1.64673 0.849608 1.515
-1.64673 0.849608 1.515
-1.64673 0.849608 1.515
0.536511 -1.14379 -1.26007
0.536511 -1.14379 -1.26007
0.536511 -1.14379 -1.26007
-2.30905 1.026 0.560835
-1.29669 0.370289 0.685079
0.370255 1.79048 2.92144
0.370255 1.79048 2.92144
0.968238 0.236209 0.876948
0.117292 2.78053 3.83456
2.34032 2.84771 3.92989
1.5917 3.23696 3.49383
-0.153082 0.986584 5.67952
0.0777835 -0.0213914 4.45652
0.0777835 -0.0213914 4.45652
0.0777835 -0.0213914 4.45652
0.0777835 -0.0213914 4.45652
-2.73878 -2.38795 5.65903
-4.9056 0.440188 8.65104
-6.59222 -1.52532 7.15682
-6.90277 1.04772 6.9818
-9.12352 1.05913 7.68377
-6.56445 1.94064 7.56243
-6.56445 1.94064 7.56243
-6.24328 -0.426974 10.0786
-7.02129 -1.11284 8.18377
-7.32803 -2.71639 5.96183
-7.407 -1.85088 7.51931
-7.407 -1.85088 7.51931
-9.54106 0.0384493 7.60623
-10.2622 -0.811377 4.78135
-10.0288 -0.255872 3.64826
-10.132 -2.64771 5.87828
-12.9523 -1.9706 8.23225
-10.8299 -1.48504 10.9222
-8.63453 -1.18736 10.363
-6.05954 0.935758 11.1521
-6.05954 0.935758 11.1521
-6.05954 0.935758 11.1521
-4.36479 0.0623405 13.7679
-2.17573 -2.60574 11.017
-1.544 -4.34 10.6642
-2.59369 -3.84919 10.0118
-2.14028 -4.47213 8.59624
-0.122783 -2.6581 6.66101
1.4391 -0.929462 6.12029
1.4391 -0.929462 6.12029
1.4391 -0.929462 6.12029
1.4391 -0.929462 6.12029
-0.426805 -2.65465 7.29534
1.47661 -4.16359 5.89364
3.85329 -6.17256 7.19121
6.08 -6.39082 4.38723
6.08 -6.39082 4.38723
6.95985 -7.52277 3.51507
6.71973 -5.49286 3.06682
3.8682 -6.96499 5.09506
5.05416 -4.41871 3.21256
5.05416 -4.41871 3.21256
5.05416 -4.41871 3.21256
5.05416 -4.41871 3.21256
5.05416 -4.41871 3.21256
5.05416 -4.41871 3.21256
4.273 -6.53946 2.54226
1.96093 -7.98522 3.46538
1.96093 -7.98522 3.46538
1.96093 -7.98522 3.46538
-0.27315 -7.06486 5.18985
-0.27315 -7.06486 5.18985
-0.27315 -7.06486 5.18985
1.77325 -7.98146 5.25926
1.77325 -7.98146 5.25926
1.86617 -9.20536 3.15968
1.86617 -9.20536 3.15968
0.124374 -7.35669 6.10166
3.03094 -5.08836 4.34362
3.03094 -5.08836 4.34362
1.75623 -7.69622 3.33565
1.75623 -7.69622 3.33565
-1.17905 -5.47592 3.29563
-2.90161 -4.73341 4.15219
-2.90161 -4.73341 4.15219
-2.62688 -4.76535 7.13466
-2.24309 -3.04992 6.02799
-0.353616 -1.67972 3.16099
-0.353616 -1.67972 3.16099
-0.353616 -1.67972 3.16099
-1.87079 -0.608654 5.20514
-1.87079 -0.608654 5.20514
-1.87079 -0.608654 5.20514
-1.87079 -0.608654 5.20514
-1.87079 -0.608654 5.20514
-1.87079 -0.608654 5.20514
-2.73087 -3.25749 4.69284
-2.73087 -3.25749 4.69284
-1.80411 -0.819927 5.15329
-1.80411 -0.819927 5.15329
-1.92485 1.59602 3.81713
-1.92485 1.59602 3.81713
0.590381 1.41437 6.62514
-0.634944 1.76401 3.731
-0.634944 1.76401 3.731
1.8635 2.28993 2.90174
2.71703 -0.289495 2.37898
1.75041 -1.22032 5.07951
1.75041 -1.22032 5.07951
0.178669 1.33762 3.10497
0.178669 1.33762 3.10497
0.178669 1.33762 3.10497
-1.7569 -1.41393 2.68856
-1.7569 -1.41393 2.68856
-1.7569 -1.41393 2.68856
-3.20981 -1.31279 4.93303
-1.04714 -0.548931 2.7396
1.68109 -1.5228 3.29387
1.68109 -1.5228 3.29387
1.28511 -1.63442 3.44308
1.28511 -1.63442 3.44308
1.28511 -1.63442 3.44308
-1.67583 -0.468793 4.98012
0.0575117 -1.54944 4.65503
0.0575117 -1.54944 4.65503
-0.927183 -1.12777 3.36237
-0.927183 -1.12777 3.36237
-0.927183 -1.12777 3.36237
-0.927183 -1.12777 3.36237
1.26296 0.758513 1.61568
1.26296 0.758513 1.61568
-1.09845 -0.708532 2.67723
-1.98716 -2.11897 2.39568
-1.98716 -2.11897 2.39568
-1.98716 -2.11897 2.39568
-1.98716 -2.11897 2.39568
-1.98716 -2.11897 2.39568
-1.98716 -2.11897 2.39568
-0.487678 -3.04675 5.27191
-0.487678 -3.04675 5.27191
-0.487678 -3.04675 5.27191
2.33077 -1.00244 5.02107
1.83352 -0.325312 7.47248
1.83352 -0.325312 7.47248
0.633371 1.49282 5.43848
0.633371 1.49282 5.43848
0.633371 1.49282 5.43848
2.82141 0.205221 5.21447
3.85885 1.22355 6.84314
3.85885 1.22355 6.84314
2.86302 3.55709 6.87002
1.25949 2.83472 6.21805
0.401305 0.240934 6.55048
-1.40583 -0.725064 7.95077
-1.40583 -0.725064 7.95077
1.29488 1.24231 7.58504
0.234909 3.84346 5.41692
-1.36778 3.74672 6.62938
1.60017 1.4876 4.43187
1.60017 1.4876 4.43187
1.60017 1.4876 4.43187
1.60017 1.4876 4.43187
1.60017 1.4876 4.43187
2.26734 2.25401 5.29288
2.26734 2.25401 5.29288
2.26734 2.25401 5.29288
-0.0752711 2.17867 6.69817
-0.0752711 2.17867 6.69817
-0.0752711 2.17867 6.69817
0.620329 -0.509648 5.60348
0.620329 -0.509648 5.60348
0.620329 -0.509648 5.60348
0.620329 -0.509648 5.60348
1.35849 -0.142594 4.74687
-0.533688 0.392659 3.57039
-0.533688 0.392659 3.57039
-2.62942 0.894069 2.84036
-2.55542 1.82244 4.0367
-1.2055 0.303425 1.80025
-1.2055 0.303425 1.80025
0.830893 -1.50801 -1.1643
1.68802 0.144191 -2.52511
1.68802 0.144191 -2.52511
1.68802 0.144191 -2.52511
1.68802 0.144191 -2.52511
1.68802 0.144191 -2.52511
1.68802 0.144191 -2.52511
1.68802 0.144191 -2.52511
1.68802 0.144191 -2.52511
1.68802 0.144191 -2.52511
1.68802 0.144191 -2.52511
1.68802 0.144191 -2.52511
0.281308 2.39689 -1.59939
-1.04977 4.66658 -1.34824
0.114085 6.3956 -2.90515
0.114085 6.3956 -2.90515
0.114085 6.3956 -2.90515
0.114085 6.3956 -2.90515
-1.14768 6.45037 -4.12646
-1.14768 6.45037 -4.12646
-1.14768 6.45037 -4.12646
-1.14768 6.45037 -4.12646
-1.14768 6.45037 -4.12646
-1.14768 6.45037 -4.12646
1.419 3.55748 -2.68105
3.74218 1.40144 -1.68848
2.38028 1.62951 -0.465272
0.588124 0.0764667 -2.96832
0.588124 0.0764667 -2.96832
0.588124 0.0764667 -2.96832
0.588124 0.0764667 -2.96832
0.588124 0.0764667 -2.96832
0.588124 0.0764667 -2.96832
0.588124 0.0764667 -2.96832
0.588124 0.0764667 -2.96832
0.588124 0.0764667 -2.96832
0.588124 0.0764667 -2.96832
0.488243 -2.83356 -4.68444
2.64318 -0.144227 -5.40932
3.84722 -0.787563 -4.46407
4.52251 1.60681 -1.5939
4.52251 1.60681 -1.5939
4.52251 1.60681 -1.5939
3.20474 0.910575 -2.55196
0.703593 0.299923 -4.30221
0.703593 0.299923 -4.30221
1.71571 -0.921874 -1.70704
1.71571 -0.921874 -1.70704
0.631812 -1.53749 -0.376638
0.631812 -1.53749 -0.376638
-1.24434 0.0162623 -1.95535
-1.24434 0.0162623 -1.95535
-1.24434 0.0162623 -1.95535
-1.24434 0.0162623 -1.95535
-1.24434 0.0162623 -1.95535
-1.24434 0.0162623 -1.95535
-1.24434 0.0162623 -1.95535
-1.24434 0.0162623 -1.95535
-1.24434 0.0162623 -1.95535
-1.24434 0.0162623 -1.95535
-1.24434 0.0162623 -1.95535
-1.24434 0.0162623 -1.95535
-1.24434 0.0162623 -1.95535
-1.67168 -0.00058136 -2.33545
-1.67168 -0.00058136 -2.33545
-1.47927 0.050274 -4.99642
0.240193 -2.39921 -2.73224
0.240193 -2.39921 -2.73224
1.59721 -0.154507 -2.84416
0.248775 -0.351851 -1.92785
0.248775 -0.351851 -1.92785
0.248775 -0.351851 -1.92785
0.248775 -0.351851 -1.92785
0.826108 -0.413712 -4.56715
-1.16544 2.14327 -2.35154
1.60728 0.965917 -2.42878
1.60728 0.965917 -2.42878
3.12849 -0.118232 -3.45218
3.12849 -0.118232 -3.45218
1.42154 0.670179 -2.36463
-0.195269 -1.01061 -3.27637
-1.55649 -1.70288 -5.44605
-0.826345 -1.32834 -2.90127
-1.05378 1.27755 -1.10714
-0.189356 0.478437 1.75618
-0.189356 0.478437 1.75618
0.649338 -0.697674 1.90444
0.649338 -0.697674 1.90444
0.649338 -0.697674 1.90444
0.649338 -0.697674 1.90444
0.649338 -0.697674 1.90444
0.649338 -0.697674 1.90444
0.649338 -0.697674 1.90444
0.649338 -0.697674 1.90444
0.893048 0.784918 2.58243
0.893048 0.784918 2.58243
2.50278 0.995704 2.15373
3.73229 -1.09293 3.82533
3.73229 -1.09293 3.82533
1.09518 -1.02392 5.51482
-1.1653 -1.09094 6.10656
-2.63726 1.26761 7.39607
-3.05314 0.393657 6.1583
-0.105042 -1.58225 7.6333
-0.105042 -1.58225 7.6333
-0.105042 -1.58225 7.6333
-0.575079 -0.930038 8.40505
-0.962606 1.63654 6.69591
-0.962606 1.63654 6.69591
-0.506109 1.67038 8.44829
-0.506109 1.67038 8.44829
-1.92447 -1.29175 8.52344
-4.58333 -0.362833 10.0876
-2.19381 -2.86141 9.03813
-2.19381 -2.86141 9.03813
-1.52259 -4.20385 6.95065
1.31643 -2.24686 6.43989
-1.01953 -4.24262 4.22152
-2.31619 -1.56347 6.58962
-0.351319 -1.33886 4.0193
0.875338 0.650017 4.42642
0.875338 0.650017 4.42642
0.875338 0.650017 4.42642
0.569148 -2.1478 2.74648
0.569148 -2.1478 2.74648
1.18873 -2.72501 2.61469
3.3143 -1.04297 3.23728
4.49132 -2.15392 2.71927
2.486 -4.1791 4.25869
-0.154963 -1.63874 4.96485
1.18117 -1.44216 4.19787
1.18117 -1.44216 4.19787
3.59743 -0.0337987 3.62225
2.59002 2.16134 3.80756
2.19767 3.93863 4.55229
0.261171 0.962725 3.78933
0.905746 -1.35488 2.01153
-0.944141 -3.05331 2.31133
-0.944141 -3.05331 2.31133
1.10067 -2.98665 1.48311
1.10067 -2.98665 1.48311
1.10067 -2.98665 1.48311
1.10067 -2.98665 1.48311
1.10067 -2.98665 1.48311
2.34912 -3.52631 2.38677
2.34912 -3.52631 2.38677
1.51123 -4.49876 4.78165
0.564189 -1.75352 7.02552
-1.03725 -2.34826 4.17745
-1.03725 -2.34826 4.17745
-3.73747 -0.51965 5.48416
-3.23452 -3.47799 2.65869
-3.23452 -3.47799 2.65869
-1.27757 -5.77963 3.68161
-1.27757 -5.77963 3.68161
-1.09849 -3.79873 6.31247
0.81258 -4.84522 3.65848
1.01908 -2.27569 4.58583
1.01908 -2.27569 4.58583
3.86038 -0.12573 2.17746
3.86038 -0.12573 2.17746
3.16365 -0.392341 2.21523
1.24903 -2.0871 4.26517
1.24903 -2.0871 4.26517
-1.08646 -2.67528 3.0117
-1.08646 -2.67528 3.0117
-0.31021 -1.5817 0.674724
-1.91897 0.125305 3.42557
0.764489 1.58199 2.37525
0.764489 1.58199 2.37525
0.764489 1.58199 2.37525
0.764489 1.58199 2.37525
0.764489 1.58199 2.37525
-0.916921 -1.17289 4.23225
0.182247 -4.0102 4.78249
0.174635 -1.48468 4.37455
0.174635 -1.48468 4.37455
0.174635 -1.48468 4.37455
0.174635 -1.48468 4.37455
-0.654275 0.478773 4.55479
-2.33289 2.08026 3.59102
-2.33289 2.08026 3.59102
0.0968031 -0.496428 4.76659
-1.75298 1.18975 4.59354
-1.75298 1.18975 4.59354
-1.75298 1.18975 4.59354
-1.75298 1.18975 4.59354
-2.32897 0.786767 6.06384
-2.32897 0.786767 6.06384
-4.85612 -0.197257 6.2866
-3.00505 0.365182 3.36142
-3.00505 0.365182 3.36142
-4.12522 -0.922996 3.62524
-4.42057 1.15275 3.98459
-3.41282 -1.65274 5.04394
-3.41282 -1.65274 5.04394
-0.430387 -1.43253 5.08006
-0.494633 0.992232 3.16355
-0.494633 0.992232 3.16355
-0.494633 0.992232 3.16355
2.26839 1.79855 0.424618
3.98718 0.0759108 -0.905912
4.13443 2.23926 -2.54548
4.13443 2.23926 -2.54548
5.31108 1.98402 -1.83932
5.31108 1.98402 -1.83932
5.31108 1.98402 -1.83932
2.66143 4.58379 -3.88385
2.15182 2.33592 -2.5256
-0.697447 -0.515509 -0.913847
-1.51091 -1.19155 -3.38642
-2.56963 -0.205962 -4.62012
-3.52537 1.74388 -2.23822
-3.52537 1.74388 -2.23822
-3.52537 1.74388 -2.23822
-2.19935 -0.269223 -4.82761
-2.19935 -0.269223 -4.82761
-2.19935 -0.269223 -4.82761
-2.19935 -0.269223 -4.82761
-3.36528 1.22828 -5.67596
-1.47658 -1.21552 -4.52126
-1.47658 -1.21552 -4.52126
0.133364 -2.01856 -5.32801
1.195 -0.531324 -4.1215
1.195 -0.531324 -4.1215
3.19581 0.0362288 -4.78473
5.32248 -2.05134 -6.45133
5.95096 -1.19554 -6.80706
5.95096 -1.19554 -6.80706
5.95096 -1.19554 -6.80706
5.95096 -1.19554 -6.80706
3.2904 -3.54107 -7.31554
3.2904 -3.54107 -7.31554
5.49559 -0.581967 -7.13839
5.49559 -0.581967 -7.13839
6.10537 -0.202997 -6.60895
6.10537 -0.202997 -6.60895
4.92742 0.183082 -5.63709
4.92742 0.183082 -5.63709
4.92742 0.183082 -5.63709
2.03979 1.54059 -6.64495
-0.242207 2.5172 -4.52081
-0.850986 2.70431 -1.59405
-0.0344438 0.393171 -3.0198
-0.496998 1.22105 -2.6611
-0.496998 1.22105 -2.6611
-0.496998 1.22105 -2.6611
-0.496998 1.22105 -2.6611
-2.15406 3.24577 -2.767
-4.90246 5.48448 -5.5769
-5.3777 3.17228 -6.25184
-5.3777 3.17228 -6.25184
-5.40035 2.5345 -5.12316
-3.07173 0.616735 -7.53296
-0.35887 0.432172 -5.81771
-0.35887 0.432172 -5.81771
-1.14757 -2.4324 -5.33345
0.151949 -2.18368 -5.84968
0.151949 -2.18368 -5.84968
1.05092 -0.790794 -4.22247
1.05092 -0.790794 -4.22247
2.0771 1.80881 -1.46135
2.0771 1.80881 -1.46135
2.0771 1.80881 -1.46135
2.0771 1.80881 -1.46135
1.73983 0.501881 -3.89191
1.73983 0.501881 -3.89191
1.73983 0.501881 -3.89191
2.48448 1.78754 -1.18112
2.48448 1.78754 -1.18112
0.435601 1.62473 -1.90579
0.435601 1.62473 -1.90579
0.435601 1.62473 -1.90579
0.435601 1.62473 -1.90579
0.435601 1.62473 -1.90579
0.435601 1.62473 -1.90579
0.435601 1.62473 -1.90579
1.24374 3.72378 -3.03816
0.602739 3.61239 -2.60291
0.902037 1.14421 -1.70173
0.902037 1.14421 -1.70173
0.902037 1.14421 -1.70173
0.902037 1.14421 -1.70173
0.902037 1.14421 -1.70173
1.31554 -1.26335 -2.1854
1.31554 -1.26335 -2.1854
1.31554 -1.26335 -2.1854
1.31554 -1.26335 -2.1854
2.07559 1.36721 -3.73904
2.07559 1.36721 -3.73904
0.704769 3.1903 -2.27372
0.704769 3.1903 -2.27372
0.704769 3.1903 -2.27372
0.704769 3.1903 -2.27372
0.704769 3.1903 -2.27372
-0.348864 1.81761 -4.66653
-0.899979 1.82228 -5.75869
1.42987 -0.573641 -4.26451
1.42987 -0.573641 -4.26451
1.42987 -0.573641 -4.26451
1.42987 -0.573641 -4.26451
1.42987 -0.573641 -4.26451
1.44417 0.33663 -2.91592
0.631117 -2.4873 -5.03826
-0.111688 0.0145148 -2.20141
-0.111688 0.0145148 -2.20141
-0.111688 0.0145148 -2.20141
0.519413 -0.568421 -1.16863
2.15229 -2.26819 -3.38451
2.15229 -2.26819 -3.38451
4.67949 -2.11941 -2.17722
2.59861 -4.15099 -4.26193
0.587606 -2.20925 -6.85056
-0.277127 -1.34369 -7.88042
-2.02544 -3.24825 -8.0778
-2.02544 -3.24825 -8.0778
-2.20856 -3.42983 -5.51764
-2.20856 -3.42983 -5.51764
-2.20856 -3.42983 -5.51764
-2.20856 -3.42983 -5.51764
-2.20856 -3.42983 -5.51764
-1.27198 -2.14211 -4.68663
-1.27198 -2.14211 -4.68663
-1.27198 -2.14211 -4.68663
-1.27198 -2.14211 -4.68663
-2.9903 -1.42763 -3.00176
-0.0253094 -1.16484 -2.85019
0.356807 0.343884 -2.54372
0.356807 0.343884 -2.54372
0.356807 0.343884 -2.54372
-2.11217 -1.30397 -4.49433
-2.11217 -1.30397 -4.49433
-2.11217 -1.30397 -4.49433
-2.11217 -1.30397 -4.49433
-2.11217 -1.30397 -4.49433
-1.75605 -2.58262 -4.13764
0.730759 -1.95028 -1.52282
1.51006 -0.909101 -1.38912
1.51006 -0.909101 -1.38912
1.51006 -0.909101 -1.38912
-0.772119 -1.76749 -3.29227
-0.349294 -0.162733 -3.78054
-0.540048 -1.30406 -1.60678
1.92214 0.391947 -1.7818
1.92214 0.391947 -1.7818
0.201037 0.510015 -2.73068
0.201037 0.510015 -2.73068
0.201037 0.510015 -2.73068
0.201037 0.510015 -2.73068
0.201037 0.510015 -2.73068
0.201037 0.510015 -2.73068
0.201037 0.510015 -2.73068
0.201037 0.510015 -2.73068
0.201037 0.510015 -2.73068
0.201037 0.510015 -2.73068
0.201037 0.510015 -2.73068
0.201037 0.510015 -2.73068
0.201037 0.510015 -2.73068
0.201037 0.510015 -2.73068
0.201037 0.510015 -2.73068
0.201037 0.510015 -2.73068
-1.98269 -1.92832 -2.49008
-1.98269 -1.92832 -2.49008
