19.0566 19.1748 20.5741
18.9994 19.3544 21.0867
18.9994 19.3544 21.0867
19.6895 18.1572 20.2575
19.1376 18.2719 19.0508
18.0492 18.9085 18.3837
18.0323 19.5486 18.3315
17.427 18.8968 18.261
17.719 19.098 17.2209
18.7987 19.7331 17.2255
19.2637 19.4065 17.6054
19.7097 18.402 16.6578
19.9028 19.252 15.5397
19.9028 19.252 15.5397
20.95 20.3517 16.3229
20.0345 19.2354 16.8565
21.2482 18.983 16.2884
21.3436 18.4384 16.2422
20.6304 17.2331 15.2778
20.0279 16.3343 16.2835
20.0279 16.3343 16.2835
19.281 15.482 16.7208
19.0307 15.0492 17.937
18.873 13.8709 18.8014
18.873 13.8709 18.8014
18.873 13.8709 18.8014
19.8278 13.347 19.5062
19.8278 13.347 19.5062
19.2289 14.2387 19.6257
19.2289 14.2387 19.6257
18.8329 14.8888 18.4742
18.8329 14.8888 18.4742
17.7244 13.8334 17.4415
18.457 12.8556 17.0573
18.3109 13.9472 18.0977
17.2557 13.371 19.1036
18.0664 13.7364 18.3222
16.9666 12.816 17.1046
16.9666 12.816 17.1046
16.9666 12.816 17.1046
17.2126 12.1871 17.7504
17.2021 13.1558 17.3979
17.2021 13.1558 17.3979
17.2021 13.1558 17.3979
15.9523 13.5471 16.8888
16.263 13.8746 15.9148
16.263 13.8746 15.9148
16.263 13.8746 15.9148
16.263 13.8746 15.9148
16.5584 12.9989 16.0116
16.6588 12.6878 16.4188
15.8657 11.4592 16.2338
15.1376 10.2907 15.7997
15.1692 10.2142 15.8504
14.0514 10.386 16.8598
13.5328 10.6215 16.1765
12.472 9.66621 14.9685
11.545 10.0726 14.5821
10.4533 8.87899 14.7202
11.0819 7.63579 14.4462
10.9927 6.89335 15.2465
10.9927 6.89335 15.2465
11.2593 7.63339 14.7184
10.8012 7.61494 15.3115
10.4002 7.60661 15.9669
10.5582 6.83442 16.385
9.62955 7.32677 16.3601
9.46645 7.73151 16.3781
9.18715 6.75326 15.166
8.50543 6.61706 14.8291
8.50543 6.61706 14.8291
9.19197 7.01701 13.8671
9.44378 6.73907 14.0367
9.44378 6.73907 14.0367
8.21854 6.33656 14.1233
8.21854 6.33656 14.1233
8.21854 6.33656 14.1233
7.97844 6.05731 13.2972
8.91609 5.58141 12.4052
8.91609 5.58141 12.4052
8.91609 5.58141 12.4052
8.91609 5.58141 12.4052
8.01472 4.41823 11.2621
8.01472 4.41823 11.2621
8.01472 4.41823 11.2621
7.01763 3.86366 10.393
7.75235 4.92424 9.31598
7.75235 4.92424 9.31598
7.57871 5.85481 8.44591
7.57871 5.85481 8.44591
7.57871 5.85481 8.44591
7.60448 5.58386 8.02886
7.60448 5.58386 8.02886
8.66526 5.74813 8.1344
8.66526 5.74813 8.1344
8.66526 5.74813 8.1344
7.67432 6.42948 8.00292
8.22344 6.22002 8.02819
7.52514 7.26377 7.36712
7.52514 7.26377 7.36712
6.8761 7.97325 8.38461
6.10507 6.96361 9.54308
6.95208 7.12354 8.32773
7.41793 6.98589 8.76001
7.29069 5.92031 9.96541
7.29069 5.92031 9.96541
8.53459 5.87376 9.38871
9.43024 4.82731 8.48392
9.57486 3.92066 7.44132
8.5157 4.88504 7.09851
7.93822 4.29959 7.51364
8.28326 3.66368 6.42035
8.26722 3.66024 5.60817
9.28677 2.892 5.06446
9.62567 2.62089 5.09487
9.62567 2.62089 5.09487
9.11018 1.76684 4.13807
8.22994 1.53163 5.13409
8.21722 2.50888 5.60524
8.173 1.92725 5.92469
8.49858 1.93822 4.83917
8.49858 1.93822 4.83917
8.28706 2.0774 3.84388
7.44704 2.43818 3.3789
7.93745 3.50587 2.72028
7.46476 3.19358 3.43874
6.82285 2.32478 3.94569
6.60377 2.29398 3.67609
6.60377 2.29398 3.67609
6.60377 2.29398 3.67609
6.60377 2.29398 3.67609
6.60377 2.29398 3.67609
6.80327 2.65603 3.14221
5.91081 1.55225 2.18413
6.69826 2.57276 1.80546
7.78116 1.86813 1.10335
6.53246 1.84517 -0.0790197
7.71242 2.56387 0.0972286
6.62353 3.68522 0.951593
5.5379 3.74785 0.287256
5.0429 3.89277 -0.0652818
5.37017 2.83208 0.219387
5.45872 1.79666 -0.966623
5.45872 1.79666 -0.966623
6.54072 0.844066 0.144285
6.81913 0.124728 -0.0405669
6.81777 -0.811371 0.698446
7.00176 -0.751766 0.428343
7.02993 -0.715711 1.06765
6.54256 -0.175417 0.762952
5.86147 1.05399 0.0694501
5.05301 1.18485 0.508782
4.05851 1.15021 0.331737
4.05851 1.15021 0.331737
3.82042 1.95053 0.608343
2.61561 1.40962 0.122882
2.61561 1.40962 0.122882
2.61561 1.40962 0.122882
3.13815 0.165549 -0.0488417
3.1725 0.145436 0.98637
2.06561 -0.174494 1.78116
2.06561 -0.174494 1.78116
2.06561 -0.174494 1.78116
2.06561 -0.174494 1.78116
2.06561 -0.174494 1.78116
2.43812 0.62343 0.739753
1.96897 0.968891 1.10709
1.96897 0.968891 1.10709
3.10911 1.91977 1.34892
3.62606 1.59125 0.515891
3.62606 1.59125 0.515891
4.34101 2.21523 -0.552135
3.83327 2.34778 -0.0941985
3.83327 2.34778 -0.0941985
3.65525 1.14988 -0.208297
3.93928 -0.0633937 0.57261
3.68243 0.774903 1.61142
3.23236 -0.206993 0.773815
3.23236 -0.206993 0.773815
3.23236 -0.206993 0.773815
2.69747 -1.18017 -0.207612
2.69747 -1.18017 -0.207612
1.63632 -0.648013 0.293221
1.63632 -0.648013 0.293221
1.63632 -0.648013 0.293221
1.83933 -0.215446 -0.150594
0.7058 -0.35923 1.06524
0.7058 -0.35923 1.06524
1.26401 0.270251 1.65082
1.26401 0.270251 1.65082
1.26401 0.270251 1.65082
0.417109 -0.818443 0.497396
0.417109 -0.818443 0.497396
0.484242 0.201309 1.24619
0.484242 0.201309 1.24619
0.484242 0.201309 1.24619
-0.659091 -0.900862 0.401183
-0.659091 -0.900862 0.401183
-0.659091 -0.900862 0.401183
-0.160925 -0.669729 -0.649788
0.272588 -0.736948 0.0164036
-0.324387 -0.264791 0.00417915
0.342066 0.822954 0.328528
0.342066 0.822954 0.328528
0.342066 0.822954 0.328528
0.342066 0.822954 0.328528
0.342066 0.822954 0.328528
0.342066 0.822954 0.328528
0.275245 0.019854 1.12972
0.275245 0.019854 1.12972
-0.150745 -0.01824 2.15101
-0.150745 -0.01824 2.15101
0.967167 0.494714 1.53975
1.69138 -0.309296 1.17478
1.69138 -0.309296 1.17478
1.69138 -0.309296 1.17478
2.03429 -0.481685 1.48663
2.03429 -0.481685 1.48663
2.03429 -0.481685 1.48663
2.45134 0.694278 0.783951
2.45134 0.694278 0.783951
1.52612 0.977319 0.381102
0.442057 1.14768 -0.327719
0.442057 1.14768 -0.327719
-0.389288 0.246335 0.716191
-0.389288 0.246335 0.716191
-1.04577 0.800182 -0.0525526
-1.04577 0.800182 -0.0525526
-1.04577 0.800182 -0.0525526
-1.04577 0.800182 -0.0525526
-1.04577 0.800182 -0.0525526
-1.04577 0.800182 -0.0525526
0.15271 0.619444 -1.03984
0.365358 -0.128084 -0.337434
0.365358 -0.128084 -0.337434
0.365358 -0.128084 -0.337434
0.365358 -0.128084 -0.337434
0.365358 -0.128084 -0.337434
0.365358 -0.128084 -0.337434
0.365358 -0.128084 -0.337434
0.365358 -0.128084 -0.337434
0.0332981 1.01944 0.141002
0.759345 0.577214 -0.282973
0.759345 0.577214 -0.282973
1.003 1.72744 -0.548628
1.003 1.72744 -0.548628
0.722106 1.47753 -1.01038
0.321738 0.916527 -0.416195
0.321738 0.916527 -0.416195
0.321738 0.916527 -0.416195
0.321738 0.916527 -0.416195
0.321738 0.916527 -0.416195
0.530279 0.0810598 -0.204504
0.530279 0.0810598 -0.204504
0.530279 0.0810598 -0.204504
-0.155533 0.0742677 0.0570913
-0.155533 0.0742677 0.0570913
-0.155533 0.0742677 0.0570913
-0.155533 0.0742677 0.0570913
-0.155533 0.0742677 0.0570913
-0.155533 0.0742677 0.0570913
0.821363 -0.869233 -0.604897
0.821363 -0.869233 -0.604897
0.821363 -0.869233 -0.604897
2.02747 -0.199026 0.613588
2.02747 -0.199026 0.613588
1.65653 0.598463 -0.226229
0.407429 1.09563 -1.17848
-0.336755 0.13976 -0.334274
-0.336755 0.13976 -0.334274
-0.0554381 -0.124323 -0.61452
-0.0554381 -0.124323 -0.61452
-0.0554381 -0.124323 -0.61452
-0.0554381 -0.124323 -0.61452
-0.0554381 -0.124323 -0.61452
-0.0554381 -0.124323 -0.61452
-0.0554381 -0.124323 -0.61452
-0.0554381 -0.124323 -0.61452
-0.0554381 -0.124323 -0.61452
-0.0554381 -0.124323 -0.61452
-0.0554381 -0.124323 -0.61452
-0.76745 -0.329995 0.424319
-0.76745 -0.329995 0.424319
-0.156358 -0.612441 -0.200233
-0.156358 -0.612441 -0.200233
-0.156358 -0.612441 -0.200233
-0.156358 -0.612441 -0.200233
-0.0267652 -0.483693 0.879556
1.07364 -0.649376 -0.0905477
0.985079 0.510474 -1.20991
1.04082 0.781255 -0.672632
1.04082 0.781255 -0.672632
-0.11529 0.918481 0.284611
-0.11529 0.918481 0.284611
-0.11529 0.918481 0.284611
-0.11529 0.918481 0.284611
-0.11529 0.918481 0.284611
-0.11529 0.918481 0.284611
-0.11529 0.918481 0.284611
0.877422 1.26311 1.00883
0.176994 0.996958 0.159943
0.176994 0.996958 0.159943
0.176994 0.996958 0.159943
0.502018 -0.158889 0.767661
0.502018 -0.158889 0.767661
0.437273 0.161529 0.567298
0.437273 0.161529 0.567298
0.437273 0.161529 0.567298
-0.760385 -0.469453 1.42886
0.29824 -0.798688 0.954496
0.29824 -0.798688 0.954496
-0.481347 -0.397567 1.92677
-0.481347 -0.397567 1.92677
-0.036271 -0.0435616 1.69323
0.807858 0.227594 1.89434
0.807858 0.227594 1.89434
0.807858 0.227594 1.89434
0.807858 0.227594 1.89434
0.807858 0.227594 1.89434
1.72679 0.0702274 1.29045
1.72679 0.0702274 1.29045
1.00914 -0.0540213 0.443558
-0.151686 -1.1282 -0.65913
-0.151686 -1.1282 -0.65913
0.953796 0.110417 -0.892682
0.0642173 0.318737 0.170055
0.222579 0.893689 0.114824
-0.614297 -0.00892538 0.627178
-0.614297 -0.00892538 0.627178
0.42737 0.399696 0.66759
0.42737 0.399696 0.66759
0.42737 0.399696 0.66759
1.53993 0.0669102 0.520213
1.53993 0.0669102 0.520213
1.53993 0.0669102 0.520213
0.531017 -0.128698 0.544454
0.531017 -0.128698 0.544454
0.531017 -0.128698 0.544454
0.235129 -0.24905 0.925224
0.235129 -0.24905 0.925224
-0.561634 -0.0879973 1.95271
-0.561634 -0.0879973 1.95271
-1.32326 -0.914361 1.61851
-1.32326 -0.914361 1.61851
-1.29584 0.297387 0.666172
-1.17413 0.975297 0.1887
-1.17413 0.975297 0.1887
-1.17413 0.975297 0.1887
-1.17413 0.975297 0.1887
-1.68614 -0.0680357 1.10631
-1.15467 -0.0967887 1.41362
-0.836099 0.834101 0.325266
-0.836099 0.834101 0.325266
-0.836099 0.834101 0.325266
-0.836099 0.834101 0.325266
-0.836099 0.834101 0.325266
-0.836099 0.834101 0.325266
-1.09091 -0.0628948 0.793755
-1.09091 -0.0628948 0.793755
-0.359841 0.745097 1.20359
-0.247219 -0.476559 0.698099
-0.247219 -0.476559 0.698099
-0.473638 -0.880846 1.39871
-0.473638 -0.880846 1.39871
-0.473638 -0.880846 1.39871
-0.533604 -0.2588 1.21621
-0.533604 -0.2588 1.21621
-0.533604 -0.2588 1.21621
-0.533604 -0.2588 1.21621
-0.533604 -0.2588 1.21621
0.381832 -0.191995 1.72762
-0.278797 0.570868 1.09872
-0.278797 0.570868 1.09872
-0.0785407 1.0847 0.102275
-0.0785407 1.0847 0.102275
-0.0785407 1.0847 0.102275
-0.0785407 1.0847 0.102275
-0.0785407 1.0847 0.102275
-0.0785407 1.0847 0.102275
0.717027 2.24998 -0.875924
-0.263007 3.04965 -0.782855
-0.192143 3.11267 -1.21557
-0.136162 2.34006 -1.16006
-0.136162 2.34006 -1.16006
-0.156912 2.98634 -0.390388
-0.156912 2.98634 -0.390388
-0.156912 2.98634 -0.390388
-0.156912 2.98634 -0.390388
-1.0047 2.18828 0.346292
-1.0047 2.18828 0.346292
0.191643 2.20493 1.08982
-0.94666 1.71311 1.12198
-0.970396 1.09823 0.275346
-0.970396 1.09823 0.275346
-0.461617 0.538516 0.471562
-0.461617 0.538516 0.471562
0.451781 -0.0803665 -0.0541601
0.451781 -0.0803665 -0.0541601
0.451781 -0.0803665 -0.0541601
-0.606027 -0.534974 0.746259
-0.149645 -1.24977 0.114677
-0.149645 -1.24977 0.114677
-0.149645 -1.24977 0.114677
-0.0172803 -0.689917 -0.630158
0.800192 -0.048469 0.236171
1.43194 -1.02902 1.4028
0.63993 -1.49706 1.35709
-0.499916 -1.95333 0.693663
0.678679 -1.22044 0.901516
-0.324214 -0.727428 1.40953
-0.324214 -0.727428 1.40953
-1.0469 -0.32665 1.29418
-1.0469 -0.32665 1.29418
-2.21473 0.173643 0.914423
-3.05174 -0.382547 0.937537
-3.24527 0.576564 0.282583
-2.55568 0.618574 0.232215
-1.58755 1.72797 1.26194
-0.897477 2.37642 0.642605
-0.897477 2.37642 0.642605
-0.897477 2.37642 0.642605
-0.232414 2.24393 0.894346
0.0416727 2.12842 1.44297
0.61279 1.80863 1.60493
0.61279 1.80863 1.60493
0.61279 1.80863 1.60493
0.61279 1.80863 1.60493
1.06893 1.20696 1.61944
1.06893 1.20696 1.61944
0.216026 1.11566 1.20703
-0.67728 0.43847 0.839907
-0.107231 0.990708 -0.189842
-0.608996 1.16427 -0.00255625
-0.608996 1.16427 -0.00255625
0.626125 1.49504 -0.077775
1.35222 1.07155 -0.0816742
0.801798 1.45941 0.0964032
-0.0331053 0.436147 0.999456
0.0713573 0.261073 1.74391
-0.435468 0.306296 2.78608
-0.272511 -0.716202 2.53005
-0.272511 -0.716202 2.53005
-0.272511 -0.716202 2.53005
0.465803 0.336122 2.02226
-0.778672 -0.562106 1.49662
-0.778672 -0.562106 1.49662
-0.778672 -0.562106 1.49662
-0.778672 -0.562106 1.49662
-0.972931 0.272024 0.410637
0.255898 -0.362264 -0.755596
0.255898 -0.362264 -0.755596
-0.346402 -0.806058 -1.69544
-1.05894 -0.628684 -0.882572
-1.70437 0.138746 -0.366031
-1.70437 0.138746 -0.366031
-0.727412 -0.441321 -1.20758
0.384978 -0.345572 0.0409431
0.384978 -0.345572 0.0409431
0.384978 -0.345572 0.0409431
0.136591 0.18218 0.144527
0.136591 0.18218 0.144527
0.136591 0.18218 0.144527
0.136591 0.18218 0.144527
-1.04906 1.08626 0.903239
-0.627242 0.813044 0.955008
-0.627242 0.813044 0.955008
-0.627242 0.813044 0.955008
-0.378082 0.165431 0.103136
-0.378082 0.165431 0.103136
0.54818 0.193422 0.142857
0.236254 0.355612 -0.0388359
0.236254 0.355612 -0.0388359
0.332448 -0.0643775 -0.548419
0.0518353 -0.506068 0.0709716
0.0518353 -0.506068 0.0709716
0.0518353 -0.506068 0.0709716
-1.12173 -1.49213 0.572018
-2.02458 -0.313743 1.81869
-2.02458 -0.313743 1.81869
-2.15397 0.758354 1.74576
-3.07928 0.763109 2.03825
-2.01301 1.1304 1.98769
-2.01301 1.1304 1.98769
-1.87919 0.143899 3.03611
-2.20335 -0.14188 2.24659
-2.33116 -0.810026 1.32078
-2.36407 -0.449394 1.96973
-2.36407 -0.449394 1.96973
-3.25326 0.337826 2.00594
-3.55372 -0.0162689 0.828911
-3.45647 0.215192 0.356788
-3.4995 -0.781408 1.28596
-4.6746 -0.499277 2.26679
-3.79029 -0.29696 3.38759
-2.87554 -0.172929 3.15459
-1.80263 0.711704 3.48338
-1.80263 0.711704 3.48338
-2.84855 0.857514 2.7072
-2.1424 0.49359 3.79714
-1.2303 -0.618112 2.65092
-0.967076 -1.34072 2.50393
-1.40445 -1.13621 2.2321
-1.21553 -1.39577 1.64227
-0.374902 -0.639927 0.835923
0.275883 0.0803386 0.610623
0.275883 0.0803386 0.610623
0.275883 0.0803386 0.610623
0.275883 0.0803386 0.610623
-0.501577 -0.638489 1.10023
0.291514 -1.26722 0.516188
1.28179 -2.10428 1.05684
2.20959 -2.19523 -0.111487
2.20959 -2.19523 -0.111487
2.5762 -2.66687 -0.474887
2.47615 -1.82108 -0.661655
1.28801 -2.43447 0.183444
1.78216 -1.37351 -0.600932
1.78216 -1.37351 -0.600932
2.33252 -2.05029 0.00721319
2.33252 -2.05029 0.00721319
2.44852 -2.49593 -1.02024
2.44852 -2.49593 -1.02024
2.12304 -3.37958 -1.29953
1.15967 -3.98198 -0.914892
1.15967 -3.98198 -0.914892
1.15967 -3.98198 -0.914892
0.228806 -3.5985 -0.196362
-0.480813 -3.93383 0.356545
-0.480813 -3.93383 0.356545
0.371855 -4.31575 0.385463
0.46777 -4.47999 1.01782
0.506486 -4.98995 0.142997
0.883322 -4.97635 -0.684956
0.157572 -4.20607 0.540872
1.36864 -3.26094 -0.191644
1.36864 -3.26094 -0.191644
0.837512 -4.34755 -0.611634
0.837512 -4.34755 -0.611634
-0.38552 -3.42242 -0.628309
-1.10326 -3.11304 -0.271408
-1.10326 -3.11304 -0.271408
-0.988784 -3.12635 0.971289
-0.828873 -2.41159 0.510176
-0.04159 -1.84067 -0.684407
-0.04159 -1.84067 -0.684407
-0.04159 -1.84067 -0.684407
-0.673747 -1.39439 0.16732
-0.673747 -1.39439 0.16732
-0.673747 -1.39439 0.16732
-0.673747 -1.39439 0.16732
-0.673747 -1.39439 0.16732
-0.945711 -0.968173 0.663107
-0.945711 -0.968173 0.663107
-0.945711 -0.968173 0.663107
-0.559562 0.0474785 0.854961
-0.559562 0.0474785 0.854961
-0.60987 1.05412 0.298227
-0.60987 1.05412 0.298227
0.438142 0.978434 1.46823
-0.0724104 1.12412 0.26234
-0.0724104 1.12412 0.26234
0.968608 1.34325 -0.0831851
1.32425 0.268492 -0.301
0.921487 -0.119351 0.824222
0.921487 -0.119351 0.824222
0.266595 0.946458 0.00149657
-0.469619 0.140734 -0.0664169
-0.469619 0.140734 -0.0664169
-0.469619 0.140734 -0.0664169
-0.469619 0.140734 -0.0664169
-0.469619 0.140734 -0.0664169
-0.469619 0.140734 -0.0664169
0.431494 0.459007 -0.980343
1.56826 0.0532264 -0.7494
1.92735 -0.58353 -0.0773033
1.76236 -0.630036 -0.0151298
1.76236 -0.630036 -0.0151298
1.76236 -0.630036 -0.0151298
0.528639 -0.144358 0.625303
0.528639 -0.144358 0.625303
0.528639 -0.144358 0.625303
0.118349 0.0313402 0.0866951
0.118349 0.0313402 0.0866951
0.118349 0.0313402 0.0866951
0.118349 0.0313402 0.0866951
0.118349 0.0313402 0.0866951
0.118349 0.0313402 0.0866951
0.118349 0.0313402 0.0866951
-0.25195 -0.556344 -0.0306196
-0.25195 -0.556344 -0.0306196
-0.25195 -0.556344 -0.0306196
-0.25195 -0.556344 -0.0306196
-0.25195 -0.556344 -0.0306196
-0.25195 -0.556344 -0.0306196
-0.25195 -0.556344 -0.0306196
-0.25195 -0.556344 -0.0306196
-0.25195 -0.556344 -0.0306196
-0.25195 -0.556344 -0.0306196
-0.459138 -0.274209 0.990799
-0.459138 -0.274209 0.990799
-0.959201 0.483346 0.1433
-0.959201 0.483346 0.1433
-0.445649 -0.716343 1.13939
-0.445649 -0.716343 1.13939
-0.0133802 -0.292041 1.818
-0.0133802 -0.292041 1.818
-0.42831 0.680268 1.8292
-1.09645 0.37928 1.55754
-1.09645 0.37928 1.55754
-1.09645 0.37928 1.55754
-0.321231 -0.496004 2.24036
0.804064 0.323737 2.08797
0.362409 1.40755 1.18459
-0.305377 1.36724 1.68978
0.931266 0.42594 0.774155
0.931266 0.42594 0.774155
0.931266 0.42594 0.774155
0.931266 0.42594 0.774155
0.931266 0.42594 0.774155
1.20926 0.745276 1.13291
1.20926 0.745276 1.13291
1.20926 0.745276 1.13291
0.233168 0.713885 1.71845
0.233168 0.713885 1.71845
0.233168 0.713885 1.71845
0.523001 -0.406247 1.26232
0.523001 -0.406247 1.26232
0.523001 -0.406247 1.26232
0.523001 -0.406247 1.26232
0.830567 -0.253308 0.905402
0.0421606 -0.0302856 0.415202
0.0421606 -0.0302856 0.415202
-0.831059 0.178635 0.111026
-0.800228 0.565456 0.6095
-0.237761 -0.0674665 -0.322356
-0.0748655 0.0520257 -0.895462
-0.0748655 0.0520257 -0.895462
-0.0748655 0.0520257 -0.895462
-0.264273 -0.861112 0.283853
0.680647 0.178719 0.407966
0.680647 0.178719 0.407966
0.680647 0.178719 0.407966
0.680647 0.178719 0.407966
0.680647 0.178719 0.407966
0.680647 0.178719 0.407966
0.680647 0.178719 0.407966
0.680647 0.178719 0.407966
0.680647 0.178719 0.407966
0.680647 0.178719 0.407966
0.126031 1.12442 0.512615
0.610971 1.84485 -0.136099
0.610971 1.84485 -0.136099
0.610971 1.84485 -0.136099
0.610971 1.84485 -0.136099
0.0852343 1.86767 -0.644977
0.0852343 1.86767 -0.644977
0.0852343 1.86767 -0.644977
0.0852343 1.86767 -0.644977
0.0852343 1.86767 -0.644977
0.0852343 1.86767 -0.644977
1.15469 0.6623 -0.0427249
1.15469 0.6623 -0.0427249
0.587229 0.757326 0.466946
-0.159504 0.110226 -0.57599
0.247844 0.611525 -0.201027
-0.153271 -0.279364 0.601303
-0.153271 -0.279364 0.601303
-0.153271 -0.279364 0.601303
-0.153271 -0.279364 0.601303
-0.153271 -0.279364 0.601303
-0.153271 -0.279364 0.601303
-0.153271 -0.279364 0.601303
-0.153271 -0.279364 0.601303
-0.194888 -1.49188 -0.113748
0.703002 -0.37132 -0.415782
0.703002 -0.37132 -0.415782
0.984372 0.626334 0.780122
0.984372 0.626334 0.780122
0.984372 0.626334 0.780122
0.435301 0.336237 0.38093
-0.606842 0.0817992 -0.348341
-0.606842 0.0817992 -0.348341
-0.185128 -0.427283 0.732978
-0.185128 -0.427283 0.732978
-0.63675 -0.683788 1.28731
-0.63675 -0.683788 1.28731
-1.41848 -0.0363929 0.629517
-1.41848 -0.0363929 0.629517
-1.41848 -0.0363929 0.629517
-1.41848 -0.0363929 0.629517
-1.41848 -0.0363929 0.629517
-1.41848 -0.0363929 0.629517
-1.41848 -0.0363929 0.629517
-1.41848 -0.0363929 0.629517
-1.41848 -0.0363929 0.629517
-1.41848 -0.0363929 0.629517
-1.41848 -0.0363929 0.629517
-1.07931 -0.442985 -0.486278
-1.07931 -0.442985 -0.486278
-1.25737 -0.450003 -0.644653
-1.05827 0.695972 -0.0642365
-0.978104 0.717162 -1.17297
-0.261662 -0.303456 -0.229569
-0.261662 -0.303456 -0.229569
0.303762 0.631836 -0.276201
-0.258086 0.54961 0.105596
-0.258086 0.54961 0.105596
0.816984 -0.516295 0.290336
0.816984 -0.516295 0.290336
1.05754 -0.54207 -0.809372
0.227728 0.523339 0.113798
0.227728 0.523339 0.113798
0.227728 0.523339 0.113798
0.861564 0.0716101 -0.312619
0.861564 0.0716101 -0.312619
0.150335 0.400115 0.140527
0.150335 0.400115 0.140527
-0.416838 0.111667 -0.763503
-0.112613 0.267727 0.296818
-0.112613 0.267727 0.296818
-0.112613 0.267727 0.296818
-0.112613 0.267727 0.296818
0.236843 -0.22232 0.358594
0.236843 -0.22232 0.358594
0.236843 -0.22232 0.358594
0.236843 -0.22232 0.358594
0.236843 -0.22232 0.358594
0.236843 -0.22232 0.358594
0.160554 -0.824654 -0.735718
0.160554 -0.824654 -0.735718
0.262099 -0.206907 -0.45322
0.262099 -0.206907 -0.45322
0.262099 -0.206907 -0.45322
0.774398 -1.07717 0.24328
0.774398 -1.07717 0.24328
-0.324398 -1.04842 0.947234
-1.26627 -1.07634 1.19379
-1.87958 -0.0936111 1.73109
-2.05287 -0.45776 1.21535
-0.824492 -1.28106 1.82993
-0.824492 -1.28106 1.82993
-0.824492 -1.28106 1.82993
-1.02034 -1.0093 2.15149
-1.18181 0.0601077 1.43935
-0.168171 0.557281 1.57741
0.0220364 0.571381 2.30757
0.0220364 0.571381 2.30757
-0.568948 -0.662838 2.33889
-1.6768 -0.275791 2.99062
-0.681171 -1.31686 2.55334
-0.681171 -1.31686 2.55334
-0.401497 -1.87621 1.68355
0.781428 -1.0608 1.47074
-0.191889 -1.89237 0.546417
-0.732166 -0.776054 1.53313
0.0865323 -0.682469 0.462159
0.597639 0.14623 0.631792
0.597639 0.14623 0.631792
0.597639 0.14623 0.631792
0.597639 0.14623 0.631792
-0.321667 -0.619664 1.16081
-0.0635081 -0.860169 1.1059
0.822145 -0.159318 1.36532
1.31257 -0.622213 1.14948
1.31257 -0.622213 1.14948
0.212173 0.436274 1.44371
0.768893 0.51818 1.12414
0.636294 -0.573143 2.06362
1.64307 0.0136745 1.82378
1.22332 0.928314 1.901
1.05984 1.66885 2.2113
0.252963 0.428893 1.8934
0.521536 -0.536777 1.15265
-0.24925 -1.24446 1.27756
-0.24925 -1.24446 1.27756
0.602756 -1.21668 0.932472
0.602756 -1.21668 0.932472
0.602756 -1.21668 0.932472
0.602756 -1.21668 0.932472
0.602756 -1.21668 0.932472
0.602756 -1.21668 0.932472
0.602756 -1.21668 0.932472
0.602756 -1.21668 0.932472
0.602756 -1.21668 0.932472
-0.0645104 -1.46449 -0.254225
-0.0645104 -1.46449 -0.254225
-1.1896 -0.702568 0.290239
-0.980039 -1.93521 -0.887039
-0.980039 -1.93521 -0.887039
-0.164645 -2.89423 -0.460823
-0.164645 -2.89423 -0.460823
-0.0900276 -2.06885 0.635369
-0.0900276 -2.06885 0.635369
-0.00398568 -0.998212 1.02177
0.524471 -1.29998 0.565811
1.70834 -0.404163 -0.437677
1.70834 -0.404163 -0.437677
1.41804 -0.51525 -0.421942
0.620285 -1.2214 0.432202
0.620285 -1.2214 0.432202
-0.352835 -1.46647 -0.0900799
-0.352835 -1.46647 -0.0900799
-0.0293996 -1.01082 -1.06382
-0.699717 -0.299564 0.0823657
0.418391 0.307389 -0.355268
0.418391 0.307389 -0.355268
0.418391 0.307389 -0.355268
0.418391 0.307389 -0.355268
0.418391 0.307389 -0.355268
-0.282196 -0.840481 0.418484
0.175791 -2.02269 0.647751
0.172619 -0.970393 0.477775
0.172619 -0.970393 0.477775
0.172619 -0.970393 0.477775
0.172619 -0.970393 0.477775
-0.17276 -0.152287 0.552877
-0.17276 -0.152287 0.552877
-0.17276 -0.152287 0.552877
-0.17276 -0.152287 0.552877
-0.17276 -0.152287 0.552877
-0.17276 -0.152287 0.552877
-0.17276 -0.152287 0.552877
-0.17276 -0.152287 0.552877
-0.17276 -0.152287 0.552877
-0.17276 -0.152287 0.552877
-1.22574 -0.562296 0.645695
-0.454459 -0.327947 -0.573133
-0.454459 -0.327947 -0.573133
-0.9212 -0.864688 -0.463206
-1.04426 0.000206546 -0.313478
-0.624364 -1.16875 0.127919
-0.624364 -1.16875 0.127919
0.618315 -1.07699 0.142966
0.591546 -0.0666759 -0.655576
0.591546 -0.0666759 -0.655576
-0.249938 0.0614185 -0.348393
0.901321 0.397385 -1.48962
0.901321 0.397385 -1.48962
0.962676 1.29878 -2.17277
1.49544 0.808251 -1.13384
1.98571 0.701901 -0.839607
1.98571 0.701901 -0.839607
1.98571 0.701901 -0.839607
1.98571 0.701901 -0.839607
1.77337 -0.234713 -0.273671
0.586175 -1.42281 0.397893
0.247231 -1.70449 -0.632345
-0.193903 -1.29383 -1.14639
-0.592126 -0.481396 -0.153927
-0.592126 -0.481396 -0.153927
-0.592126 -0.481396 -0.153927
-0.592126 -0.481396 -0.153927
-0.592126 -0.481396 -0.153927
-0.592126 -0.481396 -0.153927
-0.592126 -0.481396 -0.153927
-1.07793 0.142564 -0.507406
-0.290971 -0.875688 -0.0262816
-0.290971 -0.875688 -0.0262816
-0.290971 -0.875688 -0.0262816
0.151379 -0.256008 0.476429
1.38556 0.333916 -0.226853
2.21923 0.570397 -0.503199
3.10534 -0.299422 -1.19762
3.36721 0.0571578 -1.34584
3.36721 0.0571578 -1.34584
3.36721 0.0571578 -1.34584
3.36721 0.0571578 -1.34584
2.25864 -0.920142 -1.5577
2.22777 -1.30805 -1.74984
3.1466 -0.0750918 -1.67603
3.1466 -0.0750918 -1.67603
3.40068 0.0828127 -1.45543
3.48206 -0.127217 -2.68947
2.99124 0.0336494 -2.28453
3.59863 1.16766 -1.60895
4.02108 0.766099 -1.49772
2.8179 1.33173 -1.91766
1.86707 1.73865 -1.03261
1.61341 1.81661 0.186878
1.95364 0.853637 -0.407183
1.7609 1.19859 -0.257724
1.7609 1.19859 -0.257724
0.953531 0.126669 0.850845
0.264548 0.618146 -0.207009
-0.425896 1.46178 -0.251135
-1.57106 2.39457 -1.42193
-1.76908 1.43116 -1.70315
-1.76908 1.43116 -1.70315
-1.77852 1.16542 -1.23287
-0.808258 0.366346 -2.23695
0.322101 0.289445 -1.52226
0.322101 0.289445 -1.52226
-0.00652495 -0.904127 -1.32049
0.534942 -0.800496 -1.53559
0.534942 -0.800496 -1.53559
0.909512 -0.220124 -0.857582
0.909512 -0.220124 -0.857582
1.33709 0.863045 0.292887
0.303416 1.77926 0.641855
0.303416 1.77926 0.641855
1.05137 0.663239 -0.496721
0.910842 0.118684 -1.50945
0.910842 0.118684 -1.50945
1.88705 0.761121 -0.668278
2.19732 1.29681 0.461214
2.19732 1.29681 0.461214
1.34362 1.22898 0.159268
1.34362 1.22898 0.159268
0.513767 1.98926 1.10812
0.513767 1.98926 1.10812
0.513767 1.98926 1.10812
0.513767 1.98926 1.10812
0.513767 1.98926 1.10812
0.85049 2.86386 0.636301
0.583408 2.81745 0.817654
0.708116 1.78904 1.19315
0.708116 1.78904 1.19315
0.708116 1.78904 1.19315
0.708116 1.78904 1.19315
0.708116 1.78904 1.19315
0.880409 0.785891 0.991618
0.880409 0.785891 0.991618
0.880409 0.785891 0.991618
0.359635 0.351411 -0.168105
0.359635 0.351411 -0.168105
0.359635 0.351411 -0.168105
0.359635 0.351411 -0.168105
0.359635 0.351411 -0.168105
0.359635 0.351411 -0.168105
-0.615114 0.623772 0.822424
-0.615114 0.623772 0.822424
-1.05413 0.0518191 -0.17458
-1.28376 0.0537642 -0.629647
-0.31299 -0.944537 -0.00707472
-0.740164 -0.178259 -0.444896
-0.150864 -0.665547 0.713979
-0.150864 -0.665547 0.713979
0.693368 0.542896 -0.519889
0.69933 0.922176 0.0420247
0.360556 -0.254461 -0.842284
0.0510539 0.787962 0.339738
-0.324031 0.256831 0.575649
-0.324031 0.256831 0.575649
-0.0610724 0.0139413 1.00597
0.619292 -0.694295 0.0826913
0.619292 -0.694295 0.0826913
1.67229 -0.632305 0.585727
0.805262 -1.4788 -0.282903
-0.0326588 -0.669736 -1.3615
-0.392964 -0.309089 -1.7906
-1.12143 -1.10265 -1.87285
-1.12143 -1.10265 -1.87285
-1.19773 -1.17831 -0.806114
-1.19773 -1.17831 -0.806114
-1.19773 -1.17831 -0.806114
-1.19773 -1.17831 -0.806114
-1.19773 -1.17831 -0.806114
-0.807488 -0.641764 -0.459861
-0.807488 -0.641764 -0.459861
-0.807488 -0.641764 -0.459861
-0.807488 -0.641764 -0.459861
-0.807488 -0.641764 -0.459861
0.427927 -0.532267 -0.396706
0.587142 0.096367 -0.269009
0.587142 0.096367 -0.269009
0.587142 0.096367 -0.269009
-0.4416 -0.590239 -1.08177
-0.4416 -0.590239 -1.08177
-0.4416 -0.590239 -1.08177
-0.4416 -0.590239 -1.08177
-0.4416 -0.590239 -1.08177
-0.293214 -1.12301 -0.933142
0.742955 -0.859535 0.156366
1.06766 -0.42571 0.212075
0.618891 0.338364 0.817534
-0.198529 -0.144656 1.37618
-1.14944 -0.502319 0.583199
-0.973259 0.166331 0.379754
-1.05274 -0.309222 1.28549
-0.026828 0.397447 1.21256
0.151637 1.28364 -0.0357764
-0.565489 1.33283 -0.431144
-0.565489 1.33283 -0.431144
-0.565489 1.33283 -0.431144
-0.565489 1.33283 -0.431144
-0.712945 0.335361 -0.741673
-0.712945 0.335361 -0.741673
-0.712945 0.335361 -0.741673
-0.712945 0.335361 -0.741673
-0.712945 0.335361 -0.741673
-0.712945 0.335361 -0.741673
-0.712945 0.335361 -0.741673
-0.712945 0.335361 -0.741673
-0.688258 0.927009 0.00486902
-0.688258 0.927009 0.00486902
-0.688258 0.927009 0.00486902
-0.688258 0.927009 0.00486902
-1.59814 -0.0889623 0.105117
-1.59814 -0.0889623 0.105117
