2 33.9724
3 34.3543
4 34.3543
5 33.5817
6 32.6043
7 31.9572
8 32.301
9 31.5318
10 31.2291
11 32.2414
12 32.5216
13 31.6952
14 31.7529
15 31.7529
16 33.4594
17 32.4888
18 32.8199
19 32.5474
20 30.9193
21 30.5463
22 30.5463
23 29.8502
24 30.1725
25 30.0347
26 30.0347
27 30.0347
28 30.8508
29 30.8508
30 30.946
31 30.946
32 30.2928
33 30.2928
34 28.4556
35 28.2291
36 29.2803
37 29.0085
38 29.1682
39 27.2889
40 27.2889
41 27.2889
42 27.5658
43 27.779
44 27.779
45 27.779
46 26.893
47 26.651
48 26.651
49 26.651
50 26.651
51 26.4485
52 26.6096
53 25.4278
54 24.1801
55 24.2006
56 24.281
57 23.6142
58 21.7495
59 21.1514
60 20.1195
61 19.7435
62 20.0203
63 20.0203
64 20.0418
65 20.2261
66 20.5175
67 20.6556
68 20.3485
69 20.436
70 18.9741
71 18.3311
72 18.3311
73 18.0562
74 18.2107
75 18.2107
76 17.5261
77 17.5261
78 17.5261
79 16.6482
80 16.2646
81 16.2646
82 16.2646
83 16.2646
84 14.5118
85 14.5118
86 14.5118
87 13.1221
88 13.0818
89 13.0818
90 12.7691
91 12.7691
92 12.7691
93 12.3883
94 12.3883
95 13.2021
96 13.2021
97 13.2021
98 12.8172
99 13.0677
100 12.7931
101 12.7931
102 13.4594
103 13.2979
104 12.978
105 13.4375
106 13.6936
107 13.6936
108 13.9817
109 13.5724
110 12.7445
111 12.1148
112 11.7455
113 11.1021
114 10.6394
115 10.9662
116 11.2018
117 11.2018
118 10.1607
119 9.82022
120 10.2585
121 10.2769
122 9.96996
123 9.96996
124 9.36837
125 8.53347
126 9.09363
127 8.8174
128 8.21732
129 7.89847
130 7.89847
131 7.89847
132 7.89847
133 7.89847
134 7.95063
135 6.48981
136 7.39902
137 8.07798
138 6.78851
139 8.12799
140 7.63921
141 6.69307
142 6.37093
143 6.07515
144 5.82752
145 5.82752
146 6.59653
147 6.8204
148 6.90131
149 7.05502
150 7.14647
151 6.58923
152 5.95588
153 5.21494
154 4.23138
155 4.23138
156 4.33247
157 2.97381
158 2.97381
159 2.97381
160 3.14289
161 3.32548
162 2.73308
163 2.73308
164 2.73308
165 2.73308
166 2.73308
167 2.62304
168 2.4579
169 2.4579
170 3.89508
171 3.99331
172 3.99331
173 4.90474
174 4.4961
175 4.4961
176 3.83751
177 3.98119
178 4.09358
179 3.33014
180 3.33014
181 3.33014
182 2.95165
183 2.95165
184 1.78422
185 1.78422
186 1.78422
187 1.85802
188 1.32738
189 1.32738
190 2.09666
191 2.09666
192 2.09666
193 1.04462
194 1.04462
195 1.35204
196 1.35204
197 1.35204
198 1.18613
199 1.18613
200 1.18613
201 0.94692
202 0.785917
203 0.418759
204 0.949838
205 0.949838
206 0.949838
207 0.949838
208 0.949838
209 0.949838
210 1.16294
211 1.16294
212 2.15636
213 2.15636
214 1.8844
215 2.08244
216 2.08244
217 2.08244
218 2.56523
219 2.56523
220 2.56523
221 2.66565
222 2.66565
223 1.85188
224 1.27279
225 1.27279
226 0.851561
227 0.851561
228 1.31783
229 1.31783
230 1.31783
231 1.31783
232 1.31783
233 1.31783
234 1.21996
235 0.513569
236 0.513569
237 0.513569
238 0.513569
239 0.513569
240 0.513569
241 0.513569
242 0.513569
243 1.02968
244 0.994914
245 0.994914
246 2.07149
247 2.07149
248 1.93013
249 1.05677
250 1.05677
251 1.05677
252 1.05677
253 1.05677
254 0.574098
255 0.574098
256 0.574098
257 0.181564
258 0.181564
259 0.181564
260 0.181564
261 0.181564
262 0.181564
263 1.34019
264 1.34019
265 1.34019
266 2.12761
267 2.12761
268 1.77579
269 1.65988
270 0.494647
271 0.494647
272 0.629416
273 0.629416
274 0.629416
275 0.629416
276 0.629416
277 0.629416
278 0.629416
279 0.629416
280 0.629416
281 0.629416
282 0.629416
283 0.936975
284 0.936975
285 0.663042
286 0.663042
287 0.663042
288 0.663042
289 1.00414
290 1.25801
291 1.6416
292 1.46495
293 1.46495
294 0.968454
295 0.968454
296 0.968454
297 0.968454
298 0.968454
299 0.968454
300 0.968454
301 1.8393
302 1.0251
303 1.0251
304 1.0251
305 0.930898
306 0.930898
307 0.734252
308 0.734252
309 0.734252
310 1.6853
311 1.27981
312 1.27981
313 2.02538
314 2.02538
315 1.69418
316 2.07195
317 2.07195
318 2.07195
319 2.07195
320 2.07195
321 2.15684
322 2.15684
323 1.10364
324 1.31541
325 1.31541
326 1.31103
327 0.366928
328 0.928119
329 0.877949
330 0.877949
331 0.887738
332 0.887738
333 0.887738
334 1.6268
335 1.6268
336 1.6268
337 0.771344
338 0.771344
339 0.771344
340 0.986585
341 0.986585
342 2.03378
343 2.03378
344 2.28181
345 2.28181
346 1.48709
347 1.53798
348 1.53798
349 1.53798
350 1.53798
351 2.01783
352 1.82782
353 1.22498
354 1.22498
355 1.22498
356 1.22498
357 1.22498
358 1.22498
359 1.35059
360 1.35059
361 1.46058
362 0.880663
363 0.880663
364 1.71948
365 1.71948
366 1.71948
367 1.3531
368 1.3531
369 1.3531
370 1.3531
371 1.3531
372 1.7797
373 1.26918
374 1.26918
375 1.09234
376 1.09234
377 1.09234
378 1.09234
379 1.09234
380 1.09234
381 2.51868
382 3.15949
383 3.34712
384 2.61537
385 2.61537
386 3.01583
387 3.01583
388 3.01583
389 3.01583
390 2.43268
391 2.43268
392 2.46701
393 2.25605
394 1.49117
395 1.49117
396 0.851739
397 0.851739
398 0.462059
399 0.462059
400 0.462059
401 1.10017
402 1.26391
403 1.26391
404 1.26391
405 0.934549
406 0.835724
407 2.25326
408 2.11952
409 2.13227
410 1.66217
411 1.61896
412 1.61896
413 1.69635
414 1.69635
415 2.40236
416 3.21534
417 3.30818
418 2.63971
419 2.66434
420 2.62026
421 2.62026
422 2.62026
423 2.42674
424 2.57178
425 2.49449
426 2.49449
427 2.49449
428 2.49449
429 2.28516
430 2.28516
431 1.6578
432 1.16465
433 1.01442
434 1.31393
435 1.31393
436 1.62272
437 1.72725
438 1.66795
439 1.09098
440 1.76479
441 2.8365
442 2.64355
443 2.64355
444 2.64355
445 2.10225
446 1.77825
447 1.77825
448 1.77825
449 1.77825
450 1.09051
451 0.876154
452 0.876154
453 1.90899
454 1.5151
455 1.74875
456 1.74875
457 1.4772
458 0.518946
459 0.518946
460 0.518946
461 0.269694
462 0.269694
463 0.269694
464 0.269694
465 1.75964
466 1.40232
467 1.40232
468 1.40232
469 0.425383
470 0.425383
471 0.5986
472 0.428701
473 0.428701
474 0.644538
475 0.513643
476 0.513643
477 0.513643
478 1.95242
479 2.73952
480 2.73952
481 2.87444
482 3.77078
483 3.04646
484 3.04646
485 3.57352
486 3.14993
487 2.79909
488 3.10976
489 3.10976
490 3.83688
491 3.64915
492 3.48149
493 3.8093
494 5.21915
495 5.09217
496 4.27201
497 3.98622
498 3.98622
499 4.02225
500 4.38768
501 2.98715
502 3.00041
503 2.87154
504 2.47442
505 1.11751
506 0.674852
507 0.674852
508 0.674852
509 0.674852
510 1.36739
511 1.39902
512 2.68103
513 3.11669
514 3.11669
515 3.73825
516 3.14411
517 2.7603
518 2.32889
519 2.32889
520 3.10554
521 3.10554
522 3.64222
523 3.64222
524 4.19733
525 4.24712
526 4.24712
527 4.24712
528 3.61111
529 3.97912
530 3.97912
531 4.34886
532 4.61791
533 5.01763
534 5.10034
535 4.24363
536 3.5417
537 3.5417
538 4.46953
539 4.46953
540 3.50091
541 3.31389
542 3.31389
543 3.41982
544 2.60059
545 1.96423
546 1.96423
547 1.96423
548 1.55765
549 1.55765
550 1.55765
551 1.55765
552 1.55765
553 1.50713
554 1.50713
555 1.50713
556 1.0229
557 1.0229
558 1.25382
559 1.25382
560 1.81797
561 1.15659
562 1.15659
563 1.65815
564 1.38431
565 1.24206
566 1.24206
567 0.983289
568 0.494732
569 0.494732
570 0.494732
571 0.494732
572 0.494732
573 0.494732
574 1.16531
575 1.73893
576 2.01524
577 1.87165
578 1.87165
579 1.87165
580 0.831445
581 0.831445
582 0.831445
583 0.150016
584 0.150016
585 0.150016
586 0.150016
587 0.150016
588 0.150016
589 0.150016
590 0.611503
591 0.611503
592 0.611503
593 0.611503
594 0.611503
595 0.611503
596 0.611503
597 0.611503
598 0.611503
599 0.611503
600 1.12591
601 1.12591
602 1.08362
603 1.08362
604 1.41773
605 1.41773
606 1.84135
607 1.84135
608 1.99805
609 1.94216
610 1.94216
611 1.94216
612 2.31699
613 2.26074
614 1.87504
615 2.19498
616 1.28374
617 1.28374
618 1.28374
619 1.28374
620 1.28374
621 1.81693
622 1.81693
623 1.81693
624 1.87538
625 1.87538
626 1.87538
627 1.42549
628 1.42549
629 1.42549
630 1.42549
631 1.2545
632 0.418435
633 0.418435
634 0.857261
635 1.15395
636 0.406197
637 0.900091
638 0.900091
639 0.900091
640 0.944419
641 0.813423
642 0.813423
643 0.813423
644 0.813423
645 0.813423
646 0.813423
647 0.813423
648 0.813423
649 0.813423
650 0.813423
651 1.24217
652 1.94815
653 1.94815
654 1.94815
655 1.94815
656 1.97774
657 1.97774
658 1.97774
659 1.97774
660 1.97774
661 1.97774
662 1.33183
663 1.33183
664 1.06603
665 0.607747
666 0.689783
667 0.680516
668 0.680516
669 0.680516
670 0.680516
671 0.680516
672 0.680516
673 0.680516
674 0.680516
675 1.50885
676 0.897199
677 0.897199
678 1.40352
679 1.40352
680 1.40352
681 0.669067
682 0.704478
683 0.704478
684 0.868389
685 0.868389
686 1.59066
687 1.59066
688 1.55232
689 1.55232
690 1.55232
691 1.55232
692 1.55232
693 1.55232
694 1.55232
695 1.55232
696 1.55232
697 1.55232
698 1.55232
699 1.26397
700 1.26397
701 1.48292
702 1.26825
703 1.68727
704 0.461794
705 0.461794
706 0.753509
707 0.616303
708 0.616303
709 1.00912
710 1.00912
711 1.43782
712 0.581974
713 0.581974
714 0.581974
715 0.919321
716 0.919321
717 0.449934
718 0.449934
719 0.877018
720 0.415283
721 0.415283
722 0.415283
723 0.415283
724 0.483849
725 0.483849
726 0.483849
727 0.483849
728 0.483849
729 0.483849
730 1.11674
731 1.11674
732 0.562952
733 0.562952
734 0.562952
735 1.34877
736 1.34877
737 1.44971
738 2.04623
739 2.557
740 2.42917
741 2.38108
742 2.38108
743 2.38108
744 2.58625
745 1.86334
746 1.68139
747 2.37736
748 2.37736
749 2.49669
750 3.4397
751 2.95257
752 2.95257
753 2.55259
754 1.97459
755 1.979
756 1.86783
757 0.828759
758 0.881882
759 0.881882
760 0.881882
761 0.881882
762 1.3546
763 1.40248
764 1.60168
765 1.85237
766 1.85237
767 1.52304
768 1.45719
769 2.23426
770 2.4548
771 2.44378
772 2.96617
773 1.95778
774 1.37431
775 1.80082
776 1.80082
777 1.64716
778 1.64716
779 1.64716
780 1.64716
781 1.64716
782 1.64716
783 1.64716
784 1.64716
785 1.64716
786 1.48779
787 1.48779
788 1.41173
789 2.34358
790 2.34358
791 2.93531
792 2.93531
793 2.16609
794 2.16609
795 1.42844
796 1.51167
797 1.80924
798 1.80924
799 1.56664
800 1.43645
801 1.43645
802 1.51101
803 1.51101
804 1.46776
805 0.765589
806 0.62909
807 0.62909
808 0.62909
809 0.62909
810 0.62909
811 0.980393
812 2.13114
813 1.09532
814 1.09532
815 1.09532
816 1.09532
817 0.598925
818 0.598925
819 0.598925
820 0.598925
821 0.598925
822 0.598925
823 0.598925
824 0.598925
825 0.598925
826 0.598925
827 1.49517
828 0.801601
829 0.801601
830 1.34568
831 1.0903
832 1.33123
833 1.33123
834 1.25007
835 0.885524
836 0.885524
837 0.43315
838 1.78585
839 1.78585
840 2.70823
841 2.04333
842 2.2673
843 2.2673
844 2.2673
845 2.2673
846 1.80965
847 1.58943
848 1.83474
849 1.73948
850 0.778491
851 0.778491
852 0.778491
853 0.778491
854 0.778491
855 0.778491
856 0.778491
857 1.19988
858 0.923138
859 0.923138
860 0.923138
861 0.56164
862 1.44317
863 2.34596
864 3.34172
865 3.62666
866 3.62666
867 3.62666
868 3.62666
869 2.89388
870 3.12024
871 3.56592
872 3.56592
873 3.69996
874 4.40161
875 3.76401
876 4.11124
877 4.3588
878 3.65944
879 2.75229
880 2.43682
881 2.17053
882 2.14565
883 2.14565
884 1.28421
885 0.703522
886 1.54313
887 3.19751
888 2.84228
889 2.84228
890 2.4579
891 2.40654
892 1.58266
893 1.58266
894 1.60037
895 1.81245
896 1.81245
897 1.2693
898 1.2693
899 1.61816
900 1.91567
901 1.91567
902 1.33866
903 1.76697
904 1.76697
905 2.14169
906 2.59281
907 2.59281
908 1.82786
909 1.82786
910 2.33432
911 2.33432
912 2.33432
913 2.33432
914 2.33432
915 3.05449
916 2.99115
917 2.264
918 2.264
919 2.264
920 2.264
921 2.264
922 1.54144
923 1.54144
924 1.54144
925 0.530176
926 0.530176
927 0.530176
928 0.530176
929 0.530176
930 0.530176
931 1.2016
932 1.2016
933 1.06974
934 1.43087
935 0.99507
936 0.881789
937 0.987663
938 0.987663
939 1.02263
940 1.15812
941 0.950891
942 0.8596
943 0.708752
944 0.708752
945 1.00792
946 0.934026
947 0.934026
948 1.88134
949 1.70743
950 1.51766
951 1.85909
952 2.44561
953 2.44561
954 1.86354
955 1.86354
956 1.86354
957 1.86354
958 1.86354
959 1.12932
960 1.12932
961 1.12932
962 1.12932
963 1.12932
964 0.789813
965 0.652984
966 0.652984
967 0.652984
968 1.30905
969 1.30905
970 1.30905
971 1.30905
972 1.30905
973 1.48926
974 1.14684
975 1.16881
976 1.07976
977 1.39793
978 1.38335
979 1.05788
980 1.69007
981 1.27632
982 1.29306
983 1.51066
984 1.51066
985 1.51066
986 1.51066
987 1.08205
988 1.08205
989 1.08205
990 1.08205
991 1.08205
992 1.08205
993 1.08205
994 1.08205
995 1.15459
996 1.15459
997 1.15459
998 1.15459
999 1.60407
1000 1.60407
