1   2.213025757   0
2   2.43854257   0.2255168132
3   2.366305207   0.148898783
4   2.362243017   0.1053656736
5   2.399669433   0.08978803785
6   2.412016334   0.07434406812
7   2.418239332   0.06313962103
8   2.365340291   0.07608066335
9   2.363756357   0.06711553137
10   2.372424994   0.06065262478
11   2.351477513   0.05872542762
12   2.346263222   0.05386172461
13   2.33767293   0.0502847656
14   2.338389057   0.04656015428
15   2.322406318   0.0461979385
16   2.312190226   0.04440536973
17   2.310596683   0.04174201043
18   2.292246498   0.04342263462
19   2.284705347   0.04176024212
20   2.274380607   0.04094052158
21   2.279918027   0.03933393267
22   2.278185256   0.03754344159
23   2.270544197   0.03667873637
24   2.267738255   0.03522913852
25   2.269359345   0.0338294658
26   2.257182251   0.03470851597
27   2.261576781   0.03368615947
28   2.260902318   0.03246780166
29   2.264782165   0.03156755925
30   2.264392022   0.03049965501
31   2.26802065   0.0297217282
32   2.265956802   0.02885185043
33   2.277540381   0.03026810704
34   2.27886696   0.02939432687
35   2.277031163   0.02860111299
36   2.282901599   0.02840844802
37   2.284421869   0.02767177914
38   2.291272241   0.02779124895
39   2.289696333   0.02711510891
40   2.279948498   0.02816891843
41   2.278568602   0.02750791428
42   2.2833293   0.02726383978
43   2.298878927   0.03083074743
44   2.295448081   0.03031665477
45   2.292379585   0.02979373014
46   2.29673583   0.02946267196
47   2.300020125   0.0290154678
48   2.3006245   0.02841097647
49   2.301654323   0.02784417086
50   2.297948139   0.02753219462
51   2.29243433   0.02754446379
52   2.290152126   0.02710581609
53   2.294959244   0.02702051374
54   2.292395487   0.02663906843
55   2.29242585   0.02615025428
56   2.293176586   0.02569001161
57   2.294208994   0.02525639497
58   2.294501326   0.0248188415
59   2.292911105   0.02444633292
60   2.292386652   0.024041162
61   2.29402136   0.02370020376
62   2.296339872   0.02342980612
63   2.298992561   0.02320701195
64   2.295925086   0.02304657544
65   2.2953791   0.02269581081
66   2.294081306   0.0223869384
67   2.294659287   0.02205784723
68   2.296142697   0.02178161785
69   2.295368908   0.02147756443
70   2.294278044   0.02119660737
71   2.29595963   0.02096348402
72   2.298680243   0.0208485483
73   2.299937946   0.02059939889
74   2.296680458   0.0205785797
75   2.295161813   0.02035906381
76   2.295718233   0.02009709958
77   2.293902389   0.01991732815
78   2.292222019   0.01973199969
79   2.290149914   0.01959051871
80   2.29090641   0.01935887393
81   2.289600997   0.01916289705
82   2.287258676   0.01907214158
83   2.286208663   0.0188701917
84   2.284971568   0.01868519052
85   2.284178917   0.01848106239
86   2.286471739   0.01840825042
87   2.28702831   0.01820394148
88   2.287028589   0.0179958896
89   2.287724661   0.01780615018
90   2.288248505   0.01761498345
91   2.286686463   0.01749022898
92   2.28709732   0.01730395149
93   2.290981638   0.01755207626
94   2.290926549   0.01736443551
95   2.28912044   0.01727535186
96   2.288333941   0.0171125366
97   2.28863124   0.01693780917
98   2.288157586   0.01677077345
99   2.287835723   0.01660362736
100   2.286805538   0.01646900463
