1   -3.297883933   0
2   -3.297493454   0.0003904785464
3   -3.297763973   0.0003521431707
4   -3.29742458   0.0004209392464
5   -3.297008888   0.0005283120305
6   -3.29722794   0.0004837967801
7   -3.297029694   0.0004544081717
8   -3.297215403   0.0004351472749
9   -3.297061245   0.0004135692814
10   -3.297178551   0.0003880624968
11   -3.29732362   0.0003798116944
12   -3.297469606   0.0003761993081
13   -3.297386865   0.0003558071961
14   -3.297591158   0.0003876193769
15   -3.297495909   0.0003732129131
16   -3.297537192   0.0003515411197
17   -3.2976274   0.0003423151326
18   -3.297729556   0.0003385198377
19   -3.297847521   0.0003412457156
20   -3.298026251   0.000369794582
21   -3.298059024   0.0003532683108
22   -3.298051636   0.0003369091237
23   -3.298041494   0.000322087552
24   -3.298074905   0.0003101801058
25   -3.298060063   0.0002978843035
26   -3.298173627   0.0003079058797
27   -3.298118874   0.0003012992727
28   -3.298060358   0.0002961772746
29   -3.298027035   0.0002877180968
30   -3.297971736   0.0002834093502
31   -3.297901258   0.0002830299303
32   -3.297889193   0.0002743080336
33   -3.297854361   0.0002681377345
34   -3.297874241   0.0002608903516
35   -3.29785408   0.0002541277318
36   -3.297774336   0.0002595230452
37   -3.297761164   0.0002527549297
38   -3.297762597   0.0002460177611
39   -3.297777443   0.0002400860336
40   -3.297835564   0.0002411167678
41   -3.297787322   0.0002400597314
42   -3.2977243   0.000242602947
43   -3.297713033   0.0002371616194
44   -3.297698028   0.0002321942481
45   -3.297735181   0.0002299963421
46   -3.297687535   0.0002299314759
47   -3.29769731   0.0002251983829
48   -3.297727919   0.0002225715943
49   -3.297729141   0.0002179854229
50   -3.297762552   0.0002161785987
51   -3.297789618   0.0002136191284
52   -3.297776418   0.0002098862998
53   -3.297736135   0.0002097918538
54   -3.297809343   0.0002184991684
55   -3.297884188   0.0002271731763
56   -3.297846569   0.0002262293738
57   -3.297862897   0.0002228240516
58   -3.297855566   0.0002190712554
59   -3.297883945   0.000217188225
60   -3.297883748   0.0002135378338
61   -3.297890893   0.0002101295526
62   -3.297917907   0.0002084701999
63   -3.297909651   0.0002053005137
64   -3.29791569   0.0002021574618
65   -3.297919685   0.0001990631349
66   -3.297905168   0.000196560646
67   -3.297882906   0.0001948803708
68   -3.297852779   0.0001943424045
69   -3.297839227   0.0001919840754
70   -3.297870897   0.0001918535431
71   -3.29789095   0.0001901922276
72   -3.297938289   0.0001934146494
73   -3.297959731   0.0001919481028
74   -3.298004081   0.0001944613816
75   -3.297996297   0.0001920088893
76   -3.297985944   0.0001897482854
77   -3.297992374   0.0001873781625
78   -3.298009699   0.0001857699948
79   -3.298004126   0.0001834880656
80   -3.297996201   0.0001813532084
81   -3.29801585   0.0001801749278
82   -3.298025707   0.0001782368586
83   -3.298047039   0.0001773639232
84   -3.298069777   0.0001767087443
85   -3.298056778   0.0001751006424
86   -3.298052783   0.0001730987195
87   -3.298040693   0.0001715241004
88   -3.298008158   0.0001726568813
89   -3.297990776   0.0001715886026
90   -3.298013533   0.0001711906967
91   -3.298055607   0.0001744488619
92   -3.298051175   0.0001725991867
93   -3.29803908   0.0001711610371
94   -3.298060913   0.0001707320814
95   -3.298075119   0.0001695216501
96   -3.298079209   0.0001677963667
97   -3.298081137   0.0001660686846
98   -3.298073446   0.0001645452019
99   -3.298066993   0.0001630024332
100   -3.298050129   0.0001622429694
