1   1.690527851   0
2   1.663544675   0.02698317612
3   1.676616856   0.02033664627
4   1.684979052   0.01663478016
5   1.679714976   0.01391905324
6   1.677060407   0.0116707654
7   1.676580342   0.009875272591
8   1.683396572   0.01093625884
9   1.68257707   0.009679626685
10   1.683458701   0.008702494477
11   1.683125738   0.007878741234
12   1.683887803   0.007232533897
13   1.685607167   0.006871545363
14   1.685102891   0.006381769492
15   1.686822949   0.00618508815
16   1.688866841   0.006136032656
17   1.690200194   0.005916012985
18   1.693702298   0.006585980682
19   1.695782549   0.006567859658
20   1.697694556   0.006517581798
21   1.69775967   0.006199798825
22   1.698214527   0.005928750445
23   1.699365029   0.005780761919
24   1.699438803   0.005535149825
25   1.699288106   0.005311267509
26   1.701357644   0.005506594614
27   1.700689477   0.005340684755
28   1.701180032   0.005169739451
29   1.701165027   0.004988310787
30   1.701336824   0.004822227259
31   1.701257509   0.004664752574
32   1.701831058   0.004552898062
33   1.700140052   0.004725683904
34   1.699946981   0.004588650411
35   1.700928951   0.004562542621
36   1.699434868   0.004678951978
37   1.698224366   0.00470898312
38   1.69817473   0.004583656366
39   1.699511511   0.004660414014
40   1.701193122   0.004843686595
41   1.701145036   0.004724315659
42   1.700181151   0.004710139622
43   1.697550384   0.005298534859
44   1.698321784   0.005233872088
45   1.699319774   0.00521266892
46   1.698823083   0.005122229167
47   1.698059549   0.00506988544
48   1.697764255   0.004971915882
49   1.697906756   0.004871475813
50   1.698554644   0.004816823037
51   1.699538493   0.004822848635
52   1.699695684   0.004731803853
53   1.698716231   0.004743879373
54   1.699070261   0.004668643526
55   1.698549054   0.004612515379
56   1.698527211   0.004529452857
57   1.698289496   0.004455624972
58   1.697932585   0.004392653803
59   1.698176708   0.004324456296
60   1.69811075   0.004252282769
61   1.697754633   0.004197127391
62   1.697350966   0.004148562587
63   1.696952364   0.004101595736
64   1.698027035   0.00417759312
65   1.69809848   0.004113440807
66   1.69820071   0.004051926341
67   1.697919617   0.004000878387
68   1.697781537   0.003944020646
69   1.697829895   0.003886741451
70   1.697725747   0.003832229674
71   1.697212772   0.003812536936
72   1.696597091   0.003809296382
73   1.696613655   0.003756788363
74   1.697097123   0.003737078491
75   1.6974039   0.00369965505
76   1.697414051   0.003650664945
77   1.697805405   0.003624134038
78   1.698279109   0.003608595976
79   1.698632969   0.003580155301
80   1.698236385   0.003557295815
81   1.69846541   0.003520561418
82   1.698742209   0.003488361961
83   1.698963565   0.003453179212
84   1.699181067   0.003418748071
85   1.699341905   0.003382114635
86   1.69903201   0.003356891122
87   1.698946856   0.003319174333
88   1.699115808   0.003285586514
89   1.698950075   0.003252685111
90   1.698774645   0.003221121838
91   1.699265825   0.003223173711
92   1.698854916   0.003214319678
93   1.698329716   0.003222653398
94   1.698356313   0.003188296463
95   1.698623774   0.00316587505
96   1.698537648   0.003133907291
97   1.698450938   0.003102642596
98   1.698309307   0.003074084159
99   1.698450153   0.00304613232
100   1.698476658   0.003015633633
