1 3.24675 0
2 3.05604 0.190712
3 3.11611 0.125427
4 3.10161 0.0898678
5 3.10629 0.0697683
6 3.09516 0.0580425
7 3.11234 0.051977
8 3.12012 0.0456813
9 3.17457 0.0677279
10 3.18714 0.0618694
11 3.16958 0.0586525
12 3.16186 0.0540961
13 3.14895 0.051409
14 3.14864 0.0475965
15 3.13656 0.0459286
16 3.13768 0.042977
17 3.133 0.0406404
18 3.1423 0.0394276
19 3.13886 0.0374532
20 3.13866 0.0355318
21 3.15454 0.037344
22 3.15921 0.0359114
23 3.15944 0.0343153
24 3.15522 0.0331246
25 3.15096 0.032056
26 3.14739 0.0310048
27 3.14729 0.0298346
28 3.13932 0.0298351
29 3.13652 0.0289238
30 3.14054 0.0282317
31 3.13582 0.0277119
32 3.13083 0.0272917
33 3.1373 0.0272326
34 3.1393 0.0264947
35 3.13438 0.0261914
36 3.13869 0.0258155
37 3.13966 0.0251268
38 3.14332 0.0247288
39 3.14819 0.0245742
40 3.14936 0.0239804
41 3.15523 0.0241124
42 3.15894 0.0238227
43 3.1577 0.0232952
44 3.15522 0.0228938
45 3.15225 0.0225767
46 3.15667 0.0225191
47 3.16019 0.0223147
48 3.15729 0.0220361
49 3.15585 0.0216301
50 3.15874 0.0213892
51 3.16067 0.0210545
52 3.15852 0.0207575
53 3.15475 0.0207086
54 3.15313 0.0203856
55 3.15192 0.0200482
56 3.15024 0.0197581
57 3.14719 0.0196471
58 3.14502 0.0194274
59 3.13919 0.019965
60 3.13895 0.0196309
61 3.14269 0.019665
62 3.14288 0.0193462
63 3.14183 0.0190654
64 3.14067 0.0188011
65 3.14381 0.0187733
66 3.14181 0.0185941
67 3.14127 0.0183225
68 3.14103 0.0180526
69 3.13929 0.0178737
70 3.13895 0.0176198
71 3.13729 0.017449
72 3.13753 0.0172066
73 3.13846 0.0169945
74 3.13579 0.0169739
75 3.13618 0.0167505
76 3.13565 0.0165371
77 3.13779 0.0164604
78 3.13725 0.0162569
79 3.13864 0.0161095
80 3.13908 0.0159132
81 3.13952 0.0157216
82 3.14135 0.015636
83 3.14116 0.0154477
84 3.14073 0.0152686
85 3.14078 0.015088
86 3.13796 0.0151752
87 3.1385 0.0150094
88 3.13737 0.0148804
89 3.1397 0.0148952
90 3.14198 0.0149034
91 3.14075 0.0147898
92 3.14435 0.0150653
93 3.14383 0.0149115
94 3.14538 0.0148332
95 3.1476 0.0148422
96 3.14919 0.0147727
97 3.14815 0.0146562
98 3.14905 0.0145337
99 3.14921 0.014387
100 3.14687 0.014433
