1   -5.524490015   0
2   -5.524354877   0.0001351385052
3   -5.524450528   0.0001234371108
4   -5.524485116   9.388628417e-05
5   -5.524565143   0.0001081350687
6   -5.524617694   0.0001027473781
7   -5.524642246   9.024147812e-05
8   -5.524612434   8.364446244e-05
9   -5.524501466   0.0001332493612
10   -5.524383801   0.0001674795264
11   -5.524277049   0.0001853256386
12   -5.524104305   0.0002417886915
13   -5.524059521   0.0002268772228
14   -5.524051689   0.0002101934426
15   -5.524062935   0.0001960023364
16   -5.524128155   0.0001945982602
17   -5.524176703   0.0001891302446
18   -5.524158808   0.0001792094325
19   -5.524136878   0.0001709277524
20   -5.524128534   0.0001623708598
21   -5.524150707   0.0001560290193
22   -5.524144293   0.0001489060141
23   -5.524185571   0.0001481513409
24   -5.524188455   0.0001418734182
25   -5.524209043   0.0001376287704
26   -5.5242652   0.000143660105
27   -5.524259985   0.0001383353286
28   -5.524294256   0.000137638266
29   -5.524339783   0.0001403939306
30   -5.5243331   0.000135797956
31   -5.524348419   0.0001322346555
32   -5.524368516   0.0001296033655
33   -5.524361299   0.000125821802
34   -5.524393701   0.0001262925345
35   -5.524390732   0.0001226670362
36   -5.524399188   0.0001195104202
37   -5.524401768   0.0001162641873
38   -5.52438871   0.0001139141848
39   -5.524391568   0.0001109916657
40   -5.524376969   0.0001091618911
41   -5.524380328   0.0001065191032
42   -5.524368025   0.0001046775865
43   -5.524366213   0.0001022302839
44   -5.524372328   0.0001000668269
45   -5.524390156   9.94292833e-05
46   -5.524430509   0.0001052839033
47   -5.524437583   0.0001032620761
48   -5.524445077   0.0001013652436
49   -5.524443386   9.928941141e-05
50   -5.524445798   9.731326137e-05
51   -5.524429893   9.670301728e-05
52   -5.524408496   9.720924228e-05
53   -5.524386071   9.795887751e-05
54   -5.52438268   9.618749333e-05
55   -5.524403866   9.676995181e-05
56   -5.524403214   9.502843868e-05
57   -5.524395591   9.365713002e-05
58   -5.524408351   9.290851562e-05
59   -5.524405139   9.137666989e-05
60   -5.524404273   8.98449925e-05
61   -5.52438916   8.964293719e-05
62   -5.52438494   8.828618418e-05
63   -5.52437093   8.79958782e-05
64   -5.524370583   8.661072624e-05
65   -5.524366557   8.53628028e-05
66   -5.524365403   8.406740837e-05
67   -5.524377139   8.363073634e-05
68   -5.524384153   8.26896858e-05
69   -5.524370949   8.25453435e-05
70   -5.524379384   8.179371538e-05
71   -5.524389609   8.127910562e-05
72   -5.524376176   8.126023049e-05
73   -5.52436366   8.11108182e-05
74   -5.524366065   8.004337086e-05
75   -5.524361633   7.909318117e-05
76   -5.524370051   7.849820864e-05
77   -5.524376174   7.771357666e-05
78   -5.524378506   7.674624218e-05
79   -5.524380788   7.580288632e-05
80   -5.524381018   7.48497079e-05
81   -5.52438056   7.392128029e-05
82   -5.524397478   7.494858696e-05
83   -5.524402148   7.418721837e-05
84   -5.524404276   7.332960797e-05
85   -5.524415401   7.331076047e-05
86   -5.524434598   7.495337467e-05
87   -5.524417249   7.609108914e-05
88   -5.52440883   7.56911014e-05
89   -5.524410943   7.486563484e-05
90   -5.524403506   7.440178097e-05
91   -5.52441312   7.420503253e-05
92   -5.524421542   7.387572252e-05
93   -5.524410687   7.387879969e-05
94   -5.524401441   7.367117916e-05
95   -5.524393611   7.331094132e-05
96   -5.524386992   7.284458165e-05
97   -5.524390512   7.217555156e-05
98   -5.524385914   7.158303713e-05
99   -5.52438356   7.089539053e-05
100   -5.524379205   7.031786031e-05
