1   9.417728804   0
2   9.40008356   0.01764524342
3   9.425675497   0.02754509161
4   9.422352232   0.01975879863
5   9.434224374   0.01936992058
6   9.410371718   0.02861954549
7   9.416493701   0.02495064445
8   9.418446043   0.02169591286
9   9.414837113   0.01947136884
10   9.418167533   0.01773130167
11   9.417768145   0.01604353776
12   9.420379902   0.01487673331
13   9.417990564   0.01389162823
14   9.421594074   0.01335643774
15   9.4166392   0.01338503944
16   9.416445375   0.01252205809
17   9.418976802   0.01203174024
18   9.419244783   0.01134679844
19   9.419558953   0.01073759393
20   9.41705114   0.01049073207
21   9.416525253   0.009992524405
22   9.418889337   0.009816420719
23   9.416675385   0.009637654633
24   9.419188444   0.009563445398
25   9.419149196   0.009173018546
26   9.416625836   0.009167277696
27   9.418669725   0.009054907708
28   9.418205126   0.008737887624
29   9.415978682   0.008720216248
30   9.417010531   0.008487485274
31   9.415234579   0.008399037949
32   9.414255301   0.008191082539
33   9.417327884   0.008512831806
34   9.41620546   0.008334584484
35   9.414838127   0.008207645998
36   9.414755215   0.007976829081
37   9.415433391   0.007787828755
38   9.415686437   0.007584338415
39   9.416043176   0.00739591752
40   9.416227732   0.007211010835
41   9.416043395   0.007035349079
42   9.414692167   0.006997499225
43   9.41592835   0.006943752818
44   9.41634786   0.006797063241
45   9.415682944   0.006677487995
46   9.415996105   0.006538216161
47   9.415188999   0.006448303332
48   9.416091563   0.006376732049
49   9.416242785   0.006247069488
50   9.414287424   0.006425595604
51   9.414857439   0.006324084786
52   9.415036173   0.006203850537
53   9.414992211   0.006085829914
54   9.414911427   0.005972612409
55   9.414293391   0.005895498366
56   9.415538929   0.005921735345
57   9.414944394   0.005847221789
58   9.416661832   0.005996718371
59   9.416369306   0.005901457327
60   9.416169268   0.005805713298
61   9.415699311   0.005729052427
62   9.415667943   0.005635978187
63   9.416179425   0.005569333402
64   9.415206727   0.005567254158
65   9.415250482   0.005481109553
66   9.415511871   0.005403749252
67   9.41606197   0.005350837053
68   9.41580908   0.005277623418
69   9.416162811   0.005212589812
70   9.416202775   0.005137740045
71   9.416053863   0.005067049218
72   9.416154227   0.004997185866
73   9.416322048   0.004931112426
74   9.416299266   0.004864072686
75   9.41611739   0.00480222552
76   9.415755912   0.004752384526
77   9.415607994   0.004692591038
78   9.415364862   0.004638415498
79   9.416222202   0.004658889419
80   9.415600189   0.00464214603
81   9.415374167   0.004590045636
82   9.415495958   0.004535359478
83   9.415263708   0.0044863989
84   9.415009396   0.004439956873
85   9.41487155   0.004389576077
86   9.414589199   0.004347412874
87   9.415078596   0.004324930668
88   9.415311268   0.004281827573
89   9.414626508   0.004288466105
90   9.414595213   0.004240664254
91   9.414440878   0.004196643534
92   9.415060503   0.004196771
93   9.414830499   0.004157765842
94   9.414861458   0.004113412981
95   9.415754918   0.00416680018
96   9.415784385   0.004123272856
97   9.415461951   0.00409326258
98   9.415688413   0.004057603839
99   9.415194539   0.004046659367
100   9.415554857   0.004022160199
