1   0.7793046205   0
2   0.7823150325   0.003010412032
3   0.7796360487   0.003193401712
4   0.780154618   0.002316855924
5   0.7778409627   0.002928087003
6   0.780385067   0.003491169176
7   0.7793852576   0.003115368422
8   0.7784846875   0.002844321856
9   0.7789668266   0.002554370789
10   0.7785078396   0.002330347016
11   0.7786744214   0.002114450274
12   0.7780827987   0.002018853011
13   0.7782855347   0.001868108197
14   0.7777816156   0.001801448258
15   0.7782902154   0.001752482273
16   0.7782970731   0.001639311405
17   0.7780089299   0.001566592004
18   0.7779218823   0.001479559981
19   0.7779658287   0.001400213442
20   0.7780527598   0.001331200557
21   0.7780781954   0.001266479745
22   0.7776972858   0.001266194087
23   0.7779746654   0.001241279206
24   0.7776819124   0.001223961008
25   0.7776776734   0.00117398981
26   0.7779764421   0.001166831381
27   0.7777522479   0.001144948474
28   0.7778752174   0.001110131651
29   0.7781526056   0.001106500765
30   0.7779581991   0.001086515026
31   0.7781320329   0.001065162355
32   0.7781746515   0.001032219214
33   0.7778455271   0.001053197523
34   0.7779968101   0.001032890622
35   0.7780799311   0.001006383889
36   0.7780972825   0.0009781832463
37   0.7780305786   0.0009537141419
38   0.7779849632   0.0009293972686
39   0.7779331997   0.000906731698
40   0.7778983118   0.0008844610917
41   0.7778549228   0.0008637096984
42   0.7780607734   0.0008676666135
43   0.777916946   0.0008593693039
44   0.7778731437   0.0008407528448
45   0.7779402063   0.0008245886782
46   0.7778642257   0.0008100349603
47   0.7779390385   0.0007961356833
48   0.7778030933   0.0007911405974
49   0.7777353889   0.0007777790564
50   0.7779655171   0.0007960537964
51   0.7778180472   0.0007941019969
52   0.777740522   0.0007825307445
53   0.7777387447   0.0007676260893
54   0.777714964   0.0007536519528
55   0.7777932442   0.0007439521686
56   0.7776300578   0.0007485506197
57   0.7777369003   0.0007430226803
58   0.777546731   0.0007544598927
59   0.7776466472   0.0007482631508
60   0.7776843862   0.0007366537282
61   0.7777392468   0.0007265509686
62   0.7777074383   0.0007154437916
63   0.7776539558   0.0007060245616
64   0.7777761242   0.0007055626052
65   0.7777701034   0.0006946490808
66   0.7777359289   0.0006848962666
67   0.7776840479   0.0006765885467
68   0.7777280816   0.0006680173227
69   0.7777172747   0.0006583534249
70   0.7777105741   0.0006489148153
71   0.7777347928   0.0006401681643
72   0.77770508   0.0006319132632
73   0.7776536139   0.0006253183298
74   0.77762036   0.0006177059519
75   0.777613893   0.000609448533
76   0.777627047   0.0006015198523
77   0.7776110868   0.0005938710115
78   0.7776142832   0.0005862165529
79   0.7774614203   0.0005985957783
80   0.7775777018   0.0006023955323
81   0.7776237277   0.0005966898236
82   0.7775942949   0.000590102673
83   0.7776162713   0.0005833637424
84   0.7776347769   0.0005766741007
85   0.7776371558   0.0005698542799
86   0.7776444123   0.0005632358358
87   0.7775603234   0.0005630388949
88   0.7775272113   0.0005575879965
89   0.7776019865   0.0005563354122
90   0.7776155364   0.0005502860273
91   0.7776267791   0.0005443214506
92   0.7775779618   0.0005405811454
93   0.7776503495   0.0005396141929
94   0.7776669798   0.0005341017229
95   0.7775968895   0.0005330776046
96   0.7776009342   0.0005275109936
97   0.7776467154   0.0005240479768
98   0.7776334806   0.0005188418118
99   0.7776959473   0.0005173592617
100   0.7776295442   0.0005164462931
