1   1.168956931   0
2   1.173472549   0.004515618048
3   1.169454073   0.004790102567
4   1.170231927   0.003475283886
5   1.166761444   0.004392130505
6   1.170577601   0.005236753763
7   1.169077886   0.004673052633
8   1.167727031   0.004266482784
9   1.16845024   0.003831556183
10   1.167761759   0.003495520524
11   1.168011632   0.003171675411
12   1.167124198   0.003028279516
13   1.167428302   0.002802162296
14   1.166672423   0.002702172386
15   1.167435323   0.00262872341
16   1.16744561   0.002458967107
17   1.167013395   0.002349888006
18   1.166882823   0.002219339971
19   1.166948743   0.002100320163
20   1.16707914   0.001996800835
21   1.167117293   0.001899719618
22   1.166545929   0.00189929113
23   1.166961998   0.00186191881
24   1.166522869   0.001835941511
25   1.16651651   0.001760984715
26   1.166964663   0.001750247072
27   1.166628372   0.001717422712
28   1.166812826   0.001665197476
29   1.167228908   0.001659751148
30   1.166937299   0.001629772538
31   1.167198049   0.001597743533
32   1.167261977   0.001548328821
33   1.166768291   0.001579796284
34   1.166995215   0.001549335933
35   1.167119897   0.001509575833
36   1.167145924   0.001467274869
37   1.167045868   0.001430571213
38   1.166977445   0.001394095903
39   1.1668998   0.001360097547
40   1.166847468   0.001326691638
41   1.166782384   0.001295564548
42   1.16709116   0.00130149992
43   1.166875419   0.001289053956
44   1.166809716   0.001261129267
45   1.166910309   0.001236883017
46   1.166796339   0.00121505244
47   1.166908558   0.001194203525
48   1.16670464   0.001186710896
49   1.166603083   0.001166668585
50   1.166948276   0.001194080695
51   1.166727071   0.001191152995
52   1.166610783   0.001173796117
53   1.166608117   0.001151439134
54   1.166572446   0.001130477929
55   1.166689866   0.001115928253
56   1.166445087   0.00112282593
57   1.16660535   0.00111453402
58   1.166320096   0.001131689839
59   1.166469971   0.001122394726
60   1.166526579   0.001104980592
61   1.16660887   0.001089826453
62   1.166561158   0.001073165687
63   1.166480934   0.001059036842
64   1.166664186   0.001058343908
65   1.166655155   0.001041973621
66   1.166603893   0.0010273444
67   1.166526072   0.00101488282
68   1.166592122   0.001002025984
69   1.166575912   0.0009875301374
70   1.166565861   0.0009733722229
71   1.166602189   0.0009602522464
72   1.16655762   0.0009478698948
73   1.166480421   0.0009379774948
74   1.16643054   0.0009265589279
75   1.16642084   0.0009141727994
76   1.16644057   0.0009022797785
77   1.16641663   0.0008908065172
78   1.166421425   0.0008793248294
79   1.16619213   0.0008978936675
80   1.166366553   0.0009035932984
81   1.166435592   0.0008950347354
82   1.166391442   0.0008851540095
83   1.166424407   0.0008750456136
84   1.166452165   0.000865011151
85   1.166455734   0.0008547814199
86   1.166466618   0.0008448537536
87   1.166340485   0.0008445583424
88   1.166290817   0.0008363819948
89   1.16640298   0.0008345031183
90   1.166423305   0.000825429041
91   1.166440169   0.0008164821759
92   1.166366943   0.0008108717181
93   1.166475524   0.0008094212894
94   1.16650047   0.0008011525843
95   1.166395334   0.0007996164068
96   1.166401401   0.0007912664904
97   1.166470073   0.0007860719653
98   1.166450221   0.0007782627176
99   1.166543921   0.0007760388926
100   1.166444316   0.0007746694397
