1   -6.693446946   0
2   -6.697827425   0.004380479524
3   -6.693904601   0.004667413473
4   -6.694717043   0.003398887303
5   -6.691326587   0.004292627197
6   -6.695195294   0.005220280257
7   -6.693720132   0.004652024991
8   -6.692339465   0.004258784346
9   -6.692951706   0.003805467766
10   -6.692145561   0.003497876328
11   -6.692288681   0.003167183533
12   -6.691228503   0.003079478378
13   -6.691487823   0.002844553047
14   -6.690724112   0.002742044758
15   -6.691498258   0.002667508741
16   -6.691573765   0.002496368123
17   -6.691190098   0.002376109201
18   -6.691041631   0.002245131543
19   -6.691085621   0.002124137388
20   -6.691207673   0.002018826493
21   -6.691268   0.001921234382
22   -6.690690222   0.001920783801
23   -6.69114757   0.001891496518
24   -6.690711324   0.00186277293
25   -6.690725553   0.001786765687
26   -6.691229863   0.001789212381
27   -6.690888357   0.001755213807
28   -6.691107082   0.001705450388
29   -6.691568691   0.001709108945
30   -6.691270399   0.001677884065
31   -6.691546468   0.001646170526
32   -6.691630493   0.001596110989
33   -6.691129589   0.001626061868
34   -6.691388916   0.001598684999
35   -6.691510629   0.001557100608
36   -6.691545111   0.001513622624
37   -6.691447636   0.001475369143
38   -6.691366155   0.001438328689
39   -6.691291367   0.001402957884
40   -6.691224437   0.001369071222
41   -6.691162712   0.001336687654
42   -6.691459185   0.001337739553
43   -6.691241632   0.001324251231
44   -6.691182043   0.001295176127
45   -6.691300466   0.001271593599
46   -6.691226848   0.001245820089
47   -6.691346141   0.001224848227
48   -6.691149717   0.00121504122
49   -6.691046469   0.001194456799
50   -6.691394074   0.001220855004
51   -6.691156964   0.001219941635
52   -6.691019279   0.001204148676
53   -6.690994188   0.001181476874
54   -6.690955126   0.001160049087
55   -6.691093732   0.001147166256
56   -6.690848301   0.001152921138
57   -6.691000942   0.001142754029
58   -6.690728447   0.001155469346
59   -6.69087511   0.001145146924
60   -6.690930852   0.001127278425
61   -6.690998031   0.001110677903
62   -6.690946097   0.001093850431
63   -6.690851864   0.001080464845
64   -6.691034769   0.001079063125
65   -6.691021713   0.001062412683
66   -6.690969296   0.001047503954
67   -6.690903211   0.001033865394
68   -6.690976275   0.00102116525
69   -6.690946861   0.001006686741
70   -6.690945245   0.0009922025992
71   -6.690991798   0.0009792352547
72   -6.690933796   0.000967279567
73   -6.690844081   0.0009581465861
74   -6.690796605   0.0009463016244
75   -6.690782473   0.0009337059715
76   -6.690810622   0.0009217683636
77   -6.690792804   0.0009098930625
78   -6.690799931   0.0008981802944
79   -6.690572918   0.0009153355298
80   -6.690747571   0.0009205415034
81   -6.690816152   0.0009116888748
82   -6.69078892   0.0009009137335
83   -6.690826555   0.0008907885251
84   -6.690856442   0.0008806273083
85   -6.690871135   0.0008703293491
86   -6.690901217   0.0008606755732
87   -6.690757734   0.0008627402031
88   -6.690699647   0.0008548557658
89   -6.690813923   0.0008528864981
90   -6.69082681   0.0008434552042
91   -6.690853288   0.0008345551046
92   -6.690788485   0.0008279739037
93   -6.690886212   0.0008248324168
94   -6.690901911   0.000816161428
95   -6.690788945   0.0008153877447
96   -6.690788394   0.0008068496064
97   -6.690860585   0.0008017449949
98   -6.690836135   0.0007938983212
99   -6.690927481   0.0007911294384
100   -6.690823521   0.0007900479441
