100 0 0 0
100 0.0646330407 0 0
100 0.1292660814 0 0
100 0.1938991221 0 0
100 0.2585321628 0 0
100 0.3231652035 0 0
100 0.3877982442 0 0
100 0.4524312849 0 0
100 0.5170643256 0 0
100 0.5816973663 0 0
100 0.646330407 0 0
100 0.7109634477 0 0
100 0.7755964884 0 0
100 0.8402295291 0.0002394729848 0.0001630147749
100 0.9048625698 0.1662567289 0.005622787826
100 0.9694956105 1.085518959 0.0196099263
100 1.034128651 2.011692956 0.03211626773
100 1.098761692 2.151403635 0.03426843078
100 1.163394733 2.005388251 0.03405737912
100 1.228027773 1.766565738 0.0265867304
100 1.292660814 1.609336154 0.02421551542
100 1.357293855 1.457908597 0.02149282425
100 1.421926895 1.342363334 0.01819478859
100 1.486559936 1.264530611 0.01595018445
100 1.551192977 1.200381672 0.01630098992
100 1.615826018 1.15149009 0.01512023768
100 1.680459058 1.107888762 0.015454146
100 1.745092099 1.087530057 0.01555144716
100 1.80972514 1.072753407 0.0165380975
100 1.87435818 1.057898635 0.01249308418
100 1.938991221 1.063257607 0.01232326685
100 2.003624262 1.073372005 0.01251999194
100 2.068257302 1.080072016 0.01240981648
100 2.132890343 1.063461572 0.01203146208
100 2.197523384 1.051028833 0.01143288141
100 2.262156425 1.048531403 0.01187612158
100 2.326789465 1.046270577 0.01093994434
100 2.391422506 1.031373528 0.009681374404
100 2.456055547 1.030933872 0.01028615656
100 2.520688587 1.027159379 0.01094159733
100 2.585321628 1.023487628 0.009642363467
100 2.649954669 1.021656847 0.009164569739
100 2.714587709 1.002032895 0.008844382173
100 2.77922075 0.9942028322 0.009002384776
100 2.843853791 1.002992883 0.0091224559
100 2.908486832 0.9968504897 0.008475965202
100 2.973119872 1.005980386 0.008866967184
100 3.037752913 1.00564062 0.008587916079
100 3.102385954 1.005986082 0.008727172186
100 3.167018994 0.9997162293 0.008057006057
100 3.231652035 0.9979965046 0.007461492788
100 3.296285076 0.9894385776 0.008122561533
100 3.360918116 1.002898941 0.007596281256
100 3.425551157 0.9970766686 0.007099928963
100 3.490184198 1.003027111 0.007366417607
100 3.554817239 0.9999955031 0.00641596218
100 3.619450279 0.9956642956 0.006530886239
100 3.68408332 0.9914296523 0.006640949058
100 3.748716361 0.9975950418 0.006553930531
100 3.813349401 0.9955682341 0.00682565497
100 3.877982442 0.987962512 0.006182330886
100 3.942615483 0.9821724044 0.005326854074
100 4.007248523 0.9822227492 0.005383354025
100 4.071881564 0.985434693 0.005833705158
100 4.136514605 0.98398204 0.005500013722
100 4.201147646 0.978297041 0.004963465702
100 4.265780686 0.9787748519 0.005360868788
100 4.330413727 0.9774546958 0.005091217858
100 4.395046768 0.9857913438 0.005363693811
100 4.459679808 0.9791339748 0.00484785479
100 4.524312849 0.9791688374 0.005709369496
100 4.58894589 0.9779037721 0.005212150395
100 4.65357893 0.9826030202 0.005219069989
100 4.718211971 0.9876510789 0.005115269808
100 4.782845012 0.989798387 0.004741352427
100 4.847478053 0.9869639559 0.004651752578
100 4.912111093 0.98346753 0.00470563272
100 4.976744134 0.980661401 0.004467729277
100 5.041377175 0.9838736426 0.004643410736
100 5.106010215 0.9848653881 0.005051880639
100 5.170643256 0.9818416152 0.004761190478
100 5.235276297 0.9810607554 0.004408122365
100 5.299909337 0.9779087976 0.004046084146
100 5.364542378 0.9838728048 0.003428788242
100 5.429175419 0.9911420118 0.004088516286
100 5.49380846 0.9945681385 0.004464920506
100 5.5584415 0.998201336 0.003893523299
100 5.623074541 0.9967645162 0.003882420206
100 5.687707582 0.9927778317 0.004047718957
100 5.752340622 0.9903901716 0.004251269235
100 5.816973663 0.9839333083 0.004282135049
100 5.881606704 0.9788504723 0.003872939442
100 5.946239744 0.977894239 0.003755295326
100 6.010872785 0.9818248409 0.004035541166
100 6.075505826 0.9802523617 0.004245046727
100 6.140138867 0.9831877679 0.004210161195
100 6.204771907 0.98493472 0.003920170079
100 6.269404948 0.9877521818 0.003633677273
100 6.334037989 0.9865309897 0.003308762716
100 6.398671029 0.9853796219 0.003239399254
