100 0 0 0
100 0.0256496392 0 0
100 0.0512992784 0 0
100 0.0769489176 0 0
100 0.1025985568 0 0
100 0.128248196 0 0
100 0.1538978352 0 0
100 0.1795474744 0 0
100 0.2051971136 0 0
100 0.2308467528 0 0
100 0.256496392 0 0
100 0.2821460312 0 0
100 0.3077956704 0 0
100 0.3334453096 0 0
100 0.3590949488 0 0
100 0.384744588 0 0
100 0.4103942272 0 0
100 0.4360438664 0 0
100 0.4616935056 0 0
100 0.4873431448 0 0
100 0.512992784 0 0
100 0.5386424232 0 0
100 0.5642920624 0 0
100 0.5899417016 0 0
100 0.6155913408 0 0
100 0.64124098 0 0
100 0.6668906192 0 0
100 0.6925402584 0 0
100 0.7181898976 0 0
100 0.7438395368 0 0
100 0.769489176 0 0
100 0.7951388152 0 0
100 0.8207884544 0 0
100 0.8464380936 1.945229027e-05 1.368520112e-05
100 0.8720877328 0.001416845503 0.0001335780728
100 0.897737372 0.02483594055 0.0006773380204
100 0.9233870112 0.1808960624 0.001869555688
100 0.9490366504 0.5960061287 0.002874271963
100 0.9746862896 1.2456843 0.004474413383
100 1.000335929 1.887850693 0.006289166751
100 1.025985568 2.351645472 0.006698291235
100 1.051635207 2.542109614 0.006879022466
100 1.077284846 2.532081603 0.00705779044
100 1.102934486 2.385378422 0.006554977863
100 1.128584125 2.172980369 0.005424321911
100 1.154233764 1.951074889 0.005833980159
100 1.179883403 1.737263335 0.005567918883
100 1.205533042 1.547084524 0.00583066955
100 1.231182682 1.381645265 0.005270405487
100 1.256832321 1.235489302 0.005000312422
100 1.28248196 1.123207796 0.005013751802
100 1.308131599 1.015510984 0.004245221331
100 1.333781238 0.9298408388 0.003991401611
100 1.359430878 0.8697117402 0.003803315704
100 1.385080517 0.8174395792 0.003658757034
100 1.410730156 0.77712459 0.003146272087
100 1.436379795 0.7422379867 0.003621600866
100 1.462029434 0.7142030174 0.002978432886
100 1.487679074 0.6956279902 0.002674968487
100 1.513328713 0.6801462461 0.002563126892
100 1.538978352 0.6736318826 0.002368558426
100 1.564627991 0.6774149146 0.002796482769
100 1.59027763 0.6817767628 0.002806815251
100 1.61592727 0.6880056801 0.002917644319
100 1.641576909 0.7071949871 0.002930029209
100 1.667226548 0.7288863483 0.002901047542
100 1.692876187 0.756352052 0.002973137529
100 1.718525826 0.7858281514 0.003225748952
100 1.744175466 0.819234489 0.00316291663
100 1.769825105 0.8631648088 0.00320093297
100 1.795474744 0.8989176295 0.003173249753
100 1.821124383 0.9385259709 0.003057553946
100 1.846774022 0.9807443483 0.003099527279
100 1.872423662 1.023007609 0.002976086805
100 1.898073301 1.062334139 0.002714220133
100 1.92372294 1.102081521 0.002759120573
100 1.949372579 1.13047043 0.003091349371
100 1.975022218 1.162049934 0.00318865023
100 2.000671858 1.185407954 0.002944740294
100 2.026321497 1.200979969 0.002830169206
100 2.051971136 1.209970428 0.002559638414
100 2.077620775 1.21313277 0.002561504864
100 2.103270414 1.200749974 0.002466616751
100 2.128920054 1.187386861 0.002663272805
100 2.154569693 1.167234947 0.002914014533
100 2.180219332 1.142308626 0.002445342957
100 2.205868971 1.115152604 0.002779044314
100 2.23151861 1.087764099 0.002628688148
100 2.25716825 1.057737813 0.002582887748
100 2.282817889 1.031240255 0.002567431013
100 2.308467528 1.010439127 0.002592992631
100 2.334117167 0.9849484168 0.002081666632
100 2.359766806 0.9618117888 0.002071704996
100 2.385416446 0.9449788926 0.002306088538
100 2.411066085 0.9266261126 0.002259010412
100 2.436715724 0.9133352504 0.002330270645
100 2.462365363 0.9073229331 0.002300682634
100 2.488015002 0.897895461 0.00232467583
100 2.513664642 0.8960992449 0.002217857653
100 2.539314281 0.8964659194 0.002167325641
