100 0 0 0
100 0.02306642879 0 0
100 0.04613285759 0 0
100 0.06919928638 0 0
100 0.09226571518 0 0
100 0.115332144 0 0
100 0.1383985728 0 0
100 0.1614650016 0 0
100 0.1845314304 0 0
100 0.2075978592 0 0
100 0.2306642879 0 0
100 0.2537307167 0 0
100 0.2767971455 0 0
100 0.2998635743 0 0
100 0.3229300031 0 0
100 0.3459964319 0 0
100 0.3690628607 0 0
100 0.3921292895 0 0
100 0.4151957183 0 0
100 0.4382621471 0 0
100 0.4613285759 0 0
100 0.4843950047 0 0
100 0.5074614335 0 0
100 0.5305278623 0 0
100 0.5535942911 0 0
100 0.5766607199 0 0
100 0.5997271487 0 0
100 0.6227935775 0 0
100 0.6458600063 0 0
100 0.6689264351 0 0
100 0.6919928638 0 0
100 0.7150592926 0 0
100 0.7381257214 0 0
100 0.7611921502 0 0
100 0.784258579 0 0
100 0.8073250078 0 0
100 0.8303914366 0 0
100 0.8534578654 0 0
100 0.8765242942 5.891240059e-05 2.264316128e-05
100 0.899590723 0.002602484557 0.000169720861
100 0.9226571518 0.04377481975 0.0007507000761
100 0.9457235806 0.286856535 0.001778325276
100 0.9687900094 0.9960138986 0.002589447176
100 0.9918564382 2.238618429 0.004779039088
100 1.014922867 3.637274792 0.00612214954
100 1.037989296 4.625933881 0.006321047154
100 1.061055725 4.901305597 0.006884924233
100 1.084122153 4.486611641 0.006447697847
100 1.107188582 3.647888381 0.006368607164
100 1.130255011 2.691041491 0.005855561739
100 1.15332144 1.820463501 0.003865741295
100 1.176387869 1.140491855 0.003214358865
100 1.199454297 0.6579011353 0.002536100779
100 1.222520726 0.3539213444 0.001919898513
100 1.245587155 0.1796726186 0.001430906113
100 1.268653584 0.08703132015 0.001231368151
100 1.291720013 0.04981433164 0.0009527041027
100 1.314786441 0.04364299784 0.0008772547891
100 1.33785287 0.06434121531 0.001070807311
100 1.360919299 0.1111336069 0.001209135528
100 1.383985728 0.1898744763 0.001757480294
100 1.407052156 0.3058758314 0.001870332222
100 1.430118585 0.4538839719 0.001940456179
100 1.453185014 0.6272391429 0.002009770923
100 1.476251443 0.7945617222 0.002348132482
100 1.499317872 0.915395113 0.003185730236
100 1.5223843 0.9606471061 0.003321703638
100 1.545450729 0.9148589274 0.003309110451
100 1.568517158 0.7988906193 0.002393437629
100 1.591583587 0.6374434085 0.001904543086
100 1.614650016 0.4705612554 0.001611780378
100 1.637716444 0.3208376925 0.001412252467
100 1.660782873 0.2235587776 0.001704556635
100 1.683849302 0.1964400999 0.001784479115
100 1.706915731 0.262411208 0.002306306498
100 1.72998216 0.4408935044 0.002275825697
100 1.753048588 0.7563434613 0.002825461629
100 1.776115017 1.200674463 0.002874245041
100 1.799181446 1.728602541 0.002757650415
100 1.822247875 2.230402474 0.003155040348
100 1.845314304 2.58526055 0.004112466442
100 1.868380732 2.69964182 0.004937541831
100 1.891447161 2.548823937 0.004941661422
100 1.91451359 2.175646514 0.003936707304
100 1.937580019 1.690883088 0.002468297529
100 1.960646448 1.205811778 0.002092356853
100 1.983712876 0.8079432554 0.002572103618
100 2.006779305 0.5520291115 0.002485736002
100 2.029845734 0.4422322537 0.002397885493
100 2.052912163 0.4680810502 0.00223919185
100 2.075978592 0.5897979483 0.001847571779
100 2.09904502 0.7611661099 0.001513108857
100 2.122111449 0.912333313 0.00165648172
100 2.145177878 1.001016349 0.002140640401
100 2.168244307 0.9998252123 0.002642943664
100 2.191310736 0.9204172103 0.00225042944
100 2.214377164 0.794325165 0.001536484593
100 2.237443593 0.6659253063 0.001791208827
100 2.260510022 0.5848527049 0.002575972902
100 2.283576451 0.5855739285 0.0027644598
