1 5.10056 0
2 5.09214 0.00841536
3 5.06198 0.0305477
4 5.01351 0.0530661
5 5.04652 0.05272
6 5.03221 0.045363
7 5.03284 0.0383439
8 5.03537 0.0333028
9 5.02025 0.033031
10 5.00293 0.0342459
11 5.01101 0.0320113
12 4.99924 0.0315029
13 5.00434 0.029424
14 5.00091 0.0274565
15 5.0053 0.0259354
16 5.00476 0.0242665
17 4.9996 0.0233704
18 5.0001 0.0220395
19 5.00652 0.0218145
20 5.00941 0.0208963
21 5.00642 0.0201001
22 5.00764 0.0192034
23 5.0017 0.0192879
24 5.00605 0.0189719
25 5.01418 0.0199332
26 5.01391 0.0191532
27 5.01225 0.0185048
28 5.00858 0.018204
29 5.00738 0.0176062
30 5.01116 0.0174233
31 5.00994 0.0168957
32 5.00837 0.0164349
33 5.00737 0.0159604
34 5.00398 0.01585
35 5.00183 0.0155402
36 5.00644 0.0157923
37 5.00491 0.0154366
38 5.00679 0.0151424
39 5.00948 0.0149927
40 5.00705 0.0148133
41 5.00783 0.0144681
42 5.00907 0.0141746
43 5.00751 0.0139293
44 5.00441 0.0139567
45 5.00272 0.0137481
46 5.0053 0.0136924
47 5.0027 0.0136477
48 5.00086 0.0134872
49 5.00031 0.0132203
50 4.99909 0.0130108
51 4.99836 0.0127743
52 4.99487 0.0130019
53 4.9933 0.0128508
54 4.99471 0.0126894
55 4.99553 0.0124834
56 4.99591 0.0122644
57 4.99665 0.0120702
58 4.99618 0.0118697
59 4.99294 0.0121097
60 4.9922 0.011929
61 4.9919 0.0117355
62 4.99372 0.0116861
63 4.99299 0.0115221
64 4.99629 0.0118104
65 4.99535 0.0116647
66 4.99686 0.0115854
67 4.9977 0.011442
68 4.997 0.0112944
69 4.99506 0.0112967
70 4.99643 0.0112181
71 4.99641 0.011059
72 4.99503 0.0109909
73 4.99653 0.0109424
74 4.99888 0.0110472
75 4.99959 0.0109221
76 4.99818 0.0108693
77 4.99628 0.0108944
78 4.99932 0.0111747
79 5.00232 0.0114344
80 5.00144 0.0113253
81 5.00148 0.0111846
82 5.00241 0.0110869
83 5.00355 0.0110114
84 5.00299 0.0108942
85 5.00267 0.01077
86 5.00226 0.010652
87 5.00263 0.0105357
88 5.00357 0.0104571
89 5.00277 0.0103699
90 5.00278 0.0102541
91 5.00205 0.0101668
92 5.00308 0.0101083
93 5.00324 0.0100003
94 5.00183 0.00999331
95 5.0016 0.00989016
96 5.00084 0.00981597
97 5.00079 0.0097144
98 5.00026 0.0096291
99 5.00019 0.00953164
100 5 0.00943772
