1 1.50289 0
2 1.49024 0.0126499
3 1.51108 0.0220884
4 1.50567 0.0165303
5 1.51982 0.0190827
6 1.51201 0.0174257
7 1.49523 0.0223298
8 1.49115 0.0197648
9 1.49194 0.0174491
10 1.48727 0.0162899
11 1.4915 0.0153283
12 1.49044 0.0140327
13 1.48958 0.012937
14 1.48814 0.0120637
15 1.48843 0.0112346
16 1.4882 0.0105115
17 1.48645 0.010028
18 1.48321 0.00999535
19 1.48411 0.00949796
20 1.48367 0.00902159
21 1.48403 0.00858904
22 1.48345 0.00820965
23 1.48222 0.00794083
24 1.48393 0.00779127
25 1.48598 0.00775052
26 1.48717 0.00754112
27 1.48821 0.00732975
28 1.48903 0.00711105
29 1.48786 0.00696123
30 1.4892 0.00685783
31 1.48749 0.0068491
32 1.48716 0.0066398
33 1.48833 0.00654136
34 1.48657 0.00658591
35 1.48694 0.00640565
36 1.4876 0.00626005
37 1.48716 0.00610468
38 1.48825 0.00604114
39 1.48928 0.00597318
40 1.48853 0.00586967
41 1.48879 0.00573068
42 1.48946 0.0056329
43 1.49006 0.00553313
44 1.49087 0.00546525
45 1.49211 0.00548628
46 1.49375 0.00560841
47 1.4932 0.00551482
48 1.49258 0.00543485
49 1.49267 0.00532363
50 1.49225 0.00523308
51 1.49199 0.00513614
52 1.49152 0.00505819
53 1.49032 0.00510421
54 1.49077 0.00502854
55 1.48994 0.00500545
56 1.48959 0.00492749
57 1.49119 0.0050968
58 1.49071 0.00503105
59 1.49005 0.00498882
60 1.48966 0.00492002
61 1.49029 0.00487909
62 1.49167 0.00499524
63 1.49118 0.00494017
64 1.4927 0.00509385
65 1.49227 0.00503282
66 1.49266 0.00497119
67 1.49303 0.00491064
68 1.49234 0.0048871
69 1.49208 0.00482263
70 1.49308 0.004857
71 1.49394 0.00486345
72 1.49415 0.00480038
73 1.49487 0.00478869
74 1.49531 0.00474376
75 1.4948 0.00470753
76 1.49463 0.00464829
77 1.49396 0.00463685
78 1.49535 0.00478493
79 1.49621 0.00480069
80 1.4961 0.00474151
81 1.49677 0.0047295
82 1.49731 0.00470291
83 1.49797 0.0046928
84 1.49747 0.00466346
85 1.49741 0.00460865
86 1.49789 0.00458017
87 1.49895 0.0046484
88 1.49933 0.00461111
89 1.49951 0.00456244
90 1.49965 0.00451369
91 1.49887 0.00453111
92 1.49923 0.00449609
93 1.4993 0.00444801
94 1.49871 0.00443985
95 1.49786 0.00447448
96 1.49715 0.00448422
97 1.49717 0.00443781
98 1.49759 0.00441204
99 1.49723 0.00438248
100 1.49758 0.00435268
