1 1.58579 0
2 1.52289 0.0628981
3 1.54385 0.041929
4 1.52524 0.0350085
5 1.52275 0.0272308
6 1.52412 0.0222756
7 1.51444 0.0211697
8 1.52301 0.0202378
9 1.51288 0.0205194
10 1.50757 0.0191075
11 1.51015 0.0174759
12 1.50826 0.0160656
13 1.50603 0.0149455
14 1.50036 0.0149509
15 1.49612 0.0145525
16 1.49721 0.0136563
17 1.4954 0.0129542
18 1.4945 0.012247
19 1.49352 0.0116259
20 1.49263 0.0110648
21 1.49513 0.0108178
22 1.49726 0.010531
23 1.49543 0.0102266
24 1.49628 0.00982827
25 1.49609 0.00942897
26 1.49741 0.00915482
27 1.49772 0.00881454
28 1.49863 0.00854249
29 1.49975 0.0083185
30 1.49894 0.00807723
31 1.49816 0.00785112
32 1.49981 0.00777952
33 1.50032 0.00755752
34 1.49915 0.00742474
35 1.49917 0.0072095
36 1.49884 0.00701391
37 1.49927 0.00683492
38 1.49714 0.00698373
39 1.49914 0.00708914
40 1.4976 0.00707999
41 1.49789 0.00691126
42 1.4988 0.00680632
43 1.49866 0.00664767
44 1.49908 0.00650844
45 1.50003 0.00643226
46 1.49931 0.00633134
47 1.49937 0.00619548
48 1.49966 0.00607188
49 1.50006 0.00595996
50 1.50001 0.0058398
51 1.50056 0.00575076
52 1.50125 0.00568076
53 1.50196 0.00561862
54 1.50158 0.00552697
55 1.5012 0.00543908
56 1.5022 0.00543484
57 1.50255 0.00534972
58 1.50321 0.00529806
59 1.50412 0.00528702
60 1.50506 0.00528256
61 1.50513 0.00519563
62 1.50543 0.00512009
63 1.50551 0.00503889
64 1.50528 0.00496491
65 1.50496 0.00489859
66 1.50419 0.00488394
67 1.50275 0.00502142
68 1.50348 0.00499984
69 1.50292 0.0049588
70 1.50351 0.00492288
71 1.50224 0.00501635
72 1.50188 0.00495931
73 1.50207 0.00489454
74 1.5008 0.00498987
75 1.50068 0.00492454
76 1.50029 0.00487469
77 1.50011 0.00481433
78 1.50051 0.00476927
79 1.50026 0.00471556
80 1.50064 0.00467206
81 1.50038 0.00462124
82 1.50131 0.00465783
83 1.50091 0.00461858
84 1.50057 0.0045759
85 1.50091 0.00453467
86 1.50083 0.00448241
87 1.50057 0.00443809
88 1.49971 0.00447187
89 1.50023 0.00445247
90 1.50053 0.0044131
91 1.5012 0.00441438
92 1.50095 0.00437305
93 1.50131 0.00434066
94 1.50067 0.00434231
95 1.50041 0.00430411
96 1.50048 0.00425973
97 1.50032 0.00421865
98 1.50062 0.00418609
99 1.50083 0.00414867
100 1.50046 0.00412322
