1 5.13329 0
2 5.0489 0.0843866
3 5.08863 0.0628664
4 5.06725 0.049329
5 5.06548 0.0382508
6 5.05409 0.0332468
7 5.01254 0.0501532
8 5.02073 0.0441983
9 5.01144 0.0400706
10 5.00484 0.0364425
11 5.00184 0.0330996
12 5.00748 0.0307374
13 4.9994 0.0294065
14 4.99503 0.0275734
15 4.99418 0.0256835
16 4.99864 0.0244348
17 4.98953 0.0246953
18 4.98709 0.0234105
19 4.98451 0.0222935
20 4.98877 0.0215744
21 4.99047 0.0205915
22 4.9963 0.0204813
23 4.9922 0.0199965
24 4.99857 0.0201776
25 4.99276 0.0202068
26 4.9924 0.0194174
27 4.99242 0.0186844
28 4.99645 0.0184494
29 4.99799 0.0178688
30 5.00052 0.0174469
31 5.00135 0.0168951
32 5.00522 0.0168101
33 5.00595 0.0163089
34 5.00809 0.0159657
35 5.00866 0.0155135
36 5.00695 0.015173
37 5.00588 0.0147966
38 5.00473 0.0144474
39 5.00899 0.0147041
40 5.00508 0.0148554
41 5.00348 0.0145768
42 5.00471 0.0142786
43 5.00543 0.0139608
44 5.0055 0.0136401
45 5.00584 0.0133376
46 5.00688 0.0130866
47 5.00562 0.0128675
48 5.00409 0.012689
49 5.00535 0.0124908
50 5.00458 0.0122626
51 5.00439 0.0120212
52 5.00477 0.0117937
53 5.00656 0.0117062
54 5.00466 0.0116423
55 5.00444 0.0114309
56 5.00622 0.0113656
57 5.00648 0.0111674
58 5.00807 0.011087
59 5.00769 0.0109041
60 5.0114 0.0113453
61 5.01026 0.0112152
62 5.00835 0.0111971
63 5.00851 0.0110191
64 5.00771 0.0108753
65 5.0081 0.0107141
66 5.00559 0.0108466
67 5.00416 0.0107785
68 5.00516 0.0106658
69 5.00494 0.0105123
70 5.00487 0.0103612
71 5.00516 0.0102182
72 5.00463 0.0100892
73 5.00531 0.00997382
74 5.00294 0.0101212
75 5.00167 0.0100657
76 4.99991 0.010087
77 4.99846 0.0100608
78 4.99891 0.00994124
79 4.99972 0.00984814
80 4.99873 0.00977398
81 4.99649 0.00991049
82 4.99965 0.0102868
83 4.99935 0.0101666
84 4.99873 0.0100639
85 5.00016 0.010048
86 5.00218 0.0101334
87 5.00075 0.0101184
88 4.99783 0.0104186
89 4.99813 0.0103051
90 4.9985 0.0101967
91 4.99995 0.0101874
92 5.00084 0.010116
93 5.00247 0.0101376
94 5.00244 0.0100292
95 5.00195 0.00993538
96 5.00137 0.00984836
97 4.99919 0.00998795
98 4.99973 0.00990067
99 5.00056 0.00983498
100 5.00065 0.00973652
