1   0.04519266977   0
2   0.04685011032   0.001657440555
3   0.04736826399   0.001088203241
4   0.04731965295   0.0007710098441
5   0.04714429055   0.0006224352819
6   0.04797667894   0.0009752713553
7   0.04808075066   0.0008307988881
8   0.04765182128   0.0008376458124
9   0.04782689284   0.0007591957735
10   0.047880612   0.0006811668857
11   0.04758936255   0.0006815079264
12   0.04770881505   0.000633492786
13   0.04780229008   0.0005901781205
14   0.04787321493   0.0005509827087
15   0.0479830019   0.0005245546027
16   0.04824731177   0.0005573352195
17   0.04805143332   0.0005589696623
18   0.04816508555   0.0005391173996
19   0.04823054426   0.0005141380475
20   0.04810296656   0.0005041628786
21   0.04807180845   0.0004805657053
22   0.04814669431   0.0004642805561
23   0.04811281204   0.000444927416
24   0.0480694522   0.0004281866186
25   0.04786961366   0.0004567403225
26   0.04802992039   0.0004671861697
27   0.04796573884   0.0004541085391
28   0.04813166263   0.0004679910879
29   0.04822500595   0.0004611118129
30   0.04817748428   0.0004480038751
31   0.04824137287   0.0004379958388
32   0.04823605564   0.0004241209798
33   0.04811728977   0.0004278810646
34   0.04814293152   0.0004158968183
35   0.04832683885   0.0004437432384
36   0.04833327623   0.0004312889573
37   0.04833489567   0.0004194736985
38   0.0483129461   0.0004088752988
39   0.048228824   0.0004070408525
40   0.04835060352   0.0004150040887
41   0.04834343601   0.0004048189493
42   0.04824180353   0.000407926232
43   0.04819563244   0.0004009936012
44   0.04820590314   0.0003919087297
45   0.04811458249   0.0003938344618
46   0.04821028216   0.0003968882588
47   0.04815255718   0.0003926187358
48   0.04811182008   0.0003865049661
49   0.04821034576   0.0003911470407
50   0.04823395714   0.0003839709163
51   0.04838891682   0.0004070189848
52   0.04844664722   0.0004032685743
53   0.04843429868   0.0003957792521
54   0.04842926034   0.0003884135358
55   0.04856287377   0.0004040193306
56   0.04848833456   0.0004036805827
57   0.04849191363   0.0003965513808
58   0.0485487795   0.0003937819286
59   0.04852583366   0.0003877296803
60   0.04861718847   0.0003920062029
61   0.0486303384   0.0003857505156
62   0.04866191093   0.0003807888828
63   0.04861701711   0.0003773757379
64   0.04859833628   0.0003719019121
65   0.0486123463   0.0003664035875
66   0.04864784694   0.0003625515887
67   0.04864943095   0.0003571028876
68   0.04861693086   0.0003533101574
69   0.04857583479   0.0003505691792
70   0.04862457796   0.0003489459174
71   0.04855451862   0.0003510578492
72   0.04858753961   0.0003477191699
73   0.04857502837   0.0003431509686
74   0.04855749701   0.0003389357364
75   0.04844600013   0.00035248488
76   0.0485228834   0.000356212026
77   0.04849913034   0.0003523569909
78   0.04848822062   0.0003479813182
79   0.04846425135   0.000344383404
80   0.04844983762   0.0003403567045
81   0.04842454832   0.00033707851
82   0.04840648329   0.0003334321533
83   0.04846009997   0.0003337256133
84   0.04841530706   0.0003327573538
85   0.04837204951   0.0003316524089
86   0.04838224705   0.0003279318922
87   0.04842408778   0.0003268299323
88   0.04839866044   0.000324093624
89   0.04840837884   0.0003205787731
90   0.04837958514   0.0003183017955
91   0.04833221919   0.0003183281958
92   0.04827634328   0.0003197687751
93   0.04830181346   0.0003173355176
94   0.04831707594   0.0003143122363
95   0.04834710122   0.000312432175
96   0.04833923284   0.0003092606559
97   0.04833153658   0.0003061525479
98   0.04833151975   0.0003030124392
99   0.04828526094   0.0003034823503
100   0.04834176894   0.0003057002793
