1   1.365615806   0
2   1.3656208   4.993401128e-06
3   1.365627301   7.111679678e-06
4   1.365634096   8.453333002e-06
5   1.365645237   1.292257403e-05
6   1.365654047   1.374559066e-05
7   1.365660539   1.330802871e-05
8   1.365669413   1.454597484e-05
9   1.365677281   1.50488108e-05
10   1.365681968   1.425274842e-05
11   1.365686699   1.373280377e-05
12   1.365692215   1.369620928e-05
13   1.365692811   1.261274957e-05
14   1.365695775   1.204755746e-05
15   1.365701354   1.252676883e-05
16   1.365705179   1.232604923e-05
17   1.36570736   1.178205791e-05
18   1.365709784   1.136961356e-05
19   1.365711673   1.091916359e-05
20   1.365710269   1.045351576e-05
21   1.365707396   1.034999087e-05
22   1.365698879   1.303590859e-05
23   1.365689452   1.562121693e-05
24   1.365679992   1.769683057e-05
25   1.365673275   1.825494347e-05
26   1.365669275   1.798905753e-05
27   1.36566887   1.731472439e-05
28   1.36567027   1.674349436e-05
29   1.365672325   1.628610272e-05
30   1.365672343   1.573388026e-05
31   1.365670985   1.527841352e-05
32   1.365670841   1.479396094e-05
33   1.365670373   1.43462719e-05
34   1.365667698   1.417260362e-05
35   1.36566364   1.43476035e-05
36   1.365660124   1.437985548e-05
37   1.365656999   1.433072389e-05
38   1.36565495   1.40981983e-05
39   1.365654959   1.373195227e-05
40   1.365654732   1.338618677e-05
41   1.365653602   1.310436913e-05
42   1.365653075   1.279941668e-05
43   1.365653142   1.249839091e-05
44   1.365653193   1.221113777e-05
45   1.365653151   1.193676827e-05
46   1.365653617   1.168369485e-05
47   1.3656542   1.144725777e-05
48   1.365654626   1.121431002e-05
49   1.36565494   1.098755496e-05
50   1.365655303   1.077167122e-05
51   1.365655977   1.05798765e-05
52   1.365656093   1.037506584e-05
53   1.365655062   1.022944784e-05
54   1.365654135   1.00809607e-05
55   1.365653412   9.92237912e-06
56   1.365654447   9.798449077e-06
57   1.365653836   9.644423739e-06
58   1.365652819   9.531040172e-06
59   1.365652154   9.391712507e-06
60   1.365652094   9.234046564e-06
61   1.365651889   9.083736538e-06
62   1.365651785   8.936626063e-06
63   1.365651347   8.80455289e-06
64   1.365650182   8.743849604e-06
65   1.365648857   8.709536516e-06
66   1.365647696   8.654803892e-06
67   1.365646956   8.556765915e-06
68   1.365645854   8.501608765e-06
69   1.365645176   8.404933077e-06
70   1.365644381   8.322024127e-06
71   1.36564368   8.233873899e-06
72   1.365643411   8.123164346e-06
73   1.365643458   8.011254278e-06
74   1.365643722   7.906653021e-06
75   1.365643882   7.802163193e-06
76   1.365644244   7.707334237e-06
77   1.365644613   7.615527932e-06
78   1.365644816   7.519987585e-06
79   1.365644814   7.424188025e-06
80   1.365644692   7.331815438e-06
81   1.365643788   7.297005599e-06
82   1.365641983   7.430006432e-06
83   1.365639994   7.604638471e-06
84   1.365637803   7.826357457e-06
85   1.365635357   8.11144392e-06
86   1.365632556   8.491875245e-06
87   1.365630112   8.742150737e-06
88   1.365628569   8.778960267e-06
89   1.365627706   8.722514065e-06
90   1.365627223   8.63861499e-06
91   1.365626256   8.5976172e-06
92   1.36562456   8.671232274e-06
93   1.365621623   9.066232714e-06
94   1.365618308   9.562196641e-06
95   1.365614908   1.005352123e-05
96   1.36561178   1.042835968e-05
97   1.365610287   1.042778582e-05
98   1.365610033   1.032394616e-05
99   1.365610612   1.02355066e-05
100   1.365611639   1.018456724e-05
