1   1.195216248   0
2   1.179873538   0.01534271061
3   1.163520941   0.01859767913
4   1.158044942   0.01424511849
5   1.155736985   0.01127300774
6   1.158628793   0.009647954127
7   1.157283512   0.008264239345
8   1.152093883   0.008840558916
9   1.150765642   0.00790897103
10   1.151810313   0.007150719961
11   1.151324271   0.006486305633
12   1.150815572   0.005942971376
13   1.152551492   0.005735734576
14   1.153500209   0.005394340232
15   1.157844191   0.006639972564
16   1.162417658   0.007713279327
17   1.16376199   0.007369025326
18   1.165057401   0.007067319652
19   1.16734268   0.007064837429
20   1.168274887   0.006766812014
21   1.169172535   0.006498814424
22   1.17024461   0.006288435985
23   1.170536901   0.00601591349
24   1.170462127   0.005760284
25   1.170256912   0.005528880089
26   1.170325375   0.005312417334
27   1.169309053   0.005211927296
28   1.168934201   0.005036308229
29   1.168097055   0.004931120203
30   1.167039938   0.004879792944
31   1.166518329   0.004748491584
32   1.166219055   0.004607437065
33   1.165680078   0.004498043821
34   1.165749573   0.004364296809
35   1.16658964   0.00432023074
36   1.167170738   0.004238532601
37   1.167370488   0.004127222894
38   1.167588307   0.004023044798
39   1.166963856   0.003967976167
40   1.166606148   0.003884011858
41   1.165885523   0.003856029954
42   1.165196819   0.003825602552
43   1.164598647   0.003783164821
44   1.164036103   0.00373874717
45   1.163712579   0.003669011239
46   1.163800851   0.003589449321
47   1.163551912   0.003521058846
48   1.163559589   0.003446931537
49   1.164175781   0.003431628998
50   1.164641291   0.003394367961
51   1.165086788   0.003356839123
52   1.165698743   0.003348053078
53   1.166252927   0.003330702642
54   1.166755605   0.003306870409
55   1.167472868   0.003324486197
56   1.167926615   0.003295963151
57   1.168071185   0.003240849035
58   1.168252095   0.003189616722
59   1.168438521   0.00314062732
60   1.1690445   0.003146738965
61   1.169410575   0.003116299394
62   1.169818215   0.003092607944
63   1.169649397   0.003047802017
64   1.169511143   0.003002986363
65   1.169668264   0.002960597823
66   1.169949825   0.002928959834
67   1.17002479   0.00288588664
68   1.169784329   0.002853280859
69   1.169709658   0.002812616277
70   1.170333014   0.002841365776
71   1.170599137   0.002813674193
72   1.170636541   0.002774572301
73   1.170462471   0.002741831626
74   1.170422221   0.002704825547
75   1.170426867   0.00266852156
76   1.170622259   0.002640414839
77   1.17066658   0.002606275017
78   1.170755347   0.0025741752
79   1.170687346   0.00254229143
80   1.170554828   0.002513806987
81   1.170835704   0.002498416789
82   1.171358171   0.002522461602
83   1.17189131   0.002548279684
84   1.171969966   0.002518988585
85   1.171705024   0.00250323726
86   1.171448886   0.002487182743
87   1.171581868   0.002462022263
88   1.171825181   0.002446015544
89   1.172147578   0.002439771119
90   1.172281525   0.002416225865
91   1.172216097   0.002390421988
92   1.172405334   0.00237185744
93   1.17313958   0.002458422703
94   1.173714086   0.002499061205
95   1.174142459   0.00250944829
96   1.174251159   0.002485548613
97   1.17421447   0.002460064543
98   1.174253332   0.002435142573
99   1.174114498   0.002414414619
100   1.174181306   0.00239108203
