1   1.792824372   0
2   1.769810306   0.02301406592
3   1.745281411   0.0278965187
4   1.737067413   0.02136767773
5   1.733605478   0.01690951161
6   1.737943189   0.01447193119
7   1.735925267   0.01239635902
8   1.728140825   0.01326083837
9   1.726148462   0.01186345654
10   1.727715469   0.01072607994
11   1.726986406   0.009729458449
12   1.726223358   0.008914457064
13   1.728827239   0.008603601863
14   1.730250313   0.008091510348
15   1.736766287   0.009959958847
16   1.743626487   0.01156991899
17   1.745642986   0.01105353799
18   1.747586101   0.01060097948
19   1.75101402   0.01059725614
20   1.75241233   0.01015021802
21   1.753758802   0.009748221636
22   1.755366916   0.009432653977
23   1.755805352   0.009023870235
24   1.75569319   0.008640426
25   1.755385368   0.008293320134
26   1.755488062   0.007968626001
27   1.753963579   0.007817890945
28   1.753401302   0.007554462343
29   1.752145582   0.007396680304
30   1.750559907   0.007319689416
31   1.749777494   0.007122737376
32   1.749328583   0.006911155598
33   1.748520117   0.006747065731
34   1.748624359   0.006546445214
35   1.749884459   0.00648034611
36   1.750756107   0.006357798901
37   1.751055732   0.006190834342
38   1.751382461   0.006034567197
39   1.750445783   0.00595196425
40   1.749909221   0.005826017788
41   1.748828285   0.00578404493
42   1.747795228   0.005738403828
43   1.74689797   0.005674747232
44   1.746054155   0.005608120754
45   1.745568869   0.005503516858
46   1.745701276   0.005384173982
47   1.745327868   0.005281588269
48   1.745339383   0.005170397306
49   1.746263672   0.005147443497
50   1.746961936   0.005091551942
51   1.747630182   0.005035258685
52   1.748548115   0.005022079617
53   1.74937939   0.004996053962
54   1.750133407   0.004960305613
55   1.751209303   0.004986729295
56   1.751889923   0.004943944726
57   1.752106778   0.004861273553
58   1.752378142   0.004784425083
59   1.752657782   0.004710940981
60   1.75356675   0.004720108447
61   1.754115862   0.004674449091
62   1.754727322   0.004638911916
63   1.754474096   0.004571703025
64   1.754266714   0.004504479545
65   1.754502396   0.004440896734
66   1.754924737   0.004393439751
67   1.755037185   0.00432882996
68   1.754676494   0.004279921289
69   1.754564487   0.004218924416
70   1.75549952   0.004262048663
71   1.755898705   0.004220511289
72   1.755954811   0.004161858451
73   1.755693707   0.004112747438
74   1.755633332   0.00405723832
75   1.7556403   0.00400278234
76   1.755933388   0.003960622258
77   1.755999871   0.003909412526
78   1.756133021   0.0038612628
79   1.756031019   0.003813437145
80   1.755832242   0.003770710481
81   1.756253556   0.003747625184
82   1.757037256   0.003783692403
83   1.757836966   0.003822419525
84   1.757954949   0.003778482877
85   1.757557536   0.003754855889
86   1.757173328   0.003730774114
87   1.757372802   0.003693033394
88   1.757737771   0.003669023316
89   1.758221368   0.003659656679
90   1.758422288   0.003624338798
91   1.758324146   0.003585632982
92   1.758608001   0.003557786159
93   1.75970937   0.003687634055
94   1.760571129   0.003748591808
95   1.761213689   0.003764172435
96   1.761376738   0.00372832292
97   1.761321705   0.003690096815
98   1.761379999   0.003652713859
99   1.761171747   0.003621621928
100   1.761271959   0.003586623045
