1   -0.4272085657   0
2   -0.4041895063   0.02301905935
3   -0.3796541105   0.02790360817
4   -0.3714333169   0.02137491805
5   -0.3679602414   0.01691728484
6   -0.3722891426   0.01447534928
7   -0.3702647289   0.01240026751
8   -0.3624714118   0.01326878925
9   -0.3604711817   0.01187169209
10   -0.3620335015   0.0107326838
11   -0.3612997074   0.009735770525
12   -0.3605311425   0.008920671595
13   -0.363134428   0.008608870366
14   -0.3645545381   0.008095791516
15   -0.3710649324   0.009959325403
16   -0.3779213078   0.01156717452
17   -0.3799356251   0.01105060539
18   -0.3818763165   0.01059781732
19   -0.3853023465   0.01059381494
20   -0.3867020606   0.01014717809
21   -0.3880514057   0.009745755161
22   -0.389668037   0.009431792939
23   -0.3901158997   0.009023511423
24   -0.3900131978   0.008639964866
25   -0.3897120931   0.00829263152
26   -0.3898187866   0.00796801701
27   -0.388294709   0.007817237158
28   -0.3877310325   0.007553938405
29   -0.3864732563   0.007396531418
30   -0.3848875633   0.007319552864
31   -0.384106509   0.007122456969
32   -0.3836577424   0.006910875317
33   -0.3828497444   0.006746740029
34   -0.3829566609   0.006546172415
35   -0.3842208191   0.006480876643
36   -0.3850959832   0.006358792586
37   -0.3853987327   0.00619195168
38   -0.3857275108   0.006035764407
39   -0.3847908239   0.005953117338
40   -0.3842544896   0.005827115948
41   -0.3831746826   0.00578488619
42   -0.382142153   0.005739116532
43   -0.3812448279   0.005675445003
44   -0.3804009623   0.005608802322
45   -0.3799157182   0.005504176825
46   -0.3800476588   0.005384807803
47   -0.3796736677   0.005282248151
48   -0.3796847574   0.005171042362
49   -0.3806087319   0.005148008587
50   -0.3813066338   0.005092050653
51   -0.3819742051   0.005035653726
52   -0.3828920225   0.005022439347
53   -0.3837243278   0.004996573445
54   -0.384479272   0.004960950483
55   -0.385555891   0.004987503531
56   -0.386235476   0.00494455535
57   -0.386452942   0.004861900089
58   -0.386725323   0.004785097484
59   -0.387005628   0.004711640267
60   -0.387914656   0.004720794503
61   -0.3884639732   0.004675143301
62   -0.389075537   0.004639602549
63   -0.388822749   0.004572357306
64   -0.3886165326   0.00450506936
65   -0.3888535385   0.004441547052
66   -0.3892770409   0.004394188931
67   -0.3893902291   0.004329586925
68   -0.3890306397   0.004280571742
69   -0.3889193113   0.004219547187
70   -0.3898551395   0.004262821914
71   -0.3902550254   0.004221336508
72   -0.3903114003   0.004162675688
73   -0.3900502488   0.004113554772
74   -0.3899896103   0.004058038513
75   -0.3899964177   0.004003571515
76   -0.3902891439   0.003961372064
77   -0.3903552574   0.003910146165
78   -0.3904882047   0.003861979564
79   -0.3903862047   0.00381414448
80   -0.3901875499   0.003771401514
81   -0.3906097679   0.003748405078
82   -0.3913952737   0.003784820191
83   -0.3921969716   0.003823925481
84   -0.392317146   0.003780039077
85   -0.3919221786   0.003756127004
86   -0.3915407726   0.003731736348
87   -0.3917426897   0.003694115873
88   -0.3921092019   0.003670241913
89   -0.3925936611   0.00366096499
90   -0.3927950651   0.003625657348
91   -0.3926978897   0.003586910169
92   -0.3929834407   0.003559181071
93   -0.3940877465   0.003689828727
94   -0.3949528202   0.003751467881
95   -0.395598781   0.003767557855
96   -0.3957649581   0.00373180766
97   -0.3957114176   0.003693523109
98   -0.3957699654   0.003656108632
99   -0.3955611352   0.003625009975
100   -0.3956603197   0.003589947205
