1   0.9137575473   0
2   0.9015878889   0.01216965837
3   0.9078263004   0.009395990572
4   0.9122072305   0.007958320702
5   0.9097722596   0.006627971355
6   0.9084839217   0.005562956428
7   0.9082878781   0.00470564179
8   0.9113997348   0.005127470197
9   0.9109520479   0.004544110555
10   0.9114981621   0.004100901526
11   0.9111282681   0.003727801909
12   0.9114826592   0.003421405505
13   0.9123116228   0.003254576894
14   0.9120517967   0.00302433444
15   0.9128126783   0.002916503567
16   0.9137980674   0.002900644018
17   0.9144878495   0.002810637614
18   0.9161684349   0.00313788279
19   0.9171978037   0.003141568867
20   0.9181124992   0.003117559514
21   0.9181981777   0.002966628085
22   0.9184224778   0.002837448243
23   0.918959647   0.002763976571
24   0.9189726478   0.00264633803
25   0.9189080302   0.002539100628
26   0.9198888131   0.002629266337
27   0.9195764472   0.00254922278
28   0.9198294085   0.002469482743
29   0.9198574047   0.002382971525
30   0.919944569   0.002303818715
31   0.9199362577   0.002228278526
32   0.9202202087   0.002176126556
33   0.9194339445   0.002250941257
34   0.9193442098   0.002185576706
35   0.91984608   0.002180748131
36   0.9191109696   0.002243177705
37   0.9184854232   0.002269617333
38   0.918522625   0.002209396519
39   0.9192143819   0.002260449217
40   0.9200126789   0.002343379436
41   0.9199744936   0.002285828252
42   0.9195092622   0.002278736719
43   0.9182631558   0.00255027527
44   0.9186389926   0.00251982643
45   0.9191379139   0.002513214403
46   0.9189158004   0.002467987366
47   0.9185427628   0.002443548416
48   0.9183923272   0.002396825196
49   0.9184771594   0.002348933177
50   0.9187851836   0.002321996231
51   0.9192539907   0.002323791882
52   0.9193159183   0.002279506765
53   0.9188428905   0.002285568905
54   0.9190062194   0.002248783348
55   0.9187310977   0.002224595834
56   0.9187265069   0.002184514567
57   0.9186104589   0.0021489832
58   0.9184245755   0.002119772542
59   0.918538845   0.002086665595
60   0.9184991367   0.002051977326
61   0.9183261026   0.002025462645
62   0.9181342744   0.002001738815
63   0.9179482172   0.001978476832
64   0.9184876656   0.0020206561
65   0.9185203612   0.001989594868
66   0.9185623626   0.001959667748
67   0.9184191859   0.001935500325
68   0.9183599607   0.001907744195
69   0.918378348   0.001879982341
70   0.918313216   0.001854075193
71   0.9180577328   0.001845544047
72   0.9177576008   0.001844315595
73   0.9177779986   0.001818989913
74   0.918003299   0.001808330606
75   0.9181513368   0.001790188031
76   0.9181618525   0.001766507184
77   0.9183518287   0.001753734702
78   0.9185865726   0.001746948465
79   0.9187543645   0.001732836273
80   0.9185518157   0.001722985636
81   0.9186607441   0.001705064272
82   0.9187853153   0.001688743245
83   0.9188925563   0.001671716189
84   0.9189960287   0.001654932814
85   0.9190736755   0.001637189433
86   0.9189311584   0.001624304693
87   0.9188913168   0.001606020238
88   0.9189805931   0.001590173195
89   0.9188994653   0.001574296321
90   0.9188116193   0.001559182499
91   0.9190566935   0.001561307703
92   0.9188433751   0.001558907761
93   0.9186018283   0.001560857468
94   0.9186153718   0.001544222717
95   0.9187399737   0.001532953628
96   0.9186871827   0.001517819647
97   0.918644118   0.001502707725
98   0.9185648953   0.001489403388
99   0.9186363375   0.001476012143
100   0.9186408041   0.001461184301
