1   1.127018567   0
2   1.109029783   0.01798878408
3   1.11774457   0.01355776418
4   1.123319368   0.01108985344
5   1.119809984   0.009279368829
6   1.118040271   0.007780510268
7   1.117720228   0.00658351506
8   1.122264382   0.007290839224
9   1.121718047   0.006453084457
10   1.1223058   0.005801662984
11   1.122083825   0.005252494156
12   1.122591869   0.004821689264
13   1.123738111   0.004581030242
14   1.123401927   0.004254512995
15   1.124548632   0.0041233921
16   1.125911227   0.004090688437
17   1.126800129   0.003944008657
18   1.129134865   0.004390653788
19   1.130521699   0.004378573105
20   1.13179637   0.004345054532
21   1.13183978   0.004133199217
22   1.132143018   0.003952500297
23   1.13291002   0.003853841279
24   1.132959202   0.003690099884
25   1.132858737   0.003540845006
26   1.134238429   0.003671063076
27   1.133792985   0.003560456503
28   1.134120021   0.003446492967
29   1.134110018   0.003325540525
30   1.134224549   0.003214818173
31   1.134171673   0.003109835049
32   1.134554039   0.003035265375
33   1.133426701   0.003150455936
34   1.133297987   0.003059100274
35   1.133952634   0.003041695081
36   1.132956579   0.003119301319
37   1.132149578   0.00313932208
38   1.132116487   0.003055770911
39   1.133007674   0.003106942676
40   1.134128748   0.003229124397
41   1.134096691   0.003149543773
42   1.133454101   0.003140093081
43   1.131700256   0.003532356573
44   1.132214522   0.003489248058
45   1.13287985   0.003475112613
46   1.132548722   0.003414819445
47   1.132039699   0.003379923627
48   1.131842837   0.003314610588
49   1.131937837   0.003247650542
50   1.132369763   0.003211215358
51   1.133025662   0.003215232424
52   1.133130456   0.003154535902
53   1.132477487   0.003162586249
54   1.132713507   0.003112429018
55   1.132366036   0.003075010253
56   1.132351474   0.003019635238
57   1.132192997   0.002970416648
58   1.131955056   0.002928435869
59   1.132117806   0.002882970864
60   1.132073833   0.002834855179
61   1.131836422   0.002798084927
62   1.13156731   0.002765708391
63   1.131301576   0.002734397158
64   1.132018023   0.00278506208
65   1.132065653   0.002742293871
66   1.132133807   0.002701284227
67   1.131946411   0.002667252258
68   1.131854358   0.002629347097
69   1.131886597   0.002591160967
70   1.131817165   0.002554819782
71   1.131475181   0.00254169129
72   1.131064727   0.002539530921
73   1.13107577   0.002504525575
74   1.131398082   0.002491385661
75   1.1316026   0.0024664367
76   1.131609367   0.00243377663
77   1.13187027   0.002416089358
78   1.132186073   0.00240573065
79   1.13242198   0.002386770201
80   1.13215759   0.002371530543
81   1.132310273   0.002347040945
82   1.132494806   0.002325574641
83   1.132642376   0.002302119474
84   1.132787378   0.002279165381
85   1.132894603   0.00225474309
86   1.132688007   0.002237927414
87   1.132631237   0.002212782888
88   1.132743872   0.002190391009
89   1.132633383   0.00216845674
90   1.13251643   0.002147414558
91   1.132843884   0.002148782474
92   1.132569944   0.002142879786
93   1.132219811   0.002148435599
94   1.132237542   0.002125530975
95   1.132415849   0.002110583366
96   1.132358432   0.002089271528
97   1.132300625   0.002068428397
98   1.132206204   0.002049389439
99   1.132300102   0.00203075488
100   1.132317772   0.002010422422
1   1.127018567   0
2   1.109029783   0.01798878408
3   1.11774457   0.01355776418
4   1.123319368   0.01108985344
5   1.119809984   0.009279368829
6   1.118040271   0.007780510268
7   1.117720228   0.00658351506
8   1.122264382   0.007290839224
9   1.121718047   0.006453084457
10   1.1223058   0.005801662984
11   1.122083825   0.005252494156
12   1.122591869   0.004821689264
13   1.123738111   0.004581030242
14   1.123401927   0.004254512995
15   1.124548632   0.0041233921
16   1.125911227   0.004090688437
17   1.126800129   0.003944008657
18   1.129134865   0.004390653788
19   1.130521699   0.004378573105
20   1.13179637   0.004345054532
21   1.13183978   0.004133199217
22   1.132143018   0.003952500297
23   1.13291002   0.003853841279
24   1.132959202   0.003690099884
25   1.132858737   0.003540845006
26   1.134238429   0.003671063076
27   1.133792985   0.003560456503
28   1.134120021   0.003446492967
29   1.134110018   0.003325540525
30   1.134224549   0.003214818173
31   1.134171673   0.003109835049
32   1.134554039   0.003035265375
33   1.133426701   0.003150455936
34   1.133297987   0.003059100274
35   1.133952634   0.003041695081
36   1.132956579   0.003119301319
37   1.132149578   0.00313932208
38   1.132116487   0.003055770911
39   1.133007674   0.003106942676
40   1.134128748   0.003229124397
41   1.134096691   0.003149543773
42   1.133454101   0.003140093081
43   1.131700256   0.003532356573
44   1.132214522   0.003489248058
45   1.13287985   0.003475112613
46   1.132548722   0.003414819445
47   1.132039699   0.003379923627
48   1.131842837   0.003314610588
49   1.131937837   0.003247650542
50   1.132369763   0.003211215358
51   1.133025662   0.003215232424
52   1.133130456   0.003154535902
53   1.132477487   0.003162586249
54   1.132713507   0.003112429018
55   1.132366036   0.003075010253
56   1.132351474   0.003019635238
57   1.132192997   0.002970416648
58   1.131955056   0.002928435869
59   1.132117806   0.002882970864
60   1.132073833   0.002834855179
61   1.131836422   0.002798084927
62   1.13156731   0.002765708391
63   1.131301576   0.002734397158
64   1.132018023   0.00278506208
65   1.132065653   0.002742293871
66   1.132133807   0.002701284227
67   1.131946411   0.002667252258
68   1.131854358   0.002629347097
69   1.131886597   0.002591160967
70   1.131817165   0.002554819782
71   1.131475181   0.00254169129
72   1.131064727   0.002539530921
73   1.13107577   0.002504525575
74   1.131398082   0.002491385661
75   1.1316026   0.0024664367
76   1.131609367   0.00243377663
77   1.13187027   0.002416089358
78   1.132186073   0.00240573065
79   1.13242198   0.002386770201
80   1.13215759   0.002371530543
81   1.132310273   0.002347040945
82   1.132494806   0.002325574641
83   1.132642376   0.002302119474
84   1.132787378   0.002279165381
85   1.132894603   0.00225474309
86   1.132688007   0.002237927414
87   1.132631237   0.002212782888
88   1.132743872   0.002190391009
89   1.132633383   0.00216845674
90   1.13251643   0.002147414558
91   1.132843884   0.002148782474
92   1.132569944   0.002142879786
93   1.132219811   0.002148435599
94   1.132237542   0.002125530975
95   1.132415849   0.002110583366
96   1.132358432   0.002089271528
97   1.132300625   0.002068428397
98   1.132206204   0.002049389439
99   1.132300102   0.00203075488
100   1.132317772   0.002010422422
