1   -4.988411784   0
2   -4.961038129   0.02737365466
3   -4.974380829   0.02068332557
4   -4.982403632   0.01668128738
5   -4.976723864   0.01411449511
6   -4.974288347   0.01177898098
7   -4.973610036   0.00997813829
8   -4.980611976   0.01112203222
9   -4.979638315   0.009856917157
10   -4.980637252   0.008872706898
11   -4.980449358   0.00802786452
12   -4.981357409   0.007384447446
13   -4.982994032   0.006987085064
14   -4.982694049   0.006475735754
15   -4.984318858   0.006243701161
16   -4.986404033   0.006201514627
17   -4.987827594   0.005996727959
18   -4.991431854   0.006704908912
19   -4.99363007   0.006712359109
20   -4.995720806   0.006702340407
21   -4.995818694   0.006375948832
22   -4.996266163   0.006095674729
23   -4.997406523   0.005935200514
24   -4.997513709   0.005683532656
25   -4.997348169   0.005453965835
26   -4.999531271   0.005676578495
27   -4.998808351   0.005509920796
28   -4.999240389   0.005327041207
29   -4.999192062   0.005140296075
30   -4.99930856   0.004967364092
31   -4.999158767   0.004806789709
32   -4.999720251   0.004687900894
33   -4.997994413   0.004860352727
34   -4.997821222   0.004718414341
35   -4.998783031   0.00468148633
36   -4.997209203   0.004814112001
37   -4.99598553   0.004839453697
38   -4.995937327   0.004710624966
39   -4.997288954   0.004783192992
40   -4.999028686   0.004976108365
41   -4.998932357   0.004854178414
42   -4.997905451   0.004847219321
43   -4.995263417   0.005420614668
44   -4.996019811   0.0053497292
45   -4.997054955   0.005330960733
46   -4.996510618   0.005242120736
47   -4.995756859   0.005184460288
48   -4.995492174   0.005082198699
49   -4.995635897   0.004979474422
50   -4.996317196   0.004926208079
51   -4.997328111   0.004933336519
52   -4.997472102   0.004839676955
53   -4.996452366   0.004855766418
54   -4.996879604   0.004784111462
55   -4.996433243   0.00471748659
56   -4.99637378   0.004632861486
57   -4.996152393   0.004556239204
58   -4.995788151   0.004491786929
59   -4.996060653   0.004423400308
60   -4.995994497   0.00434955529
61   -4.995645526   0.004291867819
62   -4.995268872   0.004238844153
63   -4.994862015   0.004190814515
64   -4.995942725   0.00426403799
65   -4.996018165   0.004198602664
66   -4.996105878   0.004135428407
67   -4.995802523   0.004084518576
68   -4.995634317   0.004027517878
69   -4.995669122   0.003968871458
70   -4.995596644   0.00391243381
71   -4.995103722   0.003888305923
72   -4.99453538   0.003875818102
73   -4.994573386   0.003822544926
74   -4.995101204   0.003807299215
75   -4.995400197   0.003768073327
76   -4.995399995   0.003718162873
77   -4.995797779   0.003691054487
78   -4.996288809   0.0036763655
79   -4.996637095   0.003646203276
80   -4.996232585   0.003622990028
81   -4.996481259   0.003586613352
82   -4.996767915   0.003554182857
83   -4.997010604   0.003519477636
84   -4.997250844   0.0034856156
85   -4.997398683   0.003447535572
86   -4.997084793   0.003421640166
87   -4.996987549   0.003383480022
88   -4.997123967   0.003347591139
89   -4.99694085   0.003314825718
90   -4.996788178   0.003281341072
91   -4.997321433   0.003288604339
92   -4.99690609   0.003279073157
93   -4.996368797   0.003287821872
94   -4.996417226   0.003253017506
95   -4.996698893   0.003230894283
96   -4.996616858   0.00319811433
97   -4.996532075   0.003166107733
98   -4.996382753   0.00313718964
99   -4.996517146   0.003108245953
100   -4.996526788   0.003077021614
1   -4.988411784   0
2   -4.961038129   0.02737365466
3   -4.974380829   0.02068332557
4   -4.982403632   0.01668128738
5   -4.976723864   0.01411449511
6   -4.974288347   0.01177898098
7   -4.973610036   0.00997813829
8   -4.980611976   0.01112203222
9   -4.979638315   0.009856917157
10   -4.980637252   0.008872706898
11   -4.980449358   0.00802786452
12   -4.981357409   0.007384447446
13   -4.982994032   0.006987085064
14   -4.982694049   0.006475735754
15   -4.984318858   0.006243701161
16   -4.986404033   0.006201514627
17   -4.987827594   0.005996727959
18   -4.991431854   0.006704908912
19   -4.99363007   0.006712359109
20   -4.995720806   0.006702340407
21   -4.995818694   0.006375948832
22   -4.996266163   0.006095674729
23   -4.997406523   0.005935200514
24   -4.997513709   0.005683532656
25   -4.997348169   0.005453965835
26   -4.999531271   0.005676578495
27   -4.998808351   0.005509920796
28   -4.999240389   0.005327041207
29   -4.999192062   0.005140296075
30   -4.99930856   0.004967364092
31   -4.999158767   0.004806789709
32   -4.999720251   0.004687900894
33   -4.997994413   0.004860352727
34   -4.997821222   0.004718414341
35   -4.998783031   0.00468148633
36   -4.997209203   0.004814112001
37   -4.99598553   0.004839453697
38   -4.995937327   0.004710624966
39   -4.997288954   0.004783192992
40   -4.999028686   0.004976108365
41   -4.998932357   0.004854178414
42   -4.997905451   0.004847219321
43   -4.995263417   0.005420614668
44   -4.996019811   0.0053497292
45   -4.997054955   0.005330960733
46   -4.996510618   0.005242120736
47   -4.995756859   0.005184460288
48   -4.995492174   0.005082198699
49   -4.995635897   0.004979474422
50   -4.996317196   0.004926208079
51   -4.997328111   0.004933336519
52   -4.997472102   0.004839676955
53   -4.996452366   0.004855766418
54   -4.996879604   0.004784111462
55   -4.996433243   0.00471748659
56   -4.99637378   0.004632861486
57   -4.996152393   0.004556239204
58   -4.995788151   0.004491786929
59   -4.996060653   0.004423400308
60   -4.995994497   0.00434955529
61   -4.995645526   0.004291867819
62   -4.995268872   0.004238844153
63   -4.994862015   0.004190814515
64   -4.995942725   0.00426403799
65   -4.996018165   0.004198602664
66   -4.996105878   0.004135428407
67   -4.995802523   0.004084518576
68   -4.995634317   0.004027517878
69   -4.995669122   0.003968871458
70   -4.995596644   0.00391243381
71   -4.995103722   0.003888305923
72   -4.99453538   0.003875818102
73   -4.994573386   0.003822544926
74   -4.995101204   0.003807299215
75   -4.995400197   0.003768073327
76   -4.995399995   0.003718162873
77   -4.995797779   0.003691054487
78   -4.996288809   0.0036763655
79   -4.996637095   0.003646203276
80   -4.996232585   0.003622990028
81   -4.996481259   0.003586613352
82   -4.996767915   0.003554182857
83   -4.997010604   0.003519477636
84   -4.997250844   0.0034856156
85   -4.997398683   0.003447535572
86   -4.997084793   0.003421640166
87   -4.996987549   0.003383480022
88   -4.997123967   0.003347591139
89   -4.99694085   0.003314825718
90   -4.996788178   0.003281341072
91   -4.997321433   0.003288604339
92   -4.99690609   0.003279073157
93   -4.996368797   0.003287821872
94   -4.996417226   0.003253017506
95   -4.996698893   0.003230894283
96   -4.996616858   0.00319811433
97   -4.996532075   0.003166107733
98   -4.996382753   0.00313718964
99   -4.996517146   0.003108245953
100   -4.996526788   0.003077021614
